15/12/2018 04:33:17 | SUCCESS | login-(Biocine) | By-Biocine_ott503 | 
15/12/2018 08:01:24 | SUCCESS | login-(Biocine) | By-Biocine_ott503 | 
15/12/2018 08:02:25 | SUCCESS | login-(Biocine) | By-Biocine_ott503 | 
15/12/2018 08:48:02 | SUCCESS | login-(Biocine) | By-Biocine_ott503 | 
15/12/2018 09:33:09 | SUCCESS | login-(Biocine) | By-Biocine_ott503 | 
15/12/2018 09:41:11 | SUCCESS | login-(Biocine) | By-Biocine_ott503 | 
15/12/2018 09:47:11 | SUCCESS | login-(Biocine) | By-Biocine_ott503 | 
15/12/2018 10:11:00 | SUCCESS | login-(Biocine) | By-Biocine_ott503 | 
15/12/2018 10:14:42 | SUCCESS | login-(Biocine) | By-Biocine_ott503 | 
15/12/2018 15:48:12 | SUCCESS | Create New Category(MISHMI) | By-Biocine_ott503 | insert into categories(category_id,parent_id,dept,partner_id,cat_name,fullname,fullids,entry_count,direct_sub_categories_count,description,tags,created_at,updated_at,duser_id,priority,direct_entries_count) 
Select '549','295','2','110','MISHMI','ORIGINALS>WEB SERIES>MISHMI','294>295>549','0','0','A series of an Celebrity Life','Web series,jeeoguru,mishmi,biocine,short film',NOW(),Now(),'104',ifnull(max(priority),0)+1,'0' from categories
15/12/2018 15:50:31 | SUCCESS | Updtate MetaData(0_y7xfbpcp) | By-Biocine_ott503 | update entry set name='MISHMI | TRAILER',thumbnail='http://ott.planetcast.in/p/110/sp/11000/thumbnail/entry_id/0_y7xfbpcp/version/100012',longdescription='we are presenting trailer of Bengali Web Series \'MISHMI\'. Starring with Shaan, Sumedha, Soupayan, Pulakita, and others. Directed By Soumyajit Ganguly.\r\n-------------------------------------------------------------------\r\nMISHMI\r\n\r\nStory , Script & Direction\r\nSoumyajit Ganguly \r\n\r\nDOP\r\nChayan Karmakar \r\n\r\nStarring\r\nShaan\r\nSumedha\r\nSoupayan\r\nPulakita\r\nSudip & others \r\n\r\nCreative Producer\r\nRakes Gupta \r\n\r\nExecutive Producer\r\nRupak Majumdar \r\n\r\nProduction Controller\r\nKousick Mondal\r\n\r\nProduced by\r\nColumbaas Digiplex \r\n\r\nLocation Courtesy\r\nGovt of Thailand\r\nLocal authority of Phi Phi Island\r\n\r\nStreaming only on Jeeoguru apps..\r\n© 2018 BY COLUMBAAS DIGIPLEX',
        duration='125',type='1',tag='mishmi, trailer, web series, bengali, latest hit',category='ORIGINALS>WEB SERIES>MISHMI',categoryid='549',
        updated_at='2018-12-15 15:55:56',shortdescription='',
        director='',producer='',cast='',crew='',sub_genre='Drama',
        language='Bengali',pgrating='',video_status='active',custom_data=''
        where entryid='0_y7xfbpcp'
15/12/2018 15:53:47 | SUCCESS | Update Category(Trailers) | By-Biocine_ott503 | update categories set cat_name='Trailers',description='',tags='',fullname='ORIGINALS>SHORT FILMS>Trailers' where category_id='537'
15/12/2018 15:55:29 | SUCCESS | Create New Category(Full Movies) | By-Biocine_ott503 | insert into categories(category_id,parent_id,dept,partner_id,cat_name,fullname,fullids,entry_count,direct_sub_categories_count,description,tags,created_at,updated_at,duser_id,priority,direct_entries_count) 
Select '550','297','2','110','Full Movies','ORIGINALS>SHORT FILMS>Full Movies','294>297>550','0','0','','',NOW(),Now(),'104',ifnull(max(priority),0)+1,'0' from categories
15/12/2018 15:56:10 | SUCCESS | Updtate MetaData(0_1h3pdjlh) | By-Biocine_ott503 | update entry set name='DEVDAS 2.5 | TRAILER',thumbnail='http://ott.planetcast.in/p/110/sp/11000/thumbnail/entry_id/0_1h3pdjlh/version/100012',longdescription='Here we present trailer of  Short Film Devdas 2.5 .A quirky adaptation of Sharat Chandra Chattopadhyay\'s evergreen classic. The flick mainly deals with the story of DEV and PARO being trapped in todays materialistic world and how their lives get affected with modern day vices.\r\nFilm: DEV DAS 2.5\r\nCast:Soupayan Jana, Sreyashi Ghosh,Siddhartha Banerjee\r\nArundhati Mukherjee, Tia\r\nDOP: Amlan Saha\r\nEdit: Anirban Maity\r\nProduction Design: Sugriv Gayen\r\nColorist: Smriti \r\nGraphics: Ram krishna \r\nHair: Pratima\r\nMake Up: Tapan\r\nAsst. Editor & Sound Engineer: Milan Duary \r\nAsst. DOP: Debasis\r\nLight: Debesh\r\nCamera Caretker: Debesh\r\nProduction Controller: Ranjit Panji\r\nProduction Manager: Bapi Kanjilal\r\nProduction Asst: Swapan\r\nAssociate Director: Bratin Burman\r\nExecutive Producer: Satarupa Majumder\r\nCreative Director: Sabyasachi Mandal\r\nIn Association with : Telecine\r\nProducer: Drishti & Biocine Media Entertainment Pvt. Ltd\r\nStory, Screenplay & Direction: Joydip Banerjee',
        duration='89',type='1',tag='short film, devdas, devdas 2.5, trailer, best short film, indian short film, award winning short film, jeeguru',category='ORIGINALS>SHORT FILMS>Trailers',categoryid='537',
        updated_at='2018-12-15 16:01:35',shortdescription='',
        director='',producer='',cast='',crew='',sub_genre='Drama',
        language='Bengali',pgrating='',video_status='active',custom_data=''
        where entryid='0_1h3pdjlh'
15/12/2018 15:56:23 | SUCCESS | Updtate MetaData(0_m3egpds5) | By-Biocine_ott503 | update entry set name='DEVDAS 2.5 Full Movie',thumbnail='http://ott.planetcast.in/p/110/sp/11000/thumbnail/entry_id/0_m3egpds5/version/100012',longdescription='Here we present Short Film Devdas 2.5 .A quirky adaptation of Sharat Chandra Chattopadhyay\'s evergreen classic. The flick mainly deals with the story of DEV and PARO being trapped in todays materialistic world and how their lives get affected with modern day vices.\r\nFilm: DEV DAS 2.5\r\nCast:Soupayan Jana, Sreyashi Ghosh,Siddhartha Banerjee\r\nArundhati Mukherjee, Tia\r\nDOP: Amlan Saha\r\nEdit: Anirban Maity\r\nProduction Design: Sugriv Gayen\r\nColorist: Smriti \r\nGraphics: Ram krishna \r\nHair: Pratima\r\nMake Up: Tapan\r\nAsst. Editor & Sound Engineer: Milan Duary \r\nAsst. DOP: Debasis\r\nLight: Debesh\r\nCamera Caretker: Debesh\r\nProduction Controller: Ranjit Panji\r\nProduction Manager: Bapi Kanjilal\r\nProduction Asst: Swapan\r\nAssociate Director: Bratin Burman\r\nExecutive Producer: Satarupa Majumder\r\nCreative Director: Sabyasachi Mandal\r\nIn Association with : Telecine\r\nProducer: Drishti & Biocine Media Entertainment Pvt. Ltd\r\nStory, Screenplay & Direction: Joydip Banerjee',
        duration='1040',type='1',tag='short film, bengali, indian short film, best short film, award winning short film, jeeoguru, devdas 2.5',category='ORIGINALS>SHORT FILMS>Full Movies',categoryid='550',
        updated_at='2018-12-15 16:01:48',shortdescription='',
        director='',producer='',cast='',crew='',sub_genre='DRAMA',
        language='BENGALI',pgrating='',video_status='active',custom_data=''
        where entryid='0_m3egpds5'
15/12/2018 15:56:43 | SUCCESS | Updtate MetaData(0_m3egpds5) | By-Biocine_ott503 | update entry set name='DEVDAS 2.5 | Full Movie',thumbnail='http://ott.planetcast.in/p/110/sp/11000/thumbnail/entry_id/0_m3egpds5/version/100012',longdescription='Here we present Short Film Devdas 2.5 .A quirky adaptation of Sharat Chandra Chattopadhyay\'s evergreen classic. The flick mainly deals with the story of DEV and PARO being trapped in todays materialistic world and how their lives get affected with modern day vices.\r\nFilm: DEV DAS 2.5\r\nCast:Soupayan Jana, Sreyashi Ghosh,Siddhartha Banerjee\r\nArundhati Mukherjee, Tia\r\nDOP: Amlan Saha\r\nEdit: Anirban Maity\r\nProduction Design: Sugriv Gayen\r\nColorist: Smriti \r\nGraphics: Ram krishna \r\nHair: Pratima\r\nMake Up: Tapan\r\nAsst. Editor & Sound Engineer: Milan Duary \r\nAsst. DOP: Debasis\r\nLight: Debesh\r\nCamera Caretker: Debesh\r\nProduction Controller: Ranjit Panji\r\nProduction Manager: Bapi Kanjilal\r\nProduction Asst: Swapan\r\nAssociate Director: Bratin Burman\r\nExecutive Producer: Satarupa Majumder\r\nCreative Director: Sabyasachi Mandal\r\nIn Association with : Telecine\r\nProducer: Drishti & Biocine Media Entertainment Pvt. Ltd\r\nStory, Screenplay & Direction: Joydip Banerjee',
        duration='1040',type='1',tag='short film, bengali, indian short film, best short film, award winning short film, jeeoguru, devdas 2.5',category='ORIGINALS>SHORT FILMS>Full Movies',categoryid='550',
        updated_at='2018-12-15 16:02:08',shortdescription='',
        director='',producer='',cast='',crew='',sub_genre='DRAMA',
        language='BENGALI',pgrating='',video_status='active',custom_data=''
        where entryid='0_m3egpds5'
