08/11/2018 12:05:15 | SUCCESS | login-(Biocine) | By-Biocine_ott503 | 
08/11/2018 19:57:03 | SUCCESS | Save New video(0_fvfploes) | By-Biocine_ott503 | 
08/11/2018 19:57:25 | SUCCESS | Delete Video entry(0_hnyhtgkl) | By-Biocine_ott503 | 
08/11/2018 19:57:31 | SUCCESS | Delete Video entry(0_irbdua86) | By-Biocine_ott503 | 
08/11/2018 20:42:06 | SUCCESS | Updtate MetaData(0_fvfploes) | By-Biocine_ott503 | update entry set name='Baby And Babu | Promo | Web Series',thumbnail='http://ott.planetcast.in/p/110/sp/11000/thumbnail/entry_id/0_fvfploes/version/100002',longdescription='Here we are presenting Promo of Bengali Web Series \'Baby And Babu\'. Starring with Amitabh , Meghna Haldar , Prosun , Ankita , Subrata Guha Roy , Moumita Gupta , Sarmistha & Others . Directed By Soumyajit Ganguly.\r\n------------------------------------------------------------\r\nBaby And Babu\r\n\r\nStory & Script\r\nSubhamay Biswas \r\n\r\nDirection\r\nSoumyajit Ganguly \r\n\r\nAssociated Director\r\nSabyasachi Mandal \r\n\r\nCreative Director\r\nSudip Chakraborty\r\n& Jit Chakraborty ( Song) \r\n\r\nDOP\r\nChayan Karmakar \r\n\r\nStarring\r\nAmitabh \r\nMeghna Haldar\r\nProsun\r\nAnkita\r\nSubrata Guha Roy\r\nMoumita Gupta\r\nSarmistha & Others \r\n\r\nCreative Producer\r\nRakes Gupta \r\n\r\nExecutive Producer\r\nRupak Majumdar \r\n\r\nProduced by\r\nColumbaas Digiplex \r\n\r\nProduction Controller\r\nKousick Mondal (Kolkata)\r\n\r\nStreaming only on Jeeoguru apps',
        duration='122',type='1',tag='web series, baby and babu, jeeoguru, new release, bengali, movie, latest, hit, promo, sex darkar, meghna, ankita, biocine',category='ORIGINALS>WEB SERIES',categoryid='295',
        updated_at='2018-11-08 20:47:02',shortdescription='A Rom-Com Web Series',
        director='Soumyajit Ganguly',producer='COLUMBAAS DIGIPLEX',cast='Amitabh Meghna Haldar Prosun Ankita',crew='D.O.P Chayan',sub_genre='Drama',
        language='Bengali',pgrating='U/A',video_status='active',custom_data='{"Associated_Director ":"Sabyasachi Mandal","Creative_Director":"Sudip Chakraborty Jit Chakraborty","Story_Script":"Subhay Biswas"}'
        where entryid='0_fvfploes'
08/11/2018 20:42:43 | SUCCESS | Save Age Restriction(0_fvfploes,UA) | By-Biocine_ott503 | 
08/11/2018 20:43:50 | SUCCESS | Save Access Control(0_fvfploes) | By-Biocine_ott503 | 
08/11/2018 20:45:08 | SUCCESS | Delete Video entry(0_fvfploes) | By-Biocine_ott503 | 
08/11/2018 21:07:04 | SUCCESS | Save New video(0_r895g16d) | By-Biocine_ott503 | 
08/11/2018 15:41:13 | SUCCESS | login-(Biocine) | By-Biocine_ott503 | 
08/11/2018 21:15:31 | SUCCESS | Updtate MetaData(0_r895g16d) | By-Biocine_ott503 | update entry set name='Mishmi | Web Series | JeeoGuru',thumbnail='http://ott.planetcast.in/p/110/sp/11000/thumbnail/entry_id/0_r895g16d/version/100002',longdescription='Here we are presenting promo of Bengali Web Series \'Mishmi\'. Starring with Shaan, Sumedha, Soupayan, Pulakita, and others. Directed By Soumyajit Ganguly.\r\n-------------------------------------------------------------------\r\nMishmi\r\n\r\nStory, Script & Direction\r\nSoumyajit Ganguly \r\n\r\nDOP\r\nChayan Karmakar \r\n\r\nStarring\r\nShaan\r\nSumedha\r\nSoupayan\r\nPulakita\r\nSudip & others \r\n\r\nCreative Producer\r\nRakes Gupta \r\n\r\nExecutive Producer\r\nRupak Majumdar \r\n\r\nProduction Controller\r\nKousick Mondal\r\n\r\nProduced by\r\nColumbaas Digiplex \r\n\r\nLocation Courtesy\r\nGovt of Thailand\r\nLocal authority of Phi Phi Island\r\n\r\nStreaming only on Jeeoguru apps',
        duration='125',type='1',tag='mishmi, jeeoguru, web series, latest, hit, shaan, sumedha',category='',categoryid='',
        updated_at='2018-11-08 21:20:27',shortdescription='',
        director='',producer='',cast='',crew='',sub_genre='',
        language='',pgrating='',video_status='active',custom_data=''
        where entryid='0_r895g16d'
08/11/2018 21:16:40 | SUCCESS | Updtate MetaData(0_r895g16d) | By-Biocine_ott503 | update entry set name='Mishmi | Web Series | JeeoGuru',thumbnail='http://ott.planetcast.in/p/110/sp/11000/thumbnail/entry_id/0_r895g16d/version/100002',longdescription='Here we are presenting promo of Bengali Web Series \'Mishmi\'. Starring with Shaan, Sumedha, Soupayan, Pulakita, and others. Directed By Soumyajit Ganguly.\r\n-------------------------------------------------------------------\r\nMishmi\r\n\r\nStory, Script & Direction\r\nSoumyajit Ganguly \r\n\r\nDOP\r\nChayan Karmakar \r\n\r\nStarring\r\nShaan\r\nSumedha\r\nSoupayan\r\nPulakita\r\nSudip & others \r\n\r\nCreative Producer\r\nRakes Gupta \r\n\r\nExecutive Producer\r\nRupak Majumdar \r\n\r\nProduction Controller\r\nKousick Mondal\r\n\r\nProduced by\r\nColumbaas Digiplex \r\n\r\nLocation Courtesy\r\nGovt of Thailand\r\nLocal authority of Phi Phi Island\r\n\r\nStreaming only on Jeeoguru apps',
        duration='125',type='1',tag='mishmi, jeeoguru, web series, latest, hit, shaan, sumedha',category='ORIGINALS>WEB SERIES',categoryid='295',
        updated_at='2018-11-08 21:21:35',shortdescription='',
        director='',producer='',cast='',crew='',sub_genre='',
        language='',pgrating='',video_status='active',custom_data=''
        where entryid='0_r895g16d'
08/11/2018 21:18:47 | SUCCESS | Save Access Control(0_r895g16d) | By-Biocine_ott503 | 
08/11/2018 21:18:57 | SUCCESS | Save Access Control(0_r895g16d) | By-Biocine_ott503 | 
08/11/2018 21:21:08 | SUCCESS | Save New video(0_q81ibpcl) | By-Biocine_ott503 | 
08/11/2018 21:22:49 | SUCCESS | Updtate MetaData(0_r895g16d) | By-Biocine_ott503 | update entry set name='Mishmi Promo JeeoGuru',thumbnail='http://ott.planetcast.in/p/110/sp/11000/thumbnail/entry_id/0_r895g16d/version/100002',longdescription='Here we are presenting promo of Bengali Web Series \'Mishmi\'. Starring with Shaan, Sumedha, Soupayan, Pulakita, and others. Directed By Soumyajit Ganguly.\r\n-------------------------------------------------------------------\r\nMishmi\r\n\r\nStory, Script & Direction\r\nSoumyajit Ganguly \r\n\r\nDOP\r\nChayan Karmakar \r\n\r\nStarring\r\nShaan\r\nSumedha\r\nSoupayan\r\nPulakita\r\nSudip & others \r\n\r\nCreative Producer\r\nRakes Gupta \r\n\r\nExecutive Producer\r\nRupak Majumdar \r\n\r\nProduction Controller\r\nKousick Mondal\r\n\r\nProduced by\r\nColumbaas Digiplex \r\n\r\nLocation Courtesy\r\nGovt of Thailand\r\nLocal authority of Phi Phi Island\r\n\r\nStreaming only on Jeeoguru apps',
        duration='125',type='1',tag='mishmi, jeeoguru, web series, latest, hit, shaan, sumedha',category='ORIGINALS>WEB SERIES',categoryid='295',
        updated_at='2018-11-08 21:27:44',shortdescription='',
        director='',producer='',cast='',crew='',sub_genre='',
        language='',pgrating='',video_status='active',custom_data=''
        where entryid='0_r895g16d'
08/11/2018 21:23:16 | SUCCESS | Save Access Control(0_q81ibpcl) | By-Biocine_ott503 | 
08/11/2018 21:23:22 | SUCCESS | Updtate MetaData(0_q81ibpcl) | By-Biocine_ott503 | update entry set name='Baby And Babu Promo Web Series',thumbnail='http://ott.planetcast.in/p/110/sp/11000/thumbnail/entry_id/0_q81ibpcl/version/100002',longdescription='Here we are presenting promo of Bengali Web Series \'Baby And Babu\'. Starring with Amitabh , Meghna Haldar , Prosun , Ankita , Subrata Guha Roy , Moumita Gupta , Sarmistha & Others . Directed By Soumyajit Ganguly.\r\n------------------------------------------------------------\r\nBaby And Babu\r\n\r\nStory & Script\r\nSubhamay Biswas \r\n\r\nDirection\r\nSoumyajit Ganguly \r\n\r\nAssociated Director\r\nSabyasachi Mandal \r\n\r\nCreative Director\r\nSudip Chakraborty\r\n& Jit Chakraborty ( Song) \r\n\r\nDOP\r\nChayan Karmakar \r\n\r\nStarring\r\nAmitabh \r\nMeghna Haldar\r\nProsun\r\nAnkita\r\nSubrata Guha Roy\r\nMoumita Gupta\r\nSarmistha & Others \r\n\r\nCreative Producer\r\nRakes Gupta \r\n\r\nExecutive Producer\r\nRupak Majumdar \r\n\r\nProduced by\r\nColumbaas Digiplex \r\n\r\nProduction Controller\r\nKousick Mondal ( Kolkata )\r\n\r\nStreaming only on Jeeoguru apps',
        duration='122',type='1',tag='',category='',categoryid='',
        updated_at='2018-11-08 21:28:18',shortdescription='',
        director='',producer='',cast='',crew='',sub_genre='',
        language='',pgrating='',video_status='active',custom_data=''
        where entryid='0_q81ibpcl'
08/11/2018 21:24:45 | SUCCESS | Updtate MetaData(0_q81ibpcl) | By-Biocine_ott503 | update entry set name='Baby And Babu Promo Web Series',thumbnail='http://ott.planetcast.in/p/110/sp/11000/thumbnail/entry_id/0_q81ibpcl/version/100002',longdescription='Here we are presenting promo of Bengali Web Series \'Baby And Babu\'. Starring with Amitabh , Meghna Haldar , Prosun , Ankita , Subrata Guha Roy , Moumita Gupta , Sarmistha & Others . Directed By Soumyajit Ganguly.\r\n------------------------------------------------------------\r\nBaby And Babu\r\n\r\nStory & Script\r\nSubhamay Biswas \r\n\r\nDirection\r\nSoumyajit Ganguly \r\n\r\nAssociated Director\r\nSabyasachi Mandal \r\n\r\nCreative Director\r\nSudip Chakraborty\r\n& Jit Chakraborty ( Song) \r\n\r\nDOP\r\nChayan Karmakar \r\n\r\nStarring\r\nAmitabh \r\nMeghna Haldar\r\nProsun\r\nAnkita\r\nSubrata Guha Roy\r\nMoumita Gupta\r\nSarmistha & Others \r\n\r\nCreative Producer\r\nRakes Gupta \r\n\r\nExecutive Producer\r\nRupak Majumdar \r\n\r\nProduced by\r\nColumbaas Digiplex \r\n\r\nProduction Controller\r\nKousick Mondal ( Kolkata )\r\n\r\nStreaming only on Jeeoguru apps',
        duration='122',type='1',tag='',category='',categoryid='',
        updated_at='2018-11-08 21:29:40',shortdescription='',
        director='',producer='',cast='',crew='',sub_genre='',
        language='',pgrating='',video_status='active',custom_data=''
        where entryid='0_q81ibpcl'
