02/12/2018 07:31:56 | SUCCESS | Save New video(0_kxt2m8ed) | By-Biocine_ott503 | 
02/12/2018 08:01:59 | SUCCESS | Updtate MetaData(0_weyz55wh) | By-Biocine_ott503 | update entry set name='Mishmi | Promo | Jeeo Guru',thumbnail='http://ott.planetcast.in/p/110/sp/11000/thumbnail/entry_id/0_weyz55wh/version/100012',longdescription='we are presenting promo of Bengali Web Series \'MISHMI\'. Starring with Shaan, Sumedha, Soupayan, Pulakita, and others. Directed By Soumyajit Ganguly.\r\n-------------------------------------------------------------------\r\nMISHMI\r\n\r\nStory , Script & Direction\r\nSoumyajit Ganguly \r\n\r\nDOP\r\nChayan Karmakar \r\n\r\nStarring\r\nShaan\r\nSumedha\r\nSoupayan\r\nPulakita\r\nSudip & others \r\n\r\nCreative Producer\r\nRakes Gupta \r\n\r\nExecutive Producer\r\nRupak Majumdar \r\n\r\nProduction Controller\r\nKousick Mondal\r\n\r\nProduced by\r\nColumbaas Digiplex \r\n\r\nLocation Courtesy\r\nGovt of Thailand\r\nLocal authority of Phi Phi Island\r\n\r\nStreaming only on Jeeoguru apps..',
        duration='125',type='1',tag='mismi, celebrity, promo, web series, bengali, short, film, shaan, sumedha, pulakita, jeeo guru, hot bengali, sex',category='ORIGINALS>WEB SERIES',categoryid='295',
        updated_at='2018-12-02 08:07:13',shortdescription='',
        director='',producer='',cast='',crew='',sub_genre='',
        language='',pgrating='',video_status='active',custom_data=''
        where entryid='0_weyz55wh'
02/12/2018 08:02:17 | SUCCESS | Save New video(0_oqvg2vv9) | By-Biocine_ott503 | 
02/12/2018 08:04:52 | SUCCESS | Save Thumbnail(0_g55edpj9) | By-Biocine_ott503 | 
02/12/2018 08:35:51 | SUCCESS | Updtate MetaData(0_g55edpj9) | By-Biocine_ott503 | update entry set name='AMARO PORANI JAHA CHAY',thumbnail='http://ott.planetcast.in/p/110/sp/11000/thumbnail/entry_id/0_g55edpj9/version/100022',longdescription='Here we are presenting a Musical Show \"SHOCK STUDIO\" with a branch of fresh music by renown Singer & Music Directors ..\r\n\r\nSong\r\nAmaro Porano Jaha Chay\r\n\r\nSinger\r\nSomlata Acharya Chowdhury\r\n&\r\nSourav\r\n\r\nLyrics\r\nRabindra Nath Tagore\r\n&\r\nSmarjit Bandopadhyay\r\n\r\nMusic\r\nPinaki Bose\r\n\r\nMusic programming\r\nShameek Kundu\r\n\r\nBase Guiter\r\nRahul\r\n\r\nDrums\r\nAgniv\r\n\r\nGuiter\r\nTirthankar\r\n\r\nPercussion Tabla\r\nSwarthak\r\n\r\nSarengi\r\nKamlesh Mishra\r\n\r\nFlute Suvankar\r\n\r\nKeys\r\nSudeshna & Shameek\r\n\r\nHarmonium\r\nPinaki Bose\r\n\r\nProduced by\r\nColumbaas Digiplex \r\n\r\nStreaming only on Jeeoguru apps',
        duration='328',type='1',tag='music, song, shock studio, jeeo guru, biocine, somlata, rabindra sangeet, tagore song, modern song, fusion, music video, bengali song, new',category='MUSIC>ORIGINAL>SHOCK STUDIO',categoryid='310',
        updated_at='2018-12-02 08:41:05',shortdescription='Bengali Modern Song with Rabindra Sangeet',
        director='Jiit Chakraborty',producer='',cast='',crew='DOP: Amit ',sub_genre='Music',
        language='Bengali',pgrating='',video_status='active',custom_data='{"Executive Producer":"Rupak Majumdar "}'
        where entryid='0_g55edpj9'
02/12/2018 08:36:49 | SUCCESS | Updtate MetaData(0_g55edpj9) | By-Biocine_ott503 | update entry set name='AMARO PORANI JAHA CHAY',thumbnail='http://ott.planetcast.in/p/110/sp/11000/thumbnail/entry_id/0_g55edpj9/version/100022',longdescription='Here we are presenting a Musical Show \"SHOCK STUDIO\" with a branch of fresh music by renown Singer & Music Directors ..\r\n\r\nSong\r\nAmaro Porano Jaha Chay\r\n\r\nSinger\r\nSomlata Acharya Chowdhury\r\n&\r\nSourav\r\n\r\nLyrics\r\nRabindra Nath Tagore\r\n&\r\nSmarjit Bandopadhyay\r\n\r\nMusic\r\nPinaki Bose\r\n\r\nMusic programming\r\nShameek Kundu\r\n\r\nBase Guiter\r\nRahul\r\n\r\nDrums\r\nAgniv\r\n\r\nGuiter\r\nTirthankar\r\n\r\nPercussion Tabla\r\nSwarthak\r\n\r\nSarengi\r\nKamlesh Mishra\r\n\r\nFlute Suvankar\r\n\r\nKeys\r\nSudeshna & Shameek\r\n\r\nHarmonium\r\nPinaki Bose\r\n\r\nDirection\r\nJit Chakraborty\r\n& \r\nSabyasachi Mandal \r\n\r\nProduced by\r\nColumbaas Digiplex \r\n\r\nStreaming only on Jeeoguru apps',
        duration='328',type='1',tag='music, song, shock studio, jeeo guru, biocine, somlata, rabindra sangeet, tagore song, modern song, fusion, music video, bengali song, new',category='MUSIC>ORIGINAL>SHOCK STUDIO',categoryid='310',
        updated_at='2018-12-02 08:42:04',shortdescription='Bengali Modern Song with Rabindra Sangeet',
        director='Jiit Chakraborty',producer='',cast='',crew='DOP: Amit ',sub_genre='Music',
        language='Bengali',pgrating='',video_status='active',custom_data='{"Executive Producer":"Rupak Majumdar "}'
        where entryid='0_g55edpj9'
02/12/2018 08:38:57 | SUCCESS | Updtate MetaData(0_g55edpj9) | By-Biocine_ott503 | update entry set name='AMARO PORANI JAHA CHAY',thumbnail='http://ott.planetcast.in/p/110/sp/11000/thumbnail/entry_id/0_g55edpj9/version/100022',longdescription='Here we are presenting a Musical Show \"SHOCK STUDIO\" with a branch of fresh music by renown Singer & Music Directors ..\r\n\r\nSong\r\nAmaro Porano Jaha Chay\r\n\r\nSinger\r\nSomlata Acharya Chowdhury\r\n&\r\nSourav\r\n\r\nLyrics\r\nRabindra Nath Tagore\r\n&\r\nSmarjit Bandopadhyay\r\n\r\nMusic\r\nPinaki Bose\r\n\r\nMusic programming\r\nShameek Kundu\r\n\r\nBase Guiter\r\nRahul\r\n\r\nDrums\r\nAgniv\r\n\r\nGuiter\r\nTirthankar\r\n\r\nPercussion Tabla\r\nSwarthak\r\n\r\nSarengi\r\nKamlesh Mishra\r\n\r\nFlute Suvankar\r\n\r\nKeys\r\nSudeshna & Shameek\r\n\r\nHarmonium\r\nPinaki Bose\r\n\r\nProduced by\r\nColumbaas Digiplex \r\n\r\nStreaming only on Jeeoguru apps',
        duration='328',type='1',tag='music, song, shock studio, jeeo guru, biocine, somlata, rabindra sangeet, tagore song, modern song, fusion, music video, bengali song, new',category='MUSIC>ORIGINAL>SHOCK STUDIO',categoryid='310',
        updated_at='2018-12-02 08:44:11',shortdescription='Bengali Modern Song with Rabindra Sangeet',
        director='Jiit Chakraborty|Sabyasachi Mandal',producer='',cast='',crew='DOP: Amit ',sub_genre='Music',
        language='Bengali',pgrating='',video_status='active',custom_data='{"Executive Producer":"Rupak Majumdar "}'
        where entryid='0_g55edpj9'
02/12/2018 08:54:56 | SUCCESS | Updtate MetaData(0_g55edpj9) | By-Biocine_ott503 | update entry set name='AMARO PORANO JAHA CHAY',thumbnail='http://ott.planetcast.in/p/110/sp/11000/thumbnail/entry_id/0_g55edpj9/version/100022',longdescription='Here we are presenting a Musical Show \"SHOCK STUDIO\" with a branch of fresh music by renown Singer & Music Directors ..\r\n\r\nSong\r\nAmaro Porano Jaha Chay\r\n\r\nSinger\r\nSomlata Acharya Chowdhury\r\n&\r\nSourav\r\n\r\nLyrics\r\nRabindra Nath Tagore\r\n&\r\nSmarjit Bandopadhyay\r\n\r\nMusic\r\nPinaki Bose\r\n\r\nMusic programming\r\nShameek Kundu\r\n\r\nBase Guiter\r\nRahul\r\n\r\nDrums\r\nAgniv\r\n\r\nGuiter\r\nTirthankar\r\n\r\nPercussion Tabla\r\nSwarthak\r\n\r\nSarengi\r\nKamlesh Mishra\r\n\r\nFlute Suvankar\r\n\r\nKeys\r\nSudeshna & Shameek\r\n\r\nHarmonium\r\nPinaki Bose\r\n\r\nProduced by\r\nColumbaas Digiplex \r\n\r\nStreaming only on Jeeoguru apps',
        duration='328',type='1',tag='music, song, shock studio, jeeo guru, biocine, somlata, rabindra sangeet, tagore song, modern song, fusion, music video, bengali song, new',category='MUSIC>ORIGINAL>SHOCK STUDIO',categoryid='310',
        updated_at='2018-12-02 09:00:10',shortdescription='Bengali Modern Song with Rabindra Sangeet',
        director='Jiit Chakraborty|Sabyasachi Mandal',producer='',cast='',crew='DOP: Amit ',sub_genre='Music',
        language='Bengali',pgrating='',video_status='active',custom_data='{"Executive Producer":"Rupak Majumdar "}'
        where entryid='0_g55edpj9'
02/12/2018 09:10:16 | SUCCESS | Save Thumbnail(0_1wuopqpg) | By-Biocine_ott503 | 
02/12/2018 09:14:26 | SUCCESS | Updtate MetaData(0_1wuopqpg) | By-Biocine_ott503 | update entry set name='BOHUDINER CHILO CHENA',thumbnail='http://ott.planetcast.in/p/110/sp/11000/thumbnail/entry_id/0_1wuopqpg/version/100022',longdescription='Here we are presenting a Musical Show \"SHOCK STUDIO\" with a branch of fresh music by renown Singer & Music Directors ...\r\n\r\nSong\r\nBohudiner Chilo Chena\r\n\r\nSinger\r\nNachiketa Chakraborty\r\n\r\nLyrics & Music\r\nPandit Debojyoti Bose\r\n\r\nDOP\r\nAmit \r\n\r\nExecutive Producer\r\nRupak Majumdar \r\n\r\nProduction Controller\r\nKousik Mondal \r\n& Ranjit Panji \r\nStreaming only on Jeeoguru apps',
        duration='252',type='1',tag='',category='MUSIC>ORIGINAL>SHOCK STUDIO',categoryid='310',
        updated_at='2018-12-02 09:19:40',shortdescription='A lovely Romantic Song By Nachiketa Chakraborty',
        director='JIIT CHAKRABORTY|SABYASACHI MANDAL',producer='COLUMBAAS DIGIPLEX',cast='',crew='',sub_genre='MUSIC',
        language='BENGALI',pgrating='',video_status='active',custom_data=''
        where entryid='0_1wuopqpg'
02/12/2018 09:15:03 | SUCCESS | Save Age Restriction(0_1wuopqpg,UA) | By-Biocine_ott503 | 
02/12/2018 09:16:45 | SUCCESS | Updtate MetaData(0_1wuopqpg) | By-Biocine_ott503 | update entry set name='BOHUDINER CHILO CHENA',thumbnail='http://ott.planetcast.in/p/110/sp/11000/thumbnail/entry_id/0_1wuopqpg/version/100022',longdescription='Here we are presenting a Musical Show \"SHOCK STUDIO\" with a branch of fresh music by renown Singer & Music Directors ...\r\n\r\nSong\r\nBohudiner Chilo Chena\r\n\r\nSinger\r\nNachiketa Chakraborty\r\n\r\nLyrics & Music\r\nPandit Debojyoti Bose\r\n\r\nDOP\r\nAmit \r\n\r\nExecutive Producer\r\nRupak Majumdar \r\n\r\nProduced by\r\nColumbaas Digiplex \r\n\r\nProduction Controller\r\nKousik Mondal \r\n& Ranjit Panji \r\n\r\nStreaming only on Jeeoguru apps',
        duration='252',type='1',tag='',category='MUSIC>ORIGINAL>SHOCK STUDIO',categoryid='310',
        updated_at='2018-12-02 09:22:00',shortdescription='A lovely Romantic Song By Nachiketa Chakraborty',
        director='JIIT CHAKRABORTY|SABYASACHI MANDAL',producer='COLUMBAAS DIGIPLEX',cast='',crew='',sub_genre='MUSIC',
        language='BENGALI',pgrating='',video_status='active',custom_data=''
        where entryid='0_1wuopqpg'
02/12/2018 09:17:56 | SUCCESS | Delete Video entry(0_z2ftdwfs) | By-Biocine_ott503 | 
02/12/2018 09:18:30 | SUCCESS | Save Thumbnail(0_oqvg2vv9) | By-Biocine_ott503 | 
02/12/2018 09:18:44 | SUCCESS | Updtate MetaData(0_g55edpj9) | By-Biocine_ott503 | update entry set name='AMARO PORANO JAHA CHAY',thumbnail='http://ott.planetcast.in/p/110/sp/11000/thumbnail/entry_id/0_g55edpj9/version/100022',longdescription='Here we are presenting a Musical Show \"SHOCK STUDIO\" with a branch of fresh music by renown Singer & Music Directors ..\r\n\r\nSong\r\nAmaro Porano Jaha Chay\r\n\r\nSinger\r\nSomlata Acharya Chowdhury\r\n&\r\nSourav\r\n\r\nLyrics\r\nRabindra Nath Tagore\r\n&\r\nSmarjit Bandopadhyay\r\n\r\nMusic\r\nPinaki Bose\r\n\r\nMusic programming\r\nShameek Kundu\r\n\r\nBase Guiter\r\nRahul\r\n\r\nDrums\r\nAgniv\r\n\r\nGuiter\r\nTirthankar\r\n\r\nPercussion Tabla\r\nSwarthak\r\n\r\nSarengi\r\nKamlesh Mishra\r\n\r\nFlute Suvankar\r\n\r\nKeys\r\nSudeshna & Shameek\r\n\r\nHarmonium\r\nPinaki Bose\r\n\r\nProduced by\r\nColumbaas Digiplex \r\n\r\nStreaming only on Jeeoguru apps',
        duration='328',type='1',tag='music, song, shock studio, jeeo guru, biocine, somlata, rabindra sangeet, tagore song, modern song, fusion, music video, bengali song, new',category='MUSIC>ORIGINAL>SHOCK STUDIO',categoryid='310',
        updated_at='2018-12-02 09:23:59',shortdescription='Bengali Modern Song with Rabindra Sangeet',
        director='Jiit Chakraborty|Sabyasachi Mandal',producer='',cast='',crew='DOP: Amit ',sub_genre='Music',
        language='Bengali',pgrating='',video_status='active',custom_data='{"Executive Producer":"Rupak Majumdar "}'
        where entryid='0_g55edpj9'
02/12/2018 09:20:49 | SUCCESS | Save Thumbnail(0_9p8b3c9b) | By-Biocine_ott503 | 
02/12/2018 09:28:54 | SUCCESS | Updtate MetaData(0_9p8b3c9b) | By-Biocine_ott503 | update entry set name='ABAIDHA TRAILER',thumbnail='http://ott.planetcast.in/p/110/sp/11000/thumbnail/entry_id/0_9p8b3c9b/version/100012',longdescription='Presenting a new Bengali short film trailer \"Abaidha\"..Frustrated bachelor man who lost his job for cheating with his company. His girlfriend also left from his life for this type of behaviour. When he frustrated too much and need some freshness for his daily life then he did another disaster and he decide to finished his life.\r\n-------------------------------------------------------------\r\nCAST & CREW:\r\nSuhas Ranjan Bhowmik\r\nSuhani Biswas\r\n\r\nStory & Script:\r\nChiranjit Ghoshal\r\n\r\nCinematographer:\r\nSourav Sarkar\r\n\r\nMusic:\r\nRakesh Dutta\r\n\r\nPost Production:\r\nPurple Digi Lab\r\n\r\nBanner:\r\nECHO Entertainment Pvt, Ltd.\r\n\r\nIn Association With: \r\nA Chandan Roy Production\r\n\r\nStreaming only on JEEO GURU',
        duration='100',type='1',tag='bazar, short film, bengali, latest, new, jeeo guru, indian film, best short film, hit short film, hot short film, hit short film hot short film, romantic',category='BAZAAR',categoryid='313',
        updated_at='2018-12-02 09:34:09',shortdescription='',
        director='Chiranjit Ghoshal',producer='MAYUKH CHATTERJEE',cast='',crew='',sub_genre='DRAMA',
        language='BENGALI',pgrating='',video_status='inactive',custom_data=''
        where entryid='0_9p8b3c9b'
02/12/2018 09:36:18 | SUCCESS | Updtate MetaData(0_wylb9n3j) | By-Biocine_ott503 | update entry set name='ABAIDHA | SHORT FILM',thumbnail='http://ott.planetcast.in/p/110/sp/11000/thumbnail/entry_id/0_wylb9n3j/version/100002',longdescription='Presenting a new Bengali short film trailer \"Abaidha\"..Frustrated bachelor man who lost his job for cheating with his company. His girlfriend also left from his life for this type of behaviour. When he frustrated too much and need some freshness for his daily life then he did another disaster and he decide to finished his life.\r\n-------------------------------------------------------------\r\nCAST & CREW:\r\nSuhas Ranjan Bhowmik\r\nSuhani Biswas\r\n\r\nStory & Script:\r\nChiranjit Ghoshal\r\n\r\nCinematographer:\r\nSourav Sarkar\r\n\r\nMusic:\r\nRakesh Dutta\r\n\r\nPost Production:\r\nPurple Digi Lab\r\n\r\nBanner:\r\nECHO Entertainment Pvt, Ltd.\r\n\r\nProducer\r\nMayukh Chatterjee\r\n\r\nIn Association With: \r\nA Chandan Roy Production\r\n\r\nStreaming only on JEEO GURU',
        duration='1191',type='1',tag='abaidha, short film, bengali short film, new short film, hit short film, latest hit, indian short film',category='',categoryid='',
        updated_at='2018-12-02 09:41:33',shortdescription='',
        director='',producer='',cast='',crew='',sub_genre='',
        language='',pgrating='',video_status='inactive',custom_data=''
        where entryid='0_wylb9n3j'
02/12/2018 09:38:55 | SUCCESS | Updtate MetaData(0_wylb9n3j) | By-Biocine_ott503 | update entry set name='ABAIDHA | SHORT FILM',thumbnail='http://ott.planetcast.in/p/110/sp/11000/thumbnail/entry_id/0_wylb9n3j/version/100002',longdescription='Presenting a new Bengali short film trailer \"Abaidha\"..Frustrated bachelor man who lost his job for cheating with his company. His girlfriend also left from his life for this type of behaviour. When he frustrated too much and need some freshness for his daily life then he did another disaster and he decide to finished his life.\r\n-------------------------------------------------------------\r\nCAST & CREW:\r\nSuhas Ranjan Bhowmik\r\nSuhani Biswas\r\n\r\nStory & Script:\r\nChiranjit Ghoshal\r\n\r\nCinematographer:\r\nSourav Sarkar\r\n\r\nEditor\r\nChiranjit Ghoshal\r\n\r\nMusic:\r\nRakesh Dutta\r\n\r\nPost Production:\r\nPurple Digi Lab\r\n\r\nBanner:\r\nECHO Entertainment Pvt, Ltd.\r\n\r\nProducer\r\nMayukh Chatterjee\r\n\r\nIn Association With: \r\nA Chandan Roy Production\r\n\r\nStreaming only on JEEO GURU',
        duration='1191',type='1',tag='abaidha, short film, bengali short film, new short film, hit short film, latest hit, indian short film',category='BAZAAR',categoryid='313',
        updated_at='2018-12-02 09:44:10',shortdescription='',
        director='Chiranjit Ghoshal',producer='',cast='',crew='',sub_genre='Drama',
        language='Bengali',pgrating='',video_status='inactive',custom_data=''
        where entryid='0_wylb9n3j'
02/12/2018 09:39:26 | SUCCESS | Save Thumbnail(0_wylb9n3j) | By-Biocine_ott503 | 
02/12/2018 09:40:58 | SUCCESS | Updtate MetaData(0_9p8b3c9b) | By-Biocine_ott503 | update entry set name='ABAIDHA TRAILER',thumbnail='http://ott.planetcast.in/p/110/sp/11000/thumbnail/entry_id/0_9p8b3c9b/version/100012',longdescription='Presenting a new Bengali short film trailer \"Abaidha\"..Frustrated bachelor man who lost his job for cheating with his company. His girlfriend also left from his life for this type of behaviour. When he frustrated too much and need some freshness for his daily life then he did another disaster and he decide to finished his life.\r\n-------------------------------------------------------------\r\nCAST & CREW:\r\nSuhas Ranjan Bhowmik\r\nSuhani Biswas\r\n\r\nStory & Script:\r\nChiranjit Ghoshal\r\n\r\nCinematographer:\r\nSourav Sarkar\r\n\r\nEditor\r\nChiranjit Ghoshal\r\n\r\nMusic:\r\nRakesh Dutta\r\n\r\nPost Production:\r\nPurple Digi Lab\r\n\r\nBanner:\r\nECHO Entertainment Pvt, Ltd.\r\n\r\nProducer\r\nMayukh Chatterjee\r\n\r\nIn Association With: \r\nA Chandan Roy Production\r\n\r\nStreaming only on JEEO GURU',
        duration='100',type='1',tag='bazar, short film, bengali, latest, new, jeeo guru, indian film, best short film, hit short film, hot short film, hit short film hot short film, romantic, abaidha, purple',category='BAZAAR',categoryid='313',
        updated_at='2018-12-02 09:46:12',shortdescription='',
        director='Chiranjit Ghoshal',producer='MAYUKH CHATTERJEE',cast='',crew='',sub_genre='DRAMA',
        language='BENGALI',pgrating='',video_status='inactive',custom_data=''
        where entryid='0_9p8b3c9b'
02/12/2018 09:44:24 | SUCCESS | Updtate MetaData(0_5b111z71) | By-Biocine_ott503 | update entry set name='AKTI ANAITIK GOLPO TRAILER',thumbnail='http://ott.planetcast.in/p/110/sp/11000/thumbnail/entry_id/0_5b111z71/version/100002',longdescription='',
        duration='65',type='1',tag='',category='',categoryid='',
        updated_at='2018-12-02 09:49:39',shortdescription='',
        director='',producer='',cast='',crew='',sub_genre='',
        language='',pgrating='',video_status='inactive',custom_data=''
        where entryid='0_5b111z71'
02/12/2018 09:44:53 | SUCCESS | Save Thumbnail(0_5b111z71) | By-Biocine_ott503 | 
02/12/2018 09:46:04 | SUCCESS | Save Thumbnail(0_r7u3e3a4) | By-Biocine_ott503 | 
02/12/2018 09:50:18 | SUCCESS | Updtate MetaData(0_r7u3e3a4) | By-Biocine_ott503 | update entry set name='AMAR MON',thumbnail='http://ott.planetcast.in/p/110/sp/11000/thumbnail/entry_id/0_r7u3e3a4/version/100012',longdescription='Here we are presenting a Musical Show \"SHOCK STUDIO\" with a branch of fresh music by renown Singer & Music Directors ..\r\n\r\nSong\r\nAmar Mon\r\n\r\nSinger\r\nSaikat Mitra\r\n\r\nMusic & Lyrics\r\nDeep\r\n\r\nType\r\nFolk Fusion\r\n\r\nInstrument\r\nHarmonium\r\nDrums\r\nGuiter\r\n\r\nExecutive Producer\r\nRupak Majumdar \r\n\r\nProduction Controller\r\nKousik Mondal \r\n& Ranjit Panji \r\n\r\nProduction Manager\r\nIndranath Sarkar \r\n\r\nProduced by\r\nColumbaas Digiplex \r\n\r\nStreaming only on Jeeo Guru',
        duration='247',type='1',tag='',category='MUSIC>ORIGINAL>SHOCK STUDIO',categoryid='310',
        updated_at='2018-12-02 09:55:33',shortdescription='',
        director='Jiit Chakraborty|Sabyasachi Mandal',producer='COLUMBAAS DIGIPLEX',cast='',crew='',sub_genre='Music',
        language='Bengali',pgrating='',video_status='inactive',custom_data=''
        where entryid='0_r7u3e3a4'
02/12/2018 09:50:48 | SUCCESS | Updtate MetaData(0_g55edpj9) | By-Biocine_ott503 | update entry set name='AMARO PORANO JAHA CHAY',thumbnail='http://ott.planetcast.in/p/110/sp/11000/thumbnail/entry_id/0_g55edpj9/version/100022',longdescription='Here we are presenting a Musical Show \"SHOCK STUDIO\" with a branch of fresh music by renown Singers & Music Directors ..\r\n\r\nSong\r\nAmaro Porano Jaha Chay\r\n\r\nSinger\r\nSomlata Acharya Chowdhury\r\n&\r\nSourav\r\n\r\nLyrics\r\nRabindra Nath Tagore\r\n&\r\nSmarjit Bandopadhyay\r\n\r\nMusic\r\nPinaki Bose\r\n\r\nMusic programming\r\nShameek Kundu\r\n\r\nBase Guiter\r\nRahul\r\n\r\nDrums\r\nAgniv\r\n\r\nGuiter\r\nTirthankar\r\n\r\nPercussion Tabla\r\nSwarthak\r\n\r\nSarengi\r\nKamlesh Mishra\r\n\r\nFlute Suvankar\r\n\r\nKeys\r\nSudeshna & Shameek\r\n\r\nHarmonium\r\nPinaki Bose\r\n\r\nExecutive Producer\r\nRupak Majumdar \r\n\r\nProduction Controller\r\nKousik Mondal \r\n& Ranjit Panji \r\n\r\nProduction Manager\r\nIndranath Sarkar \r\n\r\nProduced by\r\nColumbaas Digiplex \r\n\r\nStreaming only on Jeeoguru apps',
        duration='328',type='1',tag='music, song, shock studio, jeeo guru, biocine, somlata, rabindra sangeet, tagore song, modern song, fusion, music video, bengali song, new',category='MUSIC>ORIGINAL>SHOCK STUDIO',categoryid='310',
        updated_at='2018-12-02 09:56:03',shortdescription='Bengali Modern Song with Rabindra Sangeet',
        director='Jiit Chakraborty|Sabyasachi Mandal',producer='',cast='',crew='DOP: Amit ',sub_genre='Music',
        language='Bengali',pgrating='',video_status='active',custom_data='{"Executive Producer":"Rupak Majumdar "}'
        where entryid='0_g55edpj9'
02/12/2018 09:55:05 | SUCCESS | Updtate MetaData(0_r7u3e3a4) | By-Biocine_ott503 | update entry set name='AMAR MON',thumbnail='http://ott.planetcast.in/p/110/sp/11000/thumbnail/entry_id/0_r7u3e3a4/version/100012',longdescription='Here we are presenting a Musical Show \"SHOCK STUDIO\" with a branch of fresh music by renown Singers  & Music Directors ..\r\n\r\nSong\r\nAmar Mon\r\n\r\nSinger\r\nSaikat Mitra\r\n\r\nMusic & Lyrics\r\nDeep\r\n\r\nType\r\nFolk Fusion\r\n\r\nInstrument\r\nHarmonium\r\nDrums\r\nGuiter\r\n\r\nExecutive Producer\r\nRupak Majumdar \r\n\r\nProduction Controller\r\nKousik Mondal \r\n& Ranjit Panji \r\n\r\nProduction Manager\r\nIndranath Sarkar \r\n\r\nProduced by\r\nColumbaas Digiplex \r\n\r\nStreaming only on Jeeo Guru',
        duration='247',type='1',tag='shock studio, songs, music, bengali song, music video, saikat mitra, jeeo guru, amar mon, new album',category='MUSIC>ORIGINAL>SHOCK STUDIO',categoryid='310',
        updated_at='2018-12-02 10:00:20',shortdescription='',
        director='Jiit Chakraborty|Sabyasachi Mandal',producer='COLUMBAAS DIGIPLEX',cast='',crew='',sub_genre='Music',
        language='Bengali',pgrating='',video_status='inactive',custom_data=''
        where entryid='0_r7u3e3a4'
02/12/2018 09:55:57 | SUCCESS | Save Thumbnail(0_m3nxt1tr) | By-Biocine_ott503 | 
02/12/2018 10:09:14 | SUCCESS | Updtate MetaData(0_m3nxt1tr) | By-Biocine_ott503 | update entry set name='CHAAP TILAK',thumbnail='http://ott.planetcast.in/p/110/sp/11000/thumbnail/entry_id/0_m3nxt1tr/version/100012',longdescription='Here we are presenting a Musical Show \"SHOCK STUDIO\" with a branch of fresh music by renown Singers & Music Directors ..\r\n\r\nSong\r\nChaap Tilak\r\n\r\nType\r\nSufi Song\r\n\r\nSinger\r\nPinaki Bose\r\nBack Vocals\r\nSourav\r\nSnehendu\r\nRony\r\nRidip\r\nArundhati\r\nAnkita\r\nSatwika\r\n\r\nLyrics\r\nHazrat Amir Khoosroo\r\n\r\nMusic\r\nPinaki Bose\r\n\r\nGuiter\r\nSumit\r\n\r\nBase Guiter\r\nRahul\r\n\r\nDrums\r\nAgniv\r\n\r\nSitar\r\nSupratik Sengupta\r\n\r\nPercussion Tabla\r\nSwarthak\r\n\r\nSarengi\r\nKamlesh Mishra\r\n\r\nFlute Suvankar\r\n\r\nKeys & Harmonium\r\nShameek Kundu\r\n\r\nExecutive Producer\r\nRupak Majumdar \r\n\r\nProduction Controller\r\nKousik Mondal \r\n& Ranjit Panji \r\n\r\nProduction Manager\r\nIndranath Sarkar \r\n\r\nProduced by\r\nColumbaas Digiplex \r\n\r\nStreaming only on JEEO GURU',
        duration='291',type='1',tag='shock studio, music, bengali song, hindi sog, sufi song, jeeo guru, music video, latest hit song',category='MUSIC>ORIGINAL>SHOCK STUDIO',categoryid='310',
        updated_at='2018-12-02 10:14:28',shortdescription='',
        director='Jiit Chakraborty|Sabyasachi Mandal',producer='Columbaas Digiplex',cast='',crew='',sub_genre='Music',
        language='Hindi',pgrating='',video_status='inactive',custom_data=''
        where entryid='0_m3nxt1tr'
02/12/2018 10:10:33 | SUCCESS | Save Thumbnail(0_sydn79mh) | By-Biocine_ott503 | 
02/12/2018 10:29:43 | SUCCESS | Updtate MetaData(0_sydn79mh) | By-Biocine_ott503 | update entry set name='CHINTA NA KARO RE',thumbnail='http://ott.planetcast.in/p/110/sp/11000/thumbnail/entry_id/0_sydn79mh/version/100012',longdescription='Here we are presenting a Musical Show \"SHOCK STUDIO\" with a branch of fresh music by renown Singers & Music Directors ..\r\n\r\nSong\r\nChinta Na Karo Re | Jaat Galo Jaat Galo\r\n\r\nSingers\r\nPandit Omkar Dadarkar\r\n\r\nLyrics\r\nTraditional Bandish\r\n&\r\nLalan Fakir\r\n\r\nMusic\r\nPinaki Bose\r\n\r\nBase Guiter\r\nRahul\r\n\r\nDrums\r\nAgniv\r\n\r\nGuiter\r\nSumit\r\n\r\nPercussion Tabla\r\nSwarthak\r\n\r\nSarengi\r\nKamlesh Mishra\r\n\r\nFlute Suvankar\r\n\r\nKeys\r\nSudeshna & Shameek\r\n\r\nHarmonium\r\nPinaki Bose\r\n\r\nExecutive Producer\r\nRupak Majumdar \r\n\r\nProduction Controller\r\nKousik Mondal \r\n& Ranjit Panji \r\n\r\nProduction Manager\r\nIndranath Sarkar \r\n\r\nProduced by\r\nColumbaas Digiplex \r\n\r\nStreaming only on JEEO GURU',
        duration='358',type='1',tag='',category='MUSIC>ORIGINAL>SHOCK STUDIO',categoryid='310',
        updated_at='2018-12-02 10:34:58',shortdescription='',
        director='Jiit Chakraborty|Sabyasachi Mandal',producer='Columbaas Digiplex',cast='',crew='',sub_genre='Music',
        language='Bengali & Hindi',pgrating='',video_status='inactive',custom_data=''
        where entryid='0_sydn79mh'
02/12/2018 10:33:37 | SUCCESS | Save Thumbnail(0_sydn79mh) | By-Biocine_ott503 | 
02/12/2018 10:34:42 | SUCCESS | Updtate MetaData(0_sydn79mh) | By-Biocine_ott503 | update entry set name='CHINTA NA KARO RE',thumbnail='http://ott.planetcast.in/p/110/sp/11000/thumbnail/entry_id/0_sydn79mh/version/100032',longdescription='Here we are presenting a Musical Show \"SHOCK STUDIO\" with a branch of fresh music by renown Singers & Music Directors ..\r\n\r\nSong\r\nChinta Na Karo Re | Jaat Galo Jaat Galo\r\n\r\nSingers\r\nPandit Omkar Dadarkar\r\n\r\nLyrics\r\nTraditional Bandish\r\n&\r\nLalan Fakir\r\n\r\nMusic\r\nPinaki Bose\r\n\r\nBase Guiter\r\nRahul\r\n\r\nDrums\r\nAgniv\r\n\r\nGuiter\r\nSumit\r\n\r\nPercussion Tabla\r\nSwarthak\r\n\r\nSarengi\r\nKamlesh Mishra\r\n\r\nFlute Suvankar\r\n\r\nKeys\r\nSudeshna & Shameek\r\n\r\nHarmonium\r\nPinaki Bose\r\n\r\nExecutive Producer\r\nRupak Majumdar \r\n\r\nProduction Controller\r\nKousik Mondal \r\n& Ranjit Panji \r\n\r\nProduction Manager\r\nIndranath Sarkar \r\n\r\nProduced by\r\nColumbaas Digiplex \r\n\r\nStreaming only on JEEO GURU',
        duration='358',type='1',tag='shock studio, lalan fakir song, tirtha, omkar dadarkar, classical music, bengali song, new songs, jeeo guru',category='MUSIC>ORIGINAL>SHOCK STUDIO',categoryid='310',
        updated_at='2018-12-02 10:39:57',shortdescription='',
        director='Jiit Chakraborty|Sabyasachi Mandal',producer='Columbaas Digiplex',cast='',crew='',sub_genre='Music',
        language='Bengali & Hindi',pgrating='',video_status='inactive',custom_data=''
        where entryid='0_sydn79mh'
02/12/2018 10:43:56 | SUCCESS | Updtate MetaData(0_2bgp7yl0) | By-Biocine_ott503 | update entry set name='DARIYE ACHO',thumbnail='http://ott.planetcast.in/p/110/sp/11000/thumbnail/entry_id/0_2bgp7yl0/version/100002',longdescription='Here we are presenting a Musical Show \"SHOCK STUDIO\" with a branch of fresh music by renown Singers & Music Directors ..\r\n\r\nSong\r\nDariye Acho | Main Bari Bari\r\n\r\nType\r\nTraditional Bandish\r\n& Tagore Song\r\n\r\nRaag\r\nYaman\r\n\r\nSingers\r\nAshmani Kundu\r\nDeepabali Dutta\r\n\r\nLyrics\r\nRabindra Nath Tagore\r\n&\r\nTraditional Bandish\r\n\r\nMusic\r\nPinaki Bose\r\n\r\nBase Guiter\r\nRahul\r\n\r\nDrums\r\nAgniv\r\n\r\nGuiter\r\nTirthankar\r\n\r\nPercussion Tabla\r\nSwarthak\r\n\r\nSarengi\r\nKamlesh Mishra\r\n\r\nFlute Suvankar\r\n\r\nPiano\r\nPinaki Bose\r\n\r\nExecutive Producer\r\nRupak Majumdar \r\n\r\nProduction Controller\r\nKousik Mondal \r\n& Ranjit Panji \r\n\r\nProduction Manager\r\nIndranath Sarkar \r\n\r\nProduced by\r\nColumbaas Digiplex \r\n\r\nStreaming only on JEEO GURU',
        duration='359',type='1',tag='shock studio, bengali song, tagore song, rabindra sangeet, fusion music, jeeo guru',category='MUSIC>ORIGINAL>SHOCK STUDIO',categoryid='310',
        updated_at='2018-12-02 10:49:11',shortdescription='',
        director='Jiit Chakraborty|Sabyasachi Mandal',producer='COLUMBAAS DIGIPLEX',cast='',crew='',sub_genre='MUSIC',
        language='BENGALI | HINDI',pgrating='',video_status='inactive',custom_data=''
        where entryid='0_2bgp7yl0'
02/12/2018 10:44:17 | SUCCESS | Save Thumbnail(0_2bgp7yl0) | By-Biocine_ott503 | 
02/12/2018 10:45:31 | SUCCESS | Updtate MetaData(0_g55edpj9) | By-Biocine_ott503 | update entry set name='AMARO PORANO JAHA CHAY',thumbnail='http://ott.planetcast.in/p/110/sp/11000/thumbnail/entry_id/0_g55edpj9/version/100022',longdescription='Here we are presenting a Musical Show \"SHOCK STUDIO\" with a branch of fresh music by renown Singers & Music Directors ..\r\n\r\nSong\r\nAmaro Porano Jaha Chay\r\n\r\nType\r\nBengali Modern Song with Tagore Song\r\n\r\nSinger\r\nSomlata Acharya Chowdhury\r\n&\r\nSourav\r\n\r\nLyrics\r\nRabindra Nath Tagore\r\n&\r\nSmarjit Bandopadhyay\r\n\r\nMusic\r\nPinaki Bose\r\n\r\nMusic programming\r\nShameek Kundu\r\n\r\nBase Guiter\r\nRahul\r\n\r\nDrums\r\nAgniv\r\n\r\nGuiter\r\nTirthankar\r\n\r\nPercussion Tabla\r\nSwarthak\r\n\r\nSarengi\r\nKamlesh Mishra\r\n\r\nFlute Suvankar\r\n\r\nKeys\r\nSudeshna & Shameek\r\n\r\nHarmonium\r\nPinaki Bose\r\n\r\nExecutive Producer\r\nRupak Majumdar \r\n\r\nProduction Controller\r\nKousik Mondal \r\n& Ranjit Panji \r\n\r\nProduction Manager\r\nIndranath Sarkar \r\n\r\nProduced by\r\nColumbaas Digiplex \r\n\r\nStreaming only on Jeeoguru apps',
        duration='328',type='1',tag='music, song, shock studio, jeeo guru, biocine, somlata, rabindra sangeet, tagore song, modern song, fusion, music video, bengali song, new',category='MUSIC>ORIGINAL>SHOCK STUDIO',categoryid='310',
        updated_at='2018-12-02 10:50:46',shortdescription='Bengali Modern Song with Rabindra Sangeet',
        director='Jiit Chakraborty|Sabyasachi Mandal',producer='',cast='',crew='DOP: Amit ',sub_genre='Music',
        language='Bengali',pgrating='',video_status='active',custom_data='{"Executive Producer":"Rupak Majumdar "}'
        where entryid='0_g55edpj9'
02/12/2018 10:46:27 | SUCCESS | Updtate MetaData(0_sydn79mh) | By-Biocine_ott503 | update entry set name='CHINTA NA KARO RE',thumbnail='http://ott.planetcast.in/p/110/sp/11000/thumbnail/entry_id/0_sydn79mh/version/100032',longdescription='Here we are presenting a Musical Show \"SHOCK STUDIO\" with a branch of fresh music by renown Singers & Music Directors ..\r\n\r\nSong\r\nChinta Na Karo Re | Jaat Galo Jaat Galo\r\n\r\nType\r\nTraditional Folk\r\n\r\nRaag\r\nBehag Bandish\r\n\r\nSingers\r\nPandit Omkar Dadarkar\r\n\r\nLyrics\r\nTraditional Bandish\r\n&\r\nLalan Fakir\r\n\r\nMusic\r\nPinaki Bose\r\n\r\nBase Guiter\r\nRahul\r\n\r\nDrums\r\nAgniv\r\n\r\nGuiter\r\nSumit\r\n\r\nPercussion Tabla\r\nSwarthak\r\n\r\nSarengi\r\nKamlesh Mishra\r\n\r\nFlute Suvankar\r\n\r\nKeys\r\nSudeshna & Shameek\r\n\r\nHarmonium\r\nPinaki Bose\r\n\r\nExecutive Producer\r\nRupak Majumdar \r\n\r\nProduction Controller\r\nKousik Mondal \r\n& Ranjit Panji \r\n\r\nProduction Manager\r\nIndranath Sarkar \r\n\r\nProduced by\r\nColumbaas Digiplex \r\n\r\nStreaming only on JEEO GURU',
        duration='358',type='1',tag='shock studio, lalan fakir song, tirtha, omkar dadarkar, classical music, bengali song, new songs, jeeo guru',category='MUSIC>ORIGINAL>SHOCK STUDIO',categoryid='310',
        updated_at='2018-12-02 10:51:42',shortdescription='',
        director='Jiit Chakraborty|Sabyasachi Mandal',producer='Columbaas Digiplex',cast='',crew='',sub_genre='Music',
        language='Bengali & Hindi',pgrating='',video_status='inactive',custom_data=''
        where entryid='0_sydn79mh'
02/12/2018 10:46:49 | SUCCESS | Updtate MetaData(0_m3nxt1tr) | By-Biocine_ott503 | update entry set name='CHAAP TILAK',thumbnail='http://ott.planetcast.in/p/110/sp/11000/thumbnail/entry_id/0_m3nxt1tr/version/100012',longdescription='Here we are presenting a Musical Show \"SHOCK STUDIO\" with a branch of fresh music by renown Singers & Music Directors ..\r\n\r\nSong\r\nChaap Tilak\r\n\r\nType\r\nSufi Song\r\n\r\nSinger\r\nPinaki Bose\r\nBack Vocals\r\nSourav\r\nSnehendu\r\nRony\r\nRidip\r\nArundhati\r\nAnkita\r\nSatwika\r\n\r\nLyrics\r\nHazrat Amir Khoosroo\r\n\r\nMusic\r\nPinaki Bose\r\n\r\nGuiter\r\nSumit\r\n\r\nBase Guiter\r\nRahul\r\n\r\nDrums\r\nAgniv\r\n\r\nSitar\r\nSupratik Sengupta\r\n\r\nPercussion Tabla\r\nSwarthak\r\n\r\nSarengi\r\nKamlesh Mishra\r\n\r\nFlute Suvankar\r\n\r\nKeys & Harmonium\r\nShameek Kundu\r\n\r\nExecutive Producer\r\nRupak Majumdar \r\n\r\nProduction Controller\r\nKousik Mondal \r\n& Ranjit Panji \r\n\r\nProduction Manager\r\nIndranath Sarkar \r\n\r\nProduced by\r\nColumbaas Digiplex \r\n\r\nStreaming only on JEEO GURU',
        duration='291',type='1',tag='shock studio, music, bengali song, hindi sog, sufi song, jeeo guru, music video, latest hit song',category='MUSIC>ORIGINAL>SHOCK STUDIO',categoryid='310',
        updated_at='2018-12-02 10:52:04',shortdescription='',
        director='Jiit Chakraborty|Sabyasachi Mandal',producer='Columbaas Digiplex',cast='',crew='',sub_genre='Music',
        language='Hindi',pgrating='',video_status='inactive',custom_data=''
        where entryid='0_m3nxt1tr'
02/12/2018 10:56:29 | SUCCESS | Updtate MetaData(0_g55edpj9) | By-Biocine_ott503 | update entry set name='AMARO PORANO JAHA CHAY',thumbnail='http://ott.planetcast.in/p/110/sp/11000/thumbnail/entry_id/0_g55edpj9/version/100022',longdescription='Here we are presenting a Musical Show \"SHOCK STUDIO\" with a branch of fresh music by renown Singers & Music Directors ..\r\n\r\nSong\r\nAmaro Porano Jaha Chay\r\n\r\nSingers\r\nSomlata Acharya Chowdhury\r\n&\r\nSourav\r\n\r\nLyrics\r\nRabindra Nath Tagore\r\n&\r\nSmarjit Bandopadhyay\r\n\r\nMusic\r\nPinaki Bose\r\n\r\nMusic programming\r\nShameek Kundu\r\n\r\nBase Guiter\r\nRahul\r\n\r\nDrums\r\nAgniv\r\n\r\nGuiter\r\nTirthankar\r\n\r\nPercussion Tabla\r\nSwarthak\r\n\r\nSarengi\r\nKamlesh Mishra\r\n\r\nFlute Suvankar\r\n\r\nKeys\r\nSudeshna & Shameek\r\n\r\nHarmonium\r\nPinaki Bose\r\n\r\nExecutive Producer\r\nRupak Majumdar \r\n\r\nProduction Controller\r\nKousik Mondal \r\n& Ranjit Panji \r\n\r\nProduction Manager\r\nIndranath Sarkar \r\n\r\nProduced by\r\nColumbaas Digiplex \r\n\r\nStreaming only on JEEO GURU',
        duration='328',type='1',tag='music, song, shock studio, jeeo guru, biocine, somlata, rabindra sangeet, tagore song, modern song, fusion, music video, bengali song, new',category='MUSIC>ORIGINAL>SHOCK STUDIO',categoryid='310',
        updated_at='2018-12-02 11:01:43',shortdescription='Bengali Modern Song with Rabindra Sangeet',
        director='Jiit Chakraborty|Sabyasachi Mandal',producer='',cast='',crew='DOP: Amit ',sub_genre='Music',
        language='Bengali',pgrating='',video_status='active',custom_data=''
        where entryid='0_g55edpj9'
02/12/2018 10:57:01 | SUCCESS | Updtate MetaData(0_r7u3e3a4) | By-Biocine_ott503 | update entry set name='AMAR MON',thumbnail='http://ott.planetcast.in/p/110/sp/11000/thumbnail/entry_id/0_r7u3e3a4/version/100012',longdescription='Here we are presenting a Musical Show \"SHOCK STUDIO\" with a branch of fresh music by renown Singers  & Music Directors ..\r\n\r\nSong\r\nAmar Mon\r\n\r\nSinger\r\nSaikat Mitra\r\n\r\nMusic & Lyrics\r\nDeep\r\n\r\nType\r\nFolk Fusion\r\n\r\nInstrument\r\nHarmonium\r\nDrums\r\nGuiter\r\n\r\nExecutive Producer\r\nRupak Majumdar \r\n\r\nProduction Controller\r\nKousick Mondal \r\n& Ranjit Panji \r\n\r\nProduction Manager\r\nIndranath Sarkar \r\n\r\nProduced by\r\nColumbaas Digiplex \r\n\r\nStreaming only on Jeeo Guru',
        duration='247',type='1',tag='shock studio, songs, music, bengali song, music video, saikat mitra, jeeo guru, amar mon, new album',category='MUSIC>ORIGINAL>SHOCK STUDIO',categoryid='310',
        updated_at='2018-12-02 11:02:16',shortdescription='',
        director='Jiit Chakraborty|Sabyasachi Mandal',producer='COLUMBAAS DIGIPLEX',cast='',crew='',sub_genre='Music',
        language='Bengali',pgrating='',video_status='inactive',custom_data=''
        where entryid='0_r7u3e3a4'
02/12/2018 10:57:12 | SUCCESS | Updtate MetaData(0_r7u3e3a4) | By-Biocine_ott503 | update entry set name='AMAR MON',thumbnail='http://ott.planetcast.in/p/110/sp/11000/thumbnail/entry_id/0_r7u3e3a4/version/100012',longdescription='Here we are presenting a Musical Show \"SHOCK STUDIO\" with a branch of fresh music by renown Singers  & Music Directors ..\r\n\r\nSong\r\nAmar Mon\r\n\r\nSinger\r\nSaikat Mitra\r\n\r\nMusic & Lyrics\r\nDeep\r\n\r\nType\r\nFolk Fusion\r\n\r\nInstrument\r\nHarmonium\r\nDrums\r\nGuiter\r\n\r\nExecutive Producer\r\nRupak Majumdar \r\n\r\nProduction Controller\r\nKousick Mondal \r\n& Ranjit Panji \r\n\r\nProduction Manager\r\nIndranath Sarkar \r\n\r\nProduced by\r\nColumbaas Digiplex \r\n\r\nStreaming only on Jeeo Guru',
        duration='247',type='1',tag='shock studio, songs, music, bengali song, music video, saikat mitra, jeeo guru, amar mon, new album',category='MUSIC>ORIGINAL>SHOCK STUDIO',categoryid='310',
        updated_at='2018-12-02 11:02:26',shortdescription='',
        director='Jiit Chakraborty|Sabyasachi Mandal',producer='COLUMBAAS DIGIPLEX',cast='',crew='',sub_genre='Music',
        language='Bengali',pgrating='',video_status='inactive',custom_data=''
        where entryid='0_r7u3e3a4'
02/12/2018 10:57:28 | SUCCESS | Updtate MetaData(0_g55edpj9) | By-Biocine_ott503 | update entry set name='AMARO PORANO JAHA CHAY',thumbnail='http://ott.planetcast.in/p/110/sp/11000/thumbnail/entry_id/0_g55edpj9/version/100022',longdescription='Here we are presenting a Musical Show \"SHOCK STUDIO\" with a branch of fresh music by renown Singers & Music Directors ..\r\n\r\nSong\r\nAmaro Porano Jaha Chay\r\n\r\nSingers\r\nSomlata Acharya Chowdhury\r\n&\r\nSourav\r\n\r\nLyrics\r\nRabindra Nath Tagore\r\n&\r\nSmarjit Bandopadhyay\r\n\r\nMusic\r\nPinaki Bose\r\n\r\nMusic programming\r\nShameek Kundu\r\n\r\nBase Guiter\r\nRahul\r\n\r\nDrums\r\nAgniv\r\n\r\nGuiter\r\nTirthankar\r\n\r\nPercussion Tabla\r\nSwarthak\r\n\r\nSarengi\r\nKamlesh Mishra\r\n\r\nFlute Suvankar\r\n\r\nKeys\r\nSudeshna & Shameek\r\n\r\nHarmonium\r\nPinaki Bose\r\n\r\nExecutive Producer\r\nRupak Majumdar \r\n\r\nProduction Controller\r\nKousick Mondal \r\n& Ranjit Panji \r\n\r\nProduction Manager\r\nIndranath Sarkar \r\n\r\nProduced by\r\nColumbaas Digiplex \r\n\r\nStreaming only on JEEO GURU',
        duration='328',type='1',tag='music, song, shock studio, jeeo guru, biocine, somlata, rabindra sangeet, tagore song, modern song, fusion, music video, bengali song, new',category='MUSIC>ORIGINAL>SHOCK STUDIO',categoryid='310',
        updated_at='2018-12-02 11:02:43',shortdescription='Bengali Modern Song with Rabindra Sangeet',
        director='Jiit Chakraborty|Sabyasachi Mandal',producer='',cast='',crew='DOP: Amit ',sub_genre='Music',
        language='Bengali',pgrating='',video_status='active',custom_data=''
        where entryid='0_g55edpj9'
02/12/2018 10:57:39 | SUCCESS | Updtate MetaData(0_1wuopqpg) | By-Biocine_ott503 | update entry set name='BOHUDINER CHILO CHENA',thumbnail='http://ott.planetcast.in/p/110/sp/11000/thumbnail/entry_id/0_1wuopqpg/version/100022',longdescription='Here we are presenting a Musical Show \"SHOCK STUDIO\" with a branch of fresh music by renown Singer & Music Directors ...\r\n\r\nSong\r\nBohudiner Chilo Chena\r\n\r\nSinger\r\nNachiketa Chakraborty\r\n\r\nLyrics & Music\r\nPandit Debojyoti Bose\r\n\r\nDOP\r\nAmit \r\n\r\nExecutive Producer\r\nRupak Majumdar \r\n\r\nProduced by\r\nColumbaas Digiplex \r\n\r\nProduction Controller\r\nKousick Mondal \r\n& Ranjit Panji \r\n\r\nStreaming only on Jeeoguru apps',
        duration='252',type='1',tag='',category='MUSIC>ORIGINAL>SHOCK STUDIO',categoryid='310',
        updated_at='2018-12-02 11:02:54',shortdescription='A lovely Romantic Song By Nachiketa Chakraborty',
        director='JIIT CHAKRABORTY|SABYASACHI MANDAL',producer='COLUMBAAS DIGIPLEX',cast='',crew='',sub_genre='MUSIC',
        language='BENGALI',pgrating='',video_status='active',custom_data=''
        where entryid='0_1wuopqpg'
02/12/2018 10:57:52 | SUCCESS | Updtate MetaData(0_sydn79mh) | By-Biocine_ott503 | update entry set name='CHINTA NA KARO RE',thumbnail='http://ott.planetcast.in/p/110/sp/11000/thumbnail/entry_id/0_sydn79mh/version/100032',longdescription='Here we are presenting a Musical Show \"SHOCK STUDIO\" with a branch of fresh music by renown Singers & Music Directors ..\r\n\r\nSong\r\nChinta Na Karo Re | Jaat Galo Jaat Galo\r\n\r\nType\r\nTraditional Folk\r\n\r\nRaag\r\nBehag Bandish\r\n\r\nSingers\r\nPandit Omkar Dadarkar\r\n\r\nLyrics\r\nTraditional Bandish\r\n&\r\nLalan Fakir\r\n\r\nMusic\r\nPinaki Bose\r\n\r\nBase Guiter\r\nRahul\r\n\r\nDrums\r\nAgniv\r\n\r\nGuiter\r\nSumit\r\n\r\nPercussion Tabla\r\nSwarthak\r\n\r\nSarengi\r\nKamlesh Mishra\r\n\r\nFlute Suvankar\r\n\r\nKeys\r\nSudeshna & Shameek\r\n\r\nHarmonium\r\nPinaki Bose\r\n\r\nExecutive Producer\r\nRupak Majumdar \r\n\r\nProduction Controller\r\nKousick Mondal \r\n& Ranjit Panji \r\n\r\nProduction Manager\r\nIndranath Sarkar \r\n\r\nProduced by\r\nColumbaas Digiplex \r\n\r\nStreaming only on JEEO GURU',
        duration='358',type='1',tag='shock studio, lalan fakir song, tirtha, omkar dadarkar, classical music, bengali song, new songs, jeeo guru',category='MUSIC>ORIGINAL>SHOCK STUDIO',categoryid='310',
        updated_at='2018-12-02 11:03:07',shortdescription='',
        director='Jiit Chakraborty|Sabyasachi Mandal',producer='Columbaas Digiplex',cast='',crew='',sub_genre='Music',
        language='Bengali & Hindi',pgrating='',video_status='inactive',custom_data=''
        where entryid='0_sydn79mh'
02/12/2018 10:58:11 | SUCCESS | Updtate MetaData(0_2bgp7yl0) | By-Biocine_ott503 | update entry set name='DARIYE ACHO',thumbnail='http://ott.planetcast.in/p/110/sp/11000/thumbnail/entry_id/0_2bgp7yl0/version/100012',longdescription='Here we are presenting a Musical Show \"SHOCK STUDIO\" with a branch of fresh music by renown Singers & Music Directors ..\r\n\r\nSong\r\nDariye Acho | Main Bari Bari\r\n\r\nType\r\nTraditional Bandish\r\n& Tagore Song\r\n\r\nRaag\r\nYaman\r\n\r\nSingers\r\nAshmani Kundu\r\nDeepabali Dutta\r\n\r\nLyrics\r\nRabindra Nath Tagore\r\n&\r\nTraditional Bandish\r\n\r\nMusic\r\nPinaki Bose\r\n\r\nBase Guiter\r\nRahul\r\n\r\nDrums\r\nAgniv\r\n\r\nGuiter\r\nTirthankar\r\n\r\nPercussion Tabla\r\nSwarthak\r\n\r\nSarengi\r\nKamlesh Mishra\r\n\r\nFlute Suvankar\r\n\r\nPiano\r\nPinaki Bose\r\n\r\nExecutive Producer\r\nRupak Majumdar \r\n\r\nProduction Controller\r\nKousick Mondal \r\n& Ranjit Panji \r\n\r\nProduction Manager\r\nIndranath Sarkar \r\n\r\nProduced by\r\nColumbaas Digiplex \r\n\r\nStreaming only on JEEO GURU',
        duration='359',type='1',tag='shock studio, bengali song, tagore song, rabindra sangeet, fusion music, jeeo guru',category='MUSIC>ORIGINAL>SHOCK STUDIO',categoryid='310',
        updated_at='2018-12-02 11:03:26',shortdescription='',
        director='Jiit Chakraborty|Sabyasachi Mandal',producer='COLUMBAAS DIGIPLEX',cast='',crew='',sub_genre='MUSIC',
        language='BENGALI | HINDI',pgrating='',video_status='inactive',custom_data=''
        where entryid='0_2bgp7yl0'
02/12/2018 10:58:21 | SUCCESS | Updtate MetaData(0_2bgp7yl0) | By-Biocine_ott503 | update entry set name='DARIYE ACHO',thumbnail='http://ott.planetcast.in/p/110/sp/11000/thumbnail/entry_id/0_2bgp7yl0/version/100012',longdescription='Here we are presenting a Musical Show \"SHOCK STUDIO\" with a branch of fresh music by renown Singers & Music Directors ..\r\n\r\nSong\r\nDariye Acho | Main Bari Bari\r\n\r\nType\r\nTraditional Bandish\r\n& Tagore Song\r\n\r\nRaag\r\nYaman\r\n\r\nSingers\r\nAshmani Kundu\r\nDeepabali Dutta\r\n\r\nLyrics\r\nRabindra Nath Tagore\r\n&\r\nTraditional Bandish\r\n\r\nMusic\r\nPinaki Bose\r\n\r\nBase Guiter\r\nRahul\r\n\r\nDrums\r\nAgniv\r\n\r\nGuiter\r\nTirthankar\r\n\r\nPercussion Tabla\r\nSwarthak\r\n\r\nSarengi\r\nKamlesh Mishra\r\n\r\nFlute Suvankar\r\n\r\nPiano\r\nPinaki Bose\r\n\r\nExecutive Producer\r\nRupak Majumdar \r\n\r\nProduction Controller\r\nKousick Mondal \r\n& Ranjit Panji \r\n\r\nProduction Manager\r\nIndranath Sarkar \r\n\r\nProduced by\r\nColumbaas Digiplex \r\n\r\nStreaming only on JEEO GURU',
        duration='359',type='1',tag='shock studio, bengali song, tagore song, rabindra sangeet, fusion music, jeeo guru',category='MUSIC>ORIGINAL>SHOCK STUDIO',categoryid='310',
        updated_at='2018-12-02 11:03:36',shortdescription='',
        director='Jiit Chakraborty|Sabyasachi Mandal',producer='COLUMBAAS DIGIPLEX',cast='',crew='',sub_genre='MUSIC',
        language='BENGALI | HINDI',pgrating='',video_status='inactive',custom_data=''
        where entryid='0_2bgp7yl0'
02/12/2018 10:58:31 | SUCCESS | Updtate MetaData(0_m3nxt1tr) | By-Biocine_ott503 | update entry set name='CHAAP TILAK',thumbnail='http://ott.planetcast.in/p/110/sp/11000/thumbnail/entry_id/0_m3nxt1tr/version/100012',longdescription='Here we are presenting a Musical Show \"SHOCK STUDIO\" with a branch of fresh music by renown Singers & Music Directors ..\r\n\r\nSong\r\nChaap Tilak\r\n\r\nType\r\nSufi Song\r\n\r\nSinger\r\nPinaki Bose\r\nBack Vocals\r\nSourav\r\nSnehendu\r\nRony\r\nRidip\r\nArundhati\r\nAnkita\r\nSatwika\r\n\r\nLyrics\r\nHazrat Amir Khoosroo\r\n\r\nMusic\r\nPinaki Bose\r\n\r\nGuiter\r\nSumit\r\n\r\nBase Guiter\r\nRahul\r\n\r\nDrums\r\nAgniv\r\n\r\nSitar\r\nSupratik Sengupta\r\n\r\nPercussion Tabla\r\nSwarthak\r\n\r\nSarengi\r\nKamlesh Mishra\r\n\r\nFlute Suvankar\r\n\r\nKeys & Harmonium\r\nShameek Kundu\r\n\r\nExecutive Producer\r\nRupak Majumdar \r\n\r\nProduction Controller\r\nKousick Mondal \r\n& Ranjit Panji \r\n\r\nProduction Manager\r\nIndranath Sarkar \r\n\r\nProduced by\r\nColumbaas Digiplex \r\n\r\nStreaming only on JEEO GURU',
        duration='291',type='1',tag='shock studio, music, bengali song, hindi sog, sufi song, jeeo guru, music video, latest hit song',category='MUSIC>ORIGINAL>SHOCK STUDIO',categoryid='310',
        updated_at='2018-12-02 11:03:46',shortdescription='',
        director='Jiit Chakraborty|Sabyasachi Mandal',producer='Columbaas Digiplex',cast='',crew='',sub_genre='Music',
        language='Hindi',pgrating='',video_status='inactive',custom_data=''
        where entryid='0_m3nxt1tr'
