06/12/2018 00:20:13 | SUCCESS | Save New video(0_bev86jtq) | By-Biocine_ott503 | 
06/12/2018 00:24:21 | SUCCESS | Save Thumbnail(0_udw5ytuh) | By-Biocine_ott503 | 
06/12/2018 00:31:20 | SUCCESS | Updtate MetaData(0_udw5ytuh) | By-Biocine_ott503 | update entry set name='DARK TRAILER.mp4',thumbnail='http://ott.planetcast.in/p/110/sp/11000/thumbnail/entry_id/0_udw5ytuh/version/100012',longdescription='Here we are presenting trailer of Dark....\r\n\r\nFilm: Dark\r\n\r\nCast: Argha, Imon, Aishik, Shaan, Aishik, Pradip, Bumba, Tani\r\n\r\nAsst Directors: Ananya Karmakar Dutta, Pradip Sardar, Aishik\r\n\r\nD.O.P- Chyan Karmakar\r\n\r\nSound Design: Promix Studio\r\n\r\nScript & DIalogue: Aishik, Pradip\r\n\r\nConcept: Aishik, Pradip, Sudip\r\n\r\nEdit & Color: Gourab Dutta\r\n\r\nOffice Assistant: Sourav(Purple), Prabir\r\n\r\nBackground Score: FMA\r\n\r\nCamera Partner: Prasenjit Chanda\r\n\r\nIn Association with: SITI Cinema\r\n\r\nTechnical Support: Gourab Art\r\n\r\nPresent By: Purple Theatre\r\n\r\nProduce By: A Bleu Hertz Entertainment Production\r\n\r\nDirected By: Gourab Dutta',
        duration='48',type='1',tag='dark, short film, trailer, new, hot short film, latest short film, indian short film, gourav dutta, jeeoguru',category='BAZAAR',categoryid='313',
        updated_at='2018-12-06 00:36:38',shortdescription='',
        director='',producer='',cast='',crew='',sub_genre='Drama',
        language='Bengali',pgrating='',video_status='inactive',custom_data=''
        where entryid='0_udw5ytuh'
06/12/2018 01:29:03 | SUCCESS | Updtate MetaData(0_udw5ytuh) | By-Biocine_ott503 | update entry set name='DARK TRAILER.mp4',thumbnail='http://ott.planetcast.in/p/110/sp/11000/thumbnail/entry_id/0_udw5ytuh/version/100012',longdescription='Here we are presenting trailer of Dark....\r\n\r\nFilm: Dark\r\n\r\nCast: Argha, Imon, Aishik, Shaan, Aishik, Pradip, Bumba, Tani\r\n\r\nAsst Directors: Ananya Karmakar Dutta, Pradip Sardar, Aishik\r\n\r\nD.O.P- Chyan Karmakar\r\n\r\nSound Design: Promix Studio\r\n\r\nScript & DIalogue: Aishik, Pradip\r\n\r\nConcept: Aishik, Pradip, Sudip\r\n\r\nEdit & Color: Gourab Dutta\r\n\r\nOffice Assistant: Sourav(Purple), Prabir\r\n\r\nBackground Score: FMA\r\n\r\nCamera Partner: Prasenjit Chanda\r\n\r\nIn Association with: SITI Cinema\r\n\r\nTechnical Support: Gourab Art\r\n\r\nPresent By: Purple Theatre\r\n\r\nProduce By: A Bleu Hertz Entertainment Production\r\n\r\nDirected By: Gourab Dutta',
        duration='48',type='1',tag='dark, short film, trailer, new, hot short film, latest short film, indian short film, gourav dutta, jeeoguru',category='BAZAAR',categoryid='313',
        updated_at='2018-12-06 01:34:21',shortdescription='',
        director='',producer='',cast='',crew='',sub_genre='Drama',
        language='Bengali',pgrating='',video_status='active',custom_data=''
        where entryid='0_udw5ytuh'
06/12/2018 01:31:07 | SUCCESS | Save Thumbnail(0_nwjz9d25) | By-Biocine_ott503 | 
06/12/2018 01:31:21 | SUCCESS | Delete Video entry(0_p0e3tmud) | By-Biocine_ott503 | 
06/12/2018 01:36:01 | SUCCESS | Updtate MetaData(0_nwjz9d25) | By-Biocine_ott503 | update entry set name='SALESMAN.mp4',thumbnail='http://ott.planetcast.in/p/110/sp/11000/thumbnail/entry_id/0_nwjz9d25/version/100012',longdescription='Here we present a bengali short film trailer \"Salesman\".\r\nThe Story of a Man Who Married his Lover against the wish of his Parents,One day he shocked his Life when he discovered the secret of his Wife,He decide to take avenge his heartbreak with his Wife.\r\n\r\nFilm: Salesman\r\n\r\nCast: Imon, Shaan, Sourav, Aishik \r\n\r\nScript & Dialouge: Aishik & Pradip\r\n\r\nScript Asst. : Ananya Karmakar\r\n\r\nMusic, Lyrics & Vocal: Nachiketa\r\n\r\nD.O.P: Chyan Karmakar\r\n\r\nCamera Eqipment: Prasenjit Chandra\r\n\r\nDubbing, Foley & Ambience: Promix Studio\r\n\r\nEditor: Gourab Dutta\r\n\r\nColorist: Gourab Dutta\r\n\r\nAsst. Director: Pradip Sarkar, Aishik Bannerjee, Argha, Ananya Karmakar\r\n\r\nProduce By: A Bleu Hertz Entertainment\r\n\r\nPresent By: Purple Theatre\r\n\r\nDirected By: Gourab Dutta',
        duration='84',type='1',tag='salesman, bengali short film, hit short film, romantic short film, santanu mandal, jeeoguru, indian short film, gourab dutta',category='BAZAAR',categoryid='313',
        updated_at='2018-12-06 01:41:19',shortdescription='',
        director='',producer='',cast='',crew='',sub_genre='',
        language='Bengali',pgrating='',video_status='active',custom_data=''
        where entryid='0_nwjz9d25'
06/12/2018 01:46:05 | SUCCESS | Save Thumbnail(0_wosdpimj) | By-Biocine_ott503 | 
06/12/2018 01:46:26 | SUCCESS | Updtate MetaData(0_u8cvf68c) | By-Biocine_ott503 | update entry set name='BABY & BABU | TRAILER',thumbnail='http://ott.planetcast.in/p/110/sp/11000/thumbnail/entry_id/0_u8cvf68c/version/100012',longdescription='Here we are presenting PROMO of Bengali Web Series \'BABY & BABU\'. Starring with Amitabh , Meghna Haldar , Prosun , Ankita , Subrata Guha Roy , Moumita Gupta , Sarmistha & Others . Directed By Soumyajit Ganguly.\r\n------------------------------------------------------------\r\nBABY & BABU\r\n\r\nStory & Script\r\nSubhamay Biswas \r\n\r\nDirection\r\nSoumyajit Ganguly \r\n\r\nAssociated Director\r\nSabyasachi Mandal \r\n\r\nCreative Director\r\nSudip Chakraborty\r\n& Jit Chakraborty ( Song) \r\n\r\nDOP\r\nChayan Karmakar \r\n\r\nStarring\r\nAmitabh \r\nMeghna Haldar\r\nProsun\r\nAnkita\r\nSubrata Guha Roy\r\nMoumita Gupta\r\nSarmistha & Others \r\n\r\nCreative Producer\r\nRakes Gupta \r\n\r\nExecutive Producer\r\nRupak Majumdar \r\n\r\nProduced by\r\nColumbaas Digiplex \r\n\r\nProduction Controller\r\nKousick Mondal ( Kolkata )\r\n\r\nStreaming only on Jeeoguru apps',
        duration='120',type='1',tag='baby, babu, trailer, web series, comedy, bengali, jeeoguru, movies',category='ORIGINALS>WEB SERIES',categoryid='295',
        updated_at='2018-12-06 01:51:44',shortdescription='',
        director='',producer='',cast='',crew='',sub_genre='DRAMA',
        language='',pgrating='',video_status='active',custom_data=''
        where entryid='0_u8cvf68c'
06/12/2018 01:51:24 | SUCCESS | Updtate MetaData(0_wosdpimj) | By-Biocine_ott503 | update entry set name='BABY & BABU TRAILER',thumbnail='http://ott.planetcast.in/p/110/sp/11000/thumbnail/entry_id/0_wosdpimj/version/100012',longdescription='Here we are presenting PROMO of Bengali Web Series \'BABY & BABU\'. Starring with Amitabh , Meghna Haldar , Prosun , Ankita , Subrata Guha Roy , Moumita Gupta , Sarmistha & Others . Directed By Soumyajit Ganguly.\r\n------------------------------------------------------------\r\nBABY & BABU\r\n\r\nStory & Script: Subhamay Biswas \r\n\r\nDirection: Soumyajit Ganguly \r\n\r\nAssociated Director: Sabyasachi Mandal \r\n\r\nCreative Director: Sudip Chakraborty & Jit Chakraborty ( Song) \r\n\r\nDOP: Chayan Karmakar \r\n\r\nStarring: Amitabh, Meghna Haldar, Prosun, Ankita, Subrata Guha Roy, Moumita Gupta, Sarmistha & Others \r\n\r\nCreative Producer: Rakes Gupta \r\n\r\nExecutive Producer: Rupak Majumdar \r\n\r\nProduced by: Columbaas Digiplex \r\n\r\nProduction Controller: Kousick Mondal\r\n\r\nStreaming only on Jeeoguru apps\r\n© 2018 BY COLUMBAAS DIGIPLEX',
        duration='120',type='1',tag='baby & babu, web series, comedy, new, indian movie, jeeoguru, latest hit',category='ORIGINALS>WEB SERIES',categoryid='295',
        updated_at='2018-12-06 01:56:42',shortdescription='',
        director='',producer='',cast='',crew='',sub_genre='Drama',
        language='Bengali',pgrating='',video_status='inactive',custom_data=''
        where entryid='0_wosdpimj'
06/12/2018 01:51:40 | SUCCESS | Updtate MetaData(0_u8cvf68c) | By-Biocine_ott503 | update entry set name='BABY & BABU | TRAILER',thumbnail='http://ott.planetcast.in/p/110/sp/11000/thumbnail/entry_id/0_u8cvf68c/version/100012',longdescription='Here we are presenting PROMO of Bengali Web Series \'BABY & BABU\'. Starring with Amitabh , Meghna Haldar , Prosun , Ankita , Subrata Guha Roy , Moumita Gupta , Sarmistha & Others . Directed By Soumyajit Ganguly.\r\n------------------------------------------------------------\r\nBABY & BABU\r\n\r\nStory & Script\r\nSubhamay Biswas \r\n\r\nDirection\r\nSoumyajit Ganguly \r\n\r\nAssociated Director\r\nSabyasachi Mandal \r\n\r\nCreative Director\r\nSudip Chakraborty\r\n& Jit Chakraborty ( Song) \r\n\r\nDOP\r\nChayan Karmakar \r\n\r\nStarring\r\nAmitabh \r\nMeghna Haldar\r\nProsun\r\nAnkita\r\nSubrata Guha Roy\r\nMoumita Gupta\r\nSarmistha & Others \r\n\r\nCreative Producer\r\nRakes Gupta \r\n\r\nExecutive Producer\r\nRupak Majumdar \r\n\r\nProduced by\r\nColumbaas Digiplex \r\n\r\nProduction Controller\r\nKousick Mondal ( Kolkata )\r\n\r\nStreaming only on Jeeoguru apps',
        duration='120',type='1',tag='baby, babu, trailer, web series, comedy, bengali, jeeoguru, movies',category='ORIGINALS>WEB SERIES',categoryid='295',
        updated_at='2018-12-06 01:56:57',shortdescription='',
        director='',producer='',cast='',crew='',sub_genre='DRAMA',
        language='',pgrating='',video_status='inactive',custom_data=''
        where entryid='0_u8cvf68c'
06/12/2018 01:51:50 | SUCCESS | Updtate MetaData(0_wosdpimj) | By-Biocine_ott503 | update entry set name='BABY & BABU TRAILER',thumbnail='http://ott.planetcast.in/p/110/sp/11000/thumbnail/entry_id/0_wosdpimj/version/100012',longdescription='Here we are presenting PROMO of Bengali Web Series \'BABY & BABU\'. Starring with Amitabh , Meghna Haldar , Prosun , Ankita , Subrata Guha Roy , Moumita Gupta , Sarmistha & Others . Directed By Soumyajit Ganguly.\r\n------------------------------------------------------------\r\nBABY & BABU\r\n\r\nStory & Script: Subhamay Biswas \r\n\r\nDirection: Soumyajit Ganguly \r\n\r\nAssociated Director: Sabyasachi Mandal \r\n\r\nCreative Director: Sudip Chakraborty & Jit Chakraborty ( Song) \r\n\r\nDOP: Chayan Karmakar \r\n\r\nStarring: Amitabh, Meghna Haldar, Prosun, Ankita, Subrata Guha Roy, Moumita Gupta, Sarmistha & Others \r\n\r\nCreative Producer: Rakes Gupta \r\n\r\nExecutive Producer: Rupak Majumdar \r\n\r\nProduced by: Columbaas Digiplex \r\n\r\nProduction Controller: Kousick Mondal\r\n\r\nStreaming only on Jeeoguru apps\r\n© 2018 BY COLUMBAAS DIGIPLEX',
        duration='120',type='1',tag='baby & babu, web series, comedy, new, indian movie, jeeoguru, latest hit',category='ORIGINALS>WEB SERIES',categoryid='295',
        updated_at='2018-12-06 01:57:07',shortdescription='',
        director='',producer='',cast='',crew='',sub_genre='Drama',
        language='Bengali',pgrating='',video_status='active',custom_data=''
        where entryid='0_wosdpimj'
06/12/2018 01:52:09 | SUCCESS | update Slider Detail(0_wosdpimj,'') | By-Biocine_ott503 | 
06/12/2018 01:52:35 | SUCCESS | Delete Video entry(0_u8cvf68c) | By-Biocine_ott503 | 
06/12/2018 01:53:39 | SUCCESS | Save Thumbnail(0_bev86jtq) | By-Biocine_ott503 | 
06/12/2018 01:56:04 | SUCCESS | Updtate MetaData(0_nwjz9d25) | By-Biocine_ott503 | update entry set name='SALESMAN TRAILER',thumbnail='http://ott.planetcast.in/p/110/sp/11000/thumbnail/entry_id/0_nwjz9d25/version/100012',longdescription='Here we present a bengali short film trailer \"Salesman\".\r\nThe Story of a Man Who Married his Lover against the wish of his Parents,One day he shocked his Life when he discovered the secret of his Wife,He decide to take avenge his heartbreak with his Wife.\r\n\r\nFilm: Salesman\r\n\r\nCast: Imon, Shaan, Sourav, Aishik \r\n\r\nScript & Dialouge: Aishik & Pradip\r\n\r\nScript Asst. : Ananya Karmakar\r\n\r\nMusic, Lyrics & Vocal: Nachiketa\r\n\r\nD.O.P: Chyan Karmakar\r\n\r\nCamera Eqipment: Prasenjit Chandra\r\n\r\nDubbing, Foley & Ambience: Promix Studio\r\n\r\nEditor: Gourab Dutta\r\n\r\nColorist: Gourab Dutta\r\n\r\nAsst. Director: Pradip Sarkar, Aishik Bannerjee, Argha, Ananya Karmakar\r\n\r\nProduce By: A Bleu Hertz Entertainment\r\n\r\nPresent By: Purple Theatre\r\n\r\nDirected By: Gourab Dutta',
        duration='84',type='1',tag='salesman, bengali short film, hit short film, romantic short film, santanu mandal, jeeoguru, indian short film, gourab dutta',category='BAZAAR',categoryid='313',
        updated_at='2018-12-06 02:01:22',shortdescription='',
        director='',producer='',cast='',crew='',sub_genre='',
        language='Bengali',pgrating='',video_status='active',custom_data=''
        where entryid='0_nwjz9d25'
06/12/2018 02:00:31 | SUCCESS | Updtate MetaData(0_bev86jtq) | By-Biocine_ott503 | update entry set name='SALESMAN ',thumbnail='http://ott.planetcast.in/p/110/sp/11000/thumbnail/entry_id/0_bev86jtq/version/100032',longdescription='Here we present a bengali short film  \"Salesman\".\r\nThe Story of a Man Who Married his Lover against the wish of his Parents,One day he shocked his Life when he discovered the secret of his Wife,He decide to take avenge his heartbreak with his Wife.\r\n\r\nFilm: Salesman\r\n\r\nCast: Imon, Shaan, Sourav, Aishik \r\n\r\nScript & Dialouge: Aishik & Pradip\r\n\r\nScript Asst. : Ananya Karmakar\r\n\r\nMusic, Lyrics & Vocal: Nachiketa\r\n\r\nD.O.P: Chyan Karmakar\r\n\r\nCamera Eqipment: Prasenjit Chandra\r\n\r\nDubbing, Foley & Ambience: Promix Studio\r\n\r\nEditor: Gourab Dutta\r\n\r\nColorist: Gourab Dutta\r\n\r\nAsst. Director: Pradip Sarkar, Aishik Bannerjee, Argha, Ananya Karmakar\r\n\r\nProduce By: A Bleu Hertz Entertainment\r\n\r\nPresent By: Purple Theatre\r\n\r\nDirected By: Gourab Dutta',
        duration='1113',type='1',tag='salesman, short film, indian short film, latest short film, santanu, shaan, purple, hot indian movie',category='ORIGINALS>SHORT FILMS',categoryid='297',
        updated_at='2018-12-06 02:05:49',shortdescription='',
        director='',producer='',cast='',crew='',sub_genre='Drama',
        language='Bengali',pgrating='',video_status='inactive',custom_data=''
        where entryid='0_bev86jtq'
06/12/2018 02:00:42 | SUCCESS | Updtate MetaData(0_nwjz9d25) | By-Biocine_ott503 | update entry set name='SALESMAN TRAILER',thumbnail='http://ott.planetcast.in/p/110/sp/11000/thumbnail/entry_id/0_nwjz9d25/version/100012',longdescription='Here we present a bengali short film trailer \"Salesman\".\r\nThe Story of a Man Who Married his Lover against the wish of his Parents,One day he shocked his Life when he discovered the secret of his Wife,He decide to take avenge his heartbreak with his Wife.\r\n\r\nFilm: Salesman\r\n\r\nCast: Imon, Shaan, Sourav, Aishik \r\n\r\nScript & Dialouge: Aishik & Pradip\r\n\r\nScript Asst. : Ananya Karmakar\r\n\r\nMusic, Lyrics & Vocal: Nachiketa\r\n\r\nD.O.P: Chyan Karmakar\r\n\r\nCamera Eqipment: Prasenjit Chandra\r\n\r\nDubbing, Foley & Ambience: Promix Studio\r\n\r\nEditor: Gourab Dutta\r\n\r\nColorist: Gourab Dutta\r\n\r\nAsst. Director: Pradip Sarkar, Aishik Bannerjee, Argha, Ananya Karmakar\r\n\r\nProduce By: A Bleu Hertz Entertainment\r\n\r\nPresent By: Purple Theatre\r\n\r\nDirected By: Gourab Dutta',
        duration='84',type='1',tag='salesman, bengali short film, hit short film, romantic short film, santanu mandal, jeeoguru, indian short film, gourab dutta',category='BAZAAR',categoryid='313',
        updated_at='2018-12-06 02:06:00',shortdescription='',
        director='',producer='',cast='',crew='',sub_genre='',
        language='Bengali',pgrating='',video_status='active',custom_data=''
        where entryid='0_nwjz9d25'
06/12/2018 02:01:30 | SUCCESS | Delete Video entry(0_v8uwda7i) | By-Biocine_ott503 | 
06/12/2018 02:15:41 | SUCCESS | Updtate MetaData(0_y7xfbpcp) | By-Biocine_ott503 | update entry set name='MISHMI | TRAILER',thumbnail='http://ott.planetcast.in/p/110/sp/11000/thumbnail/entry_id/0_y7xfbpcp/version/100002',longdescription='we are presenting trailer of Bengali Web Series \'MISHMI\'. Starring with Shaan, Sumedha, Soupayan, Pulakita, and others. Directed By Soumyajit Ganguly.\r\n-------------------------------------------------------------------\r\nMISHMI\r\n\r\nStory , Script & Direction\r\nSoumyajit Ganguly \r\n\r\nDOP\r\nChayan Karmakar \r\n\r\nStarring\r\nShaan\r\nSumedha\r\nSoupayan\r\nPulakita\r\nSudip & others \r\n\r\nCreative Producer\r\nRakes Gupta \r\n\r\nExecutive Producer\r\nRupak Majumdar \r\n\r\nProduction Controller\r\nKousick Mondal\r\n\r\nProduced by\r\nColumbaas Digiplex \r\n\r\nLocation Courtesy\r\nGovt of Thailand\r\nLocal authority of Phi Phi Island\r\n\r\nStreaming only on Jeeoguru apps..\r\n© 2018 BY COLUMBAAS DIGIPLEX',
        duration='125',type='1',tag='mishmi, trailer, web series, bengali, latest hit',category='ORIGINALS>WEB SERIES',categoryid='295',
        updated_at='2018-12-06 02:20:59',shortdescription='',
        director='',producer='',cast='',crew='',sub_genre='Drama',
        language='Bengali',pgrating='',video_status='inactive',custom_data=''
        where entryid='0_y7xfbpcp'
06/12/2018 02:16:15 | SUCCESS | Save Thumbnail(0_y7xfbpcp) | By-Biocine_ott503 | 
06/12/2018 02:16:29 | SUCCESS | Updtate MetaData(0_weyz55wh) | By-Biocine_ott503 | update entry set name='Mishmi | Promo | Jeeo Guru',thumbnail='http://ott.planetcast.in/p/110/sp/11000/thumbnail/entry_id/0_weyz55wh/version/100012',longdescription='we are presenting promo of Bengali Web Series \'MISHMI\'. Starring with Shaan, Sumedha, Soupayan, Pulakita, and others. Directed By Soumyajit Ganguly.\r\n-------------------------------------------------------------------\r\nMISHMI\r\n\r\nStory , Script & Direction\r\nSoumyajit Ganguly \r\n\r\nDOP\r\nChayan Karmakar \r\n\r\nStarring\r\nShaan\r\nSumedha\r\nSoupayan\r\nPulakita\r\nSudip & others \r\n\r\nCreative Producer\r\nRakes Gupta \r\n\r\nExecutive Producer\r\nRupak Majumdar \r\n\r\nProduction Controller\r\nKousick Mondal\r\n\r\nProduced by\r\nColumbaas Digiplex \r\n\r\nLocation Courtesy\r\nGovt of Thailand\r\nLocal authority of Phi Phi Island\r\n\r\nStreaming only on Jeeoguru apps..',
        duration='125',type='1',tag='mismi, celebrity, promo, web series, bengali, short, film, shaan, sumedha, pulakita, jeeo guru, hot bengali, sex',category='ORIGINALS>WEB SERIES',categoryid='295',
        updated_at='2018-12-06 02:21:46',shortdescription='',
        director='',producer='',cast='',crew='',sub_genre='',
        language='',pgrating='',video_status='inactive',custom_data=''
        where entryid='0_weyz55wh'
06/12/2018 02:16:43 | SUCCESS | Updtate MetaData(0_weyz55wh) | By-Biocine_ott503 | update entry set name='Mishmi | Promo | Jeeo Guru',thumbnail='http://ott.planetcast.in/p/110/sp/11000/thumbnail/entry_id/0_weyz55wh/version/100012',longdescription='we are presenting promo of Bengali Web Series \'MISHMI\'. Starring with Shaan, Sumedha, Soupayan, Pulakita, and others. Directed By Soumyajit Ganguly.\r\n-------------------------------------------------------------------\r\nMISHMI\r\n\r\nStory , Script & Direction\r\nSoumyajit Ganguly \r\n\r\nDOP\r\nChayan Karmakar \r\n\r\nStarring\r\nShaan\r\nSumedha\r\nSoupayan\r\nPulakita\r\nSudip & others \r\n\r\nCreative Producer\r\nRakes Gupta \r\n\r\nExecutive Producer\r\nRupak Majumdar \r\n\r\nProduction Controller\r\nKousick Mondal\r\n\r\nProduced by\r\nColumbaas Digiplex \r\n\r\nLocation Courtesy\r\nGovt of Thailand\r\nLocal authority of Phi Phi Island\r\n\r\nStreaming only on Jeeoguru apps..',
        duration='125',type='1',tag='mismi, celebrity, promo, web series, bengali, short, film, shaan, sumedha, pulakita, jeeo guru, hot bengali, sex',category='ORIGINALS>WEB SERIES',categoryid='295',
        updated_at='2018-12-06 02:22:01',shortdescription='',
        director='',producer='',cast='',crew='',sub_genre='',
        language='',pgrating='',video_status='active',custom_data=''
        where entryid='0_weyz55wh'
06/12/2018 02:17:18 | SUCCESS | Updtate MetaData(0_y7xfbpcp) | By-Biocine_ott503 | update entry set name='MISHMI | TRAILER',thumbnail='http://ott.planetcast.in/p/110/sp/11000/thumbnail/entry_id/0_y7xfbpcp/version/100012',longdescription='we are presenting trailer of Bengali Web Series \'MISHMI\'. Starring with Shaan, Sumedha, Soupayan, Pulakita, and others. Directed By Soumyajit Ganguly.\r\n-------------------------------------------------------------------\r\nMISHMI\r\n\r\nStory , Script & Direction\r\nSoumyajit Ganguly \r\n\r\nDOP\r\nChayan Karmakar \r\n\r\nStarring\r\nShaan\r\nSumedha\r\nSoupayan\r\nPulakita\r\nSudip & others \r\n\r\nCreative Producer\r\nRakes Gupta \r\n\r\nExecutive Producer\r\nRupak Majumdar \r\n\r\nProduction Controller\r\nKousick Mondal\r\n\r\nProduced by\r\nColumbaas Digiplex \r\n\r\nLocation Courtesy\r\nGovt of Thailand\r\nLocal authority of Phi Phi Island\r\n\r\nStreaming only on Jeeoguru apps..\r\n© 2018 BY COLUMBAAS DIGIPLEX',
        duration='125',type='1',tag='mishmi, trailer, web series, bengali, latest hit',category='ORIGINALS>WEB SERIES',categoryid='295',
        updated_at='2018-12-06 02:22:35',shortdescription='',
        director='',producer='',cast='',crew='',sub_genre='Drama',
        language='Bengali',pgrating='',video_status='active',custom_data=''
        where entryid='0_y7xfbpcp'
06/12/2018 02:17:26 | SUCCESS | Updtate MetaData(0_weyz55wh) | By-Biocine_ott503 | update entry set name='Mishmi | Promo | Jeeo Guru',thumbnail='http://ott.planetcast.in/p/110/sp/11000/thumbnail/entry_id/0_weyz55wh/version/100012',longdescription='we are presenting promo of Bengali Web Series \'MISHMI\'. Starring with Shaan, Sumedha, Soupayan, Pulakita, and others. Directed By Soumyajit Ganguly.\r\n-------------------------------------------------------------------\r\nMISHMI\r\n\r\nStory , Script & Direction\r\nSoumyajit Ganguly \r\n\r\nDOP\r\nChayan Karmakar \r\n\r\nStarring\r\nShaan\r\nSumedha\r\nSoupayan\r\nPulakita\r\nSudip & others \r\n\r\nCreative Producer\r\nRakes Gupta \r\n\r\nExecutive Producer\r\nRupak Majumdar \r\n\r\nProduction Controller\r\nKousick Mondal\r\n\r\nProduced by\r\nColumbaas Digiplex \r\n\r\nLocation Courtesy\r\nGovt of Thailand\r\nLocal authority of Phi Phi Island\r\n\r\nStreaming only on Jeeoguru apps..',
        duration='125',type='1',tag='mismi, celebrity, promo, web series, bengali, short, film, shaan, sumedha, pulakita, jeeo guru, hot bengali, sex',category='ORIGINALS>WEB SERIES',categoryid='295',
        updated_at='2018-12-06 02:22:44',shortdescription='',
        director='',producer='',cast='',crew='',sub_genre='',
        language='',pgrating='',video_status='inactive',custom_data=''
        where entryid='0_weyz55wh'
06/12/2018 02:17:46 | SUCCESS | update Slider Detail(0_y7xfbpcp,'') | By-Biocine_ott503 | 
06/12/2018 02:17:57 | SUCCESS | Delete Video entry(0_weyz55wh) | By-Biocine_ott503 | 
06/12/2018 02:24:25 | SUCCESS | Delete Video entry(0_v6n3lzd3) | By-Biocine_ott503 | 
06/12/2018 02:30:28 | SUCCESS | Updtate MetaData(0_7wz03e9w) | By-Biocine_ott503 | update entry set name='ELO SHE NATION',thumbnail='http://ott.planetcast.in/p/110/sp/11000/thumbnail/entry_id/0_7wz03e9w/version/100032',longdescription='Here we Presenting new bengali short Film \"ELO SHE NATION\".\r\n---------------------------------------------------\r\nCAST:KAUSHIK, ARUNDHATI, SARMISTHA\r\nSTORY & SCRIPT: GAUTAM BHATTACHARIYA \r\nDOP: SMRITI & AMLAN \r\nASSITANT DOP & LIGHT: BARUN DUTTA BANIK \r\nEDIT & COLORIST: SMRITI\r\nASSITANT EDITOR & SOUND RECODIST: MILAN\r\nPRODUCTION DESIGN: KOUSICK MONDAL\r\nPRODUCTION CONTROLLER: RANJIT MONDAL\r\nTECHNICAL ASSISTANCE: TELECINE\r\nASSOCIATED DIRECTOR: SABYASACHI MANDAL\r\nPRODUCED BY: CINETUBE DIGITAL \r\nDIRECTED BY: RANA SEN',
        duration='1034',type='1',tag='elo she nation, new short film',category='',categoryid='',
        updated_at='2018-12-06 02:35:45',shortdescription='',
        director='',producer='',cast='',crew='',sub_genre='',
        language='',pgrating='',video_status='inactive',custom_data=''
        where entryid='0_7wz03e9w'
06/12/2018 07:55:03 | SUCCESS | Save Thumbnail(0_z5ko76z5) | By-Biocine_ott503 | 
06/12/2018 07:55:53 | SUCCESS | Save Thumbnail(0_slcct2fm) | By-Biocine_ott503 | 
06/12/2018 07:56:16 | SUCCESS | Save New video(0_41vurtyo) | By-Biocine_ott503 | 
06/12/2018 07:58:08 | SUCCESS | Updtate MetaData(0_gd0mcokl) | By-Biocine_ott503 | update entry set name='INFECTION SHORT FILM',thumbnail='http://ott.planetcast.in/p/110/sp/11000/thumbnail/entry_id/0_gd0mcokl/version/100012',longdescription='Here we Presenting a new Bengali short film Promo \"INFECTION\"..Featuring with Koushik Bhattachariya, Arunava Dutta, Sreoshi Ghosh, Sanghamitra & others..Directed By Arindam Chakraborty.\r\n-------------------\r\nFilm: INFECTION\r\nFeaturing: Arunava Dutta, Koushik Bhattachariya,Sreoshi Ghosh,Sanghamitra\r\nStory: Arindam Chakraborty\r\nEdit: Anirban Maity\r\nColorist:Smriti\r\nD.O P: Ashok Pramanik\r\nDialogue: Somnath Roy\r\nProduction Manager: Bapi Kanjilal\r\nProduction Controller: Kousick\r\nAssociate Director: Sanjoy Das\r\nCreative Director:Sabyasachi Mandal\r\nExecutive Producer: Satarupa Majumdar\r\nProduce By:DRISHTI &\r\nBIOCINE MEDIA ENTERTAINMENT PVT. LTD\r\nDirected By:Arindam Chakraborty',
        duration='1524',type='1',tag='infection, short film, bengali, indian short film, best insian short film, hit short film',category='ORIGINALS>SHORT FILMS',categoryid='297',
        updated_at='2018-12-06 08:03:25',shortdescription='',
        director='',producer='',cast='',crew='',sub_genre='DRAMA',
        language='BENGALI',pgrating='',video_status='inactive',custom_data=''
        where entryid='0_gd0mcokl'
06/12/2018 07:59:03 | SUCCESS | Updtate MetaData(0_xy7pgo6s) | By-Biocine_ott503 | update entry set name='STATUS | Bengali Short Film',thumbnail='http://ott.planetcast.in/p/110/sp/11000/thumbnail/entry_id/0_xy7pgo6s/version/100012',longdescription='Here we presenting a new short film trailer STATUS.. Cast By Arunava Dutta, Manali, Titly Aich, Tapas Basu, Pradyut, Uday..Present By Harit Ratna..Produce By Drishti & Biocine Media Entertainment Pvt. Ltd..Story & Directed By Biswajit Pal \r\n-----------------------------------------\r\nFilm: Status\r\nCast: Arunava Dutta,Manali,Titly Aich,Tapas Basu,Pradyut,Uday\r\nDOP: Asish Halder\r\nEdit: Souvik Singha Roy \r\nColorist: Rajat Shuvra Chakraborty(T S M) \r\nScript: Mrityunjoy\r\nSound Designer: Sanjiv Routh Sarkar \r\nChief Assistant Director: Utpal Pal \r\nV F X: Techno Speciality Media Pvt.Ltd\r\nExecutive Producer: Satarupa Majumder\r\nPresent By: Harit Ratna\r\nProduce By: Drishti & \r\nBiocine Media Entertainment Pvt. Ltd\r\nStory & Directed By: Biswajit Pal',
        duration='1236',type='1',tag='status, bengali short film, indian short film, best indian short film, movie, hit short film, jeeoguru',category='ORIGINALS>SHORT FILMS',categoryid='297',
        updated_at='2018-12-06 08:04:20',shortdescription='',
        director='',producer='',cast='',crew='',sub_genre='Drama',
        language='Bengali',pgrating='',video_status='inactive',custom_data=''
        where entryid='0_xy7pgo6s'
06/12/2018 08:04:01 | SUCCESS | Save New video(0_txadd9e8) | By-Biocine_ott503 | 
06/12/2018 08:05:29 | SUCCESS | Save Thumbnail(0_llyb57sq) | By-Biocine_ott503 | 
06/12/2018 08:06:59 | SUCCESS | Updtate MetaData(0_llyb57sq) | By-Biocine_ott503 | update entry set name='PAPI | TRAILER',thumbnail='http://ott.planetcast.in/p/110/sp/11000/thumbnail/entry_id/0_llyb57sq/version/100012',longdescription='Film\r\nPaapi\r\n\r\nCast\r\nJit\r\nEmon\r\nMoon\r\nSupriyo\r\nSunny\r\nMichael\r\n\r\nStory & Script\r\nMayukh Chatterjee\r\nAishik\r\n&\r\nPradip\r\n\r\nD.O.P\r\nRipon Hossain\r\nChayan Karmakar\r\n\r\nEditor\r\nGourab Dutta\r\n\r\nColor & Mix\r\nGourab Dutta\r\n\r\nDubbing & Foley \r\nPromix\r\n\r\nAssistant Director\r\nPradip\r\n&\r\nAishik\r\n\r\nProduced By\r\nRetro Films\r\n\r\nPresent By\r\nPurple Theatre\r\n\r\nDirected By\r\nGourab Dutta',
        duration='59',type='1',tag='papi, short film, bengali short film, indian short film, jeeoguru, gourab dutta, jiit',category='BAZAAR',categoryid='313',
        updated_at='2018-12-06 08:12:17',shortdescription='',
        director='',producer='',cast='',crew='',sub_genre='Drama',
        language='Bengali',pgrating='',video_status='inactive',custom_data=''
        where entryid='0_llyb57sq'
06/12/2018 08:08:45 | SUCCESS | Updtate MetaData(0_llyb57sq) | By-Biocine_ott503 | update entry set name='PAPI | TRAILER',thumbnail='http://ott.planetcast.in/p/110/sp/11000/thumbnail/entry_id/0_llyb57sq/version/100012',longdescription='Here we are present a bengali short film trailer \"PAPI\"\r\n--------------------------\r\n\r\nFilm\r\nPaapi\r\n\r\nCast\r\nJit\r\nEmon\r\nMoon\r\nSupriyo\r\nSunny\r\nMichael\r\n\r\nStory & Script\r\nMayukh Chatterjee\r\nAishik\r\n&\r\nPradip\r\n\r\nD.O.P\r\nRipon Hossain\r\nChayan Karmakar\r\n\r\nEditor\r\nGourab Dutta\r\n\r\nColor & Mix\r\nGourab Dutta\r\n\r\nDubbing & Foley \r\nPromix\r\n\r\nAssistant Director\r\nPradip\r\n&\r\nAishik\r\n\r\nProduced By\r\nRetro Films\r\n\r\nPresent By\r\nPurple Theatre\r\n\r\nDirected By\r\nGourab Dutta',
        duration='59',type='1',tag='papi, short film, bengali short film, indian short film, jeeoguru, gourab dutta, jiit',category='BAZAAR',categoryid='313',
        updated_at='2018-12-06 08:14:03',shortdescription='',
        director='',producer='',cast='',crew='',sub_genre='Drama',
        language='Bengali',pgrating='',video_status='active',custom_data=''
        where entryid='0_llyb57sq'
06/12/2018 08:11:25 | SUCCESS | Updtate MetaData(0_xy7pgo6s) | By-Biocine_ott503 | update entry set name='STATUS | Bengali Short Film',thumbnail='http://ott.planetcast.in/p/110/sp/11000/thumbnail/entry_id/0_xy7pgo6s/version/100012',longdescription='Here we presenting a new short film trailer STATUS.. Cast By Arunava Dutta, Manali, Titly Aich, Tapas Basu, Pradyut, Uday..Present By Harit Ratna..Produce By Drishti & Biocine Media Entertainment Pvt. Ltd..Story & Directed By Biswajit Pal \r\n-----------------------------------------\r\nFilm: Status\r\nCast: Arunava Dutta,Manali,Titly Aich,Tapas Basu,Pradyut,Uday\r\nDOP: Asish Halder\r\nEdit: Souvik Singha Roy \r\nColorist: Rajat Shuvra Chakraborty(T S M) \r\nScript: Mrityunjoy\r\nSound Designer: Sanjiv Routh Sarkar \r\nChief Assistant Director: Utpal Pal \r\nV F X: Techno Speciality Media Pvt.Ltd\r\nExecutive Producer: Satarupa Majumder\r\nPresent By: Harit Ratna\r\nProduce By: Drishti & \r\nBiocine Media Entertainment Pvt. Ltd\r\nStory & Directed By: Biswajit Pal',
        duration='1236',type='1',tag='status, bengali short film, indian short film, best indian short film, movie, hit short film, jeeoguru',category='ORIGINALS>SHORT FILMS',categoryid='297',
        updated_at='2018-12-06 08:16:42',shortdescription='',
        director='',producer='',cast='',crew='',sub_genre='Drama',
        language='Bengali',pgrating='',video_status='inactive',custom_data=''
        where entryid='0_xy7pgo6s'
06/12/2018 08:11:46 | SUCCESS | Save New video(0_48ov80y1) | By-Biocine_ott503 | 
06/12/2018 08:12:47 | SUCCESS | Save Thumbnail(0_kjx1jm5d) | By-Biocine_ott503 | 
06/12/2018 08:13:03 | SUCCESS | Updtate MetaData(0_xy7pgo6s) | By-Biocine_ott503 | update entry set name='STATUS | Bengali Short Film',thumbnail='http://ott.planetcast.in/p/110/sp/11000/thumbnail/entry_id/0_xy7pgo6s/version/100012',longdescription='Here we presenting a new short film trailer STATUS.. Cast By Arunava Dutta, Manali, Titly Aich, Tapas Basu, Pradyut, Uday..Present By Harit Ratna..Produce By Drishti & Biocine Media Entertainment Pvt. Ltd..Story & Directed By Biswajit Pal \r\n-----------------------------------------\r\nFilm: Status\r\nCast: Arunava Dutta,Manali,Titly Aich,Tapas Basu,Pradyut,Uday\r\nDOP: Asish Halder\r\nEdit: Souvik Singha Roy \r\nColorist: Rajat Shuvra Chakraborty(T S M) \r\nScript: Mrityunjoy\r\nSound Designer: Sanjiv Routh Sarkar \r\nChief Assistant Director: Utpal Pal \r\nV F X: Techno Speciality Media Pvt.Ltd\r\nExecutive Producer: Satarupa Majumder\r\nPresent By: Harit Ratna\r\nProduce By: Drishti & \r\nBiocine Media Entertainment Pvt. Ltd\r\nStory & Directed By: Biswajit Pal',
        duration='1236',type='1',tag='status, bengali short film, indian short film, best indian short film, movie, hit short film, jeeoguru',category='ORIGINALS>SHORT FILMS',categoryid='297',
        updated_at='2018-12-06 08:18:21',shortdescription='',
        director='',producer='',cast='',crew='',sub_genre='Drama',
        language='Bengali',pgrating='',video_status='inactive',custom_data=''
        where entryid='0_xy7pgo6s'
06/12/2018 08:19:02 | SUCCESS | Save New video(0_trcqm6e5) | By-Biocine_ott503 | 
06/12/2018 08:19:26 | SUCCESS | Updtate MetaData(0_bev86jtq) | By-Biocine_ott503 | update entry set name='SALESMAN ',thumbnail='http://ott.planetcast.in/p/110/sp/11000/thumbnail/entry_id/0_bev86jtq/version/100032',longdescription='Here we present a bengali short film  \"Salesman\".\r\nThe Story of a Man Who Married his Lover against the wish of his Parents,One day he shocked his Life when he discovered the secret of his Wife,He decide to take avenge his heartbreak with his Wife.\r\n\r\nFilm: Salesman\r\n\r\nCast: Imon, Shaan, Sourav, Aishik \r\n\r\nScript & Dialouge: Aishik & Pradip\r\n\r\nScript Asst. : Ananya Karmakar\r\n\r\nMusic, Lyrics & Vocal: Nachiketa\r\n\r\nD.O.P: Chyan Karmakar\r\n\r\nCamera Eqipment: Prasenjit Chandra\r\n\r\nDubbing, Foley & Ambience: Promix Studio\r\n\r\nEditor: Gourab Dutta\r\n\r\nColorist: Gourab Dutta\r\n\r\nAsst. Director: Pradip Sarkar, Aishik Bannerjee, Argha, Ananya Karmakar\r\n\r\nProduce By: A Bleu Hertz Entertainment\r\n\r\nPresent By: Purple Theatre\r\n\r\nDirected By: Gourab Dutta',
        duration='1113',type='1',tag='salesman, short film, indian short film, latest short film, santanu, shaan, purple, hot indian movie',category='BAZAAR',categoryid='313',
        updated_at='2018-12-06 08:24:44',shortdescription='',
        director='',producer='',cast='',crew='',sub_genre='Drama',
        language='Bengali',pgrating='',video_status='inactive',custom_data=''
        where entryid='0_bev86jtq'
06/12/2018 08:26:38 | SUCCESS | Updtate MetaData(0_41vurtyo) | By-Biocine_ott503 | update entry set name='Mishmi|EP 1|Bengali',thumbnail='http://ott.planetcast.in/p/110/sp/11000/thumbnail/entry_id/0_41vurtyo/version/100022',longdescription='we are presenting of Bengali Web Series \'MISHMI\'. Starring with Shaan, Sumedha, Soupayan, Pulakita, and others. Directed By Soumyajit Ganguly.\r\n-------------------------------------------------------------------\r\nMISHMI\r\n\r\nStory , Script & Direction\r\nSoumyajit Ganguly \r\n\r\nDOP\r\nChayan Karmakar \r\n\r\nStarring\r\nShaan\r\nSumedha\r\nSoupayan\r\nPulakita\r\nSudip & others \r\n\r\nCreative Producer\r\nRakes Gupta \r\n\r\nExecutive Producer\r\nRupak Majumdar \r\n\r\nProduction Controller\r\nKousick Mondal\r\n\r\nProduced by\r\nColumbaas Digiplex \r\n\r\nLocation Courtesy\r\nGovt of Thailand\r\nLocal authority of Phi Phi Island\r\n\r\nStreaming only on Jeeoguru apps..\r\n© 2018 BY COLUMBAAS DIGIPLEX',
        duration='777',type='1',tag='mishmi, web seies, bengali, indian short film, best indian short film, jeeoguru',category='ORIGINALS>WEB SERIES',categoryid='295',
        updated_at='2018-12-06 08:31:55',shortdescription='',
        director='',producer='',cast='',crew='',sub_genre='Drama',
        language='Bengali',pgrating='',video_status='inactive',custom_data=''
        where entryid='0_41vurtyo'
06/12/2018 08:30:13 | SUCCESS | Updtate MetaData(0_txadd9e8) | By-Biocine_ott503 | update entry set name='MISHMI|EP2|BENGALI',thumbnail='http://ott.planetcast.in/p/110/sp/11000/thumbnail/entry_id/0_txadd9e8/version/100022',longdescription='we are presenting  of Bengali Web Series \'MISHMI\'. Starring with Shaan, Sumedha, Soupayan, Pulakita, and others. Directed By Soumyajit Ganguly.\r\n-------------------------------------------------------------------\r\nMISHMI\r\n\r\nStory , Script & Direction\r\nSoumyajit Ganguly \r\n\r\nDOP\r\nChayan Karmakar \r\n\r\nStarring\r\nShaan\r\nSumedha\r\nSoupayan\r\nPulakita\r\nSudip & others \r\n\r\nCreative Producer\r\nRakes Gupta \r\n\r\nExecutive Producer\r\nRupak Majumdar \r\n\r\nProduction Controller\r\nKousick Mondal\r\n\r\nProduced by\r\nColumbaas Digiplex \r\n\r\nLocation Courtesy\r\nGovt of Thailand\r\nLocal authority of Phi Phi Island\r\n\r\nStreaming only on Jeeoguru apps..\r\n© 2018 BY COLUMBAAS DIGIPLEX',
        duration='690',type='1',tag='mishmi, bengali, episodes, web series, jeeoguru, santanu mandal, best indian short film',category='ORIGINALS>WEB SERIES',categoryid='295',
        updated_at='2018-12-06 08:35:30',shortdescription='',
        director='',producer='',cast='',crew='',sub_genre='Drama',
        language='Bengali',pgrating='',video_status='inactive',custom_data=''
        where entryid='0_txadd9e8'
06/12/2018 08:30:24 | SUCCESS | Updtate MetaData(0_y7xfbpcp) | By-Biocine_ott503 | update entry set name='MISHMI | TRAILER',thumbnail='http://ott.planetcast.in/p/110/sp/11000/thumbnail/entry_id/0_y7xfbpcp/version/100012',longdescription='we are presenting trailer of Bengali Web Series \'MISHMI\'. Starring with Shaan, Sumedha, Soupayan, Pulakita, and others. Directed By Soumyajit Ganguly.\r\n-------------------------------------------------------------------\r\nMISHMI\r\n\r\nStory , Script & Direction\r\nSoumyajit Ganguly \r\n\r\nDOP\r\nChayan Karmakar \r\n\r\nStarring\r\nShaan\r\nSumedha\r\nSoupayan\r\nPulakita\r\nSudip & others \r\n\r\nCreative Producer\r\nRakes Gupta \r\n\r\nExecutive Producer\r\nRupak Majumdar \r\n\r\nProduction Controller\r\nKousick Mondal\r\n\r\nProduced by\r\nColumbaas Digiplex \r\n\r\nLocation Courtesy\r\nGovt of Thailand\r\nLocal authority of Phi Phi Island\r\n\r\nStreaming only on Jeeoguru apps..\r\n© 2018 BY COLUMBAAS DIGIPLEX',
        duration='125',type='1',tag='mishmi, trailer, web series, bengali, latest hit',category='ORIGINALS>WEB SERIES',categoryid='295',
        updated_at='2018-12-06 08:35:42',shortdescription='',
        director='',producer='',cast='',crew='',sub_genre='Drama',
        language='Bengali',pgrating='',video_status='active',custom_data=''
        where entryid='0_y7xfbpcp'
06/12/2018 08:36:35 | SUCCESS | Updtate MetaData(0_wwkcrzhh) | By-Biocine_ott503 | update entry set name='BABY & BABU|EP1|BENGALI',thumbnail='http://ott.planetcast.in/p/110/sp/11000/thumbnail/entry_id/0_wwkcrzhh/version/100002',longdescription='Here we are presenting promo of Bengali Web Series \'BABY & BABU\'. Starring with Amitabh , Meghna Haldar , Prosun , Ankita , Subrata Guha Roy , Moumita Gupta , Sarmistha & Others . Directed By Soumyajit Ganguly.\r\n------------------------------------------------------------\r\nBABY & BABU\r\n\r\nStory & Script: Subhamay Biswas \r\n\r\nDirection: Soumyajit Ganguly \r\n\r\nAssociated Director: Sabyasachi Mandal \r\n\r\nCreative Director: Sudip Chakraborty & Jit Chakraborty ( Song) \r\n\r\nDOP: Chayan Karmakar \r\n\r\nStarring: Amitabh, Meghna Haldar, Prosun, Ankita, Subrata Guha Roy, Moumita Gupta, Sarmistha & Others \r\n\r\nCreative Producer: Rakes Gupta \r\n\r\nExecutive Producer: Rupak Majumdar \r\n\r\nProduced by: Columbaas Digiplex \r\n\r\nProduction Controller: Kousick Mondal\r\n\r\nStreaming only on Jeeoguru apps\r\n© 2018 BY COLUMBAAS DIGIPLEX',
        duration='861',type='1',tag='baby & babu, comedy, web series, jeeoguru, episodes, comedy movies, best indian short film, best comedy scene, new release',category='ORIGINALS>WEB SERIES',categoryid='295',
        updated_at='2018-12-06 08:41:52',shortdescription='',
        director='',producer='',cast='',crew='',sub_genre='Drama',
        language='Bengali',pgrating='',video_status='inactive',custom_data=''
        where entryid='0_wwkcrzhh'
06/12/2018 08:36:41 | SUCCESS | Updtate MetaData(0_wosdpimj) | By-Biocine_ott503 | update entry set name='BABY & BABU TRAILER',thumbnail='http://ott.planetcast.in/p/110/sp/11000/thumbnail/entry_id/0_wosdpimj/version/100012',longdescription='Here we are presenting promo of Bengali Web Series \'BABY & BABU\'. Starring with Amitabh , Meghna Haldar , Prosun , Ankita , Subrata Guha Roy , Moumita Gupta , Sarmistha & Others . Directed By Soumyajit Ganguly.\r\n------------------------------------------------------------\r\nBABY & BABU\r\n\r\nStory & Script: Subhamay Biswas \r\n\r\nDirection: Soumyajit Ganguly \r\n\r\nAssociated Director: Sabyasachi Mandal \r\n\r\nCreative Director: Sudip Chakraborty & Jit Chakraborty ( Song) \r\n\r\nDOP: Chayan Karmakar \r\n\r\nStarring: Amitabh, Meghna Haldar, Prosun, Ankita, Subrata Guha Roy, Moumita Gupta, Sarmistha & Others \r\n\r\nCreative Producer: Rakes Gupta \r\n\r\nExecutive Producer: Rupak Majumdar \r\n\r\nProduced by: Columbaas Digiplex \r\n\r\nProduction Controller: Kousick Mondal\r\n\r\nStreaming only on Jeeoguru apps\r\n© 2018 BY COLUMBAAS DIGIPLEX',
        duration='120',type='1',tag='baby & babu, web series, comedy, new, indian movie, jeeoguru, latest hit',category='ORIGINALS>WEB SERIES',categoryid='295',
        updated_at='2018-12-06 08:41:59',shortdescription='',
        director='',producer='',cast='',crew='',sub_genre='Drama',
        language='Bengali',pgrating='',video_status='active',custom_data=''
        where entryid='0_wosdpimj'
06/12/2018 08:36:57 | SUCCESS | Updtate MetaData(0_wwkcrzhh) | By-Biocine_ott503 | update entry set name='BABY & BABU|EP1|BENGALI',thumbnail='http://ott.planetcast.in/p/110/sp/11000/thumbnail/entry_id/0_wwkcrzhh/version/100002',longdescription='Here we are presenting promo of Bengali Web Series \'BABY & BABU\'. Starring with Amitabh , Meghna Haldar , Prosun , Ankita , Subrata Guha Roy , Moumita Gupta , Sarmistha & Others . Directed By Soumyajit Ganguly.\r\n------------------------------------------------------------\r\nBABY & BABU\r\n\r\nStory & Script: Subhamay Biswas \r\n\r\nDirection: Soumyajit Ganguly \r\n\r\nAssociated Director: Sabyasachi Mandal \r\n\r\nCreative Director: Sudip Chakraborty & Jit Chakraborty ( Song) \r\n\r\nDOP: Chayan Karmakar \r\n\r\nStarring: Amitabh, Meghna Haldar, Prosun, Ankita, Subrata Guha Roy, Moumita Gupta, Sarmistha & Others \r\n\r\nCreative Producer: Rakes Gupta \r\n\r\nExecutive Producer: Rupak Majumdar \r\n\r\nProduced by: Columbaas Digiplex \r\n\r\nProduction Controller: Kousick Mondal\r\n\r\nStreaming only on Jeeoguru apps\r\n© 2018 BY COLUMBAAS DIGIPLEX',
        duration='861',type='1',tag='baby & babu, comedy, web series, jeeoguru, episodes, comedy movies, best indian short film, best comedy scene, new release',category='ORIGINALS>WEB SERIES',categoryid='295',
        updated_at='2018-12-06 08:42:15',shortdescription='',
        director='',producer='',cast='',crew='',sub_genre='Drama',
        language='Bengali',pgrating='',video_status='inactive',custom_data=''
        where entryid='0_wwkcrzhh'
06/12/2018 08:37:03 | SUCCESS | Updtate MetaData(0_wwkcrzhh) | By-Biocine_ott503 | update entry set name='BABY & BABU|EP1|BENGALI',thumbnail='http://ott.planetcast.in/p/110/sp/11000/thumbnail/entry_id/0_wwkcrzhh/version/100002',longdescription='Here we are presenting promo of Bengali Web Series \'BABY & BABU\'. Starring with Amitabh , Meghna Haldar , Prosun , Ankita , Subrata Guha Roy , Moumita Gupta , Sarmistha & Others . Directed By Soumyajit Ganguly.\r\n------------------------------------------------------------\r\nBABY & BABU\r\n\r\nStory & Script: Subhamay Biswas \r\n\r\nDirection: Soumyajit Ganguly \r\n\r\nAssociated Director: Sabyasachi Mandal \r\n\r\nCreative Director: Sudip Chakraborty & Jit Chakraborty ( Song) \r\n\r\nDOP: Chayan Karmakar \r\n\r\nStarring: Amitabh, Meghna Haldar, Prosun, Ankita, Subrata Guha Roy, Moumita Gupta, Sarmistha & Others \r\n\r\nCreative Producer: Rakes Gupta \r\n\r\nExecutive Producer: Rupak Majumdar \r\n\r\nProduced by: Columbaas Digiplex \r\n\r\nProduction Controller: Kousick Mondal\r\n\r\nStreaming only on Jeeoguru apps\r\n© 2018 BY COLUMBAAS DIGIPLEX',
        duration='861',type='1',tag='baby & babu, comedy, web series, jeeoguru, episodes, comedy movies, best indian short film, best comedy scene, new release',category='ORIGINALS>WEB SERIES',categoryid='295',
        updated_at='2018-12-06 08:42:21',shortdescription='',
        director='',producer='',cast='',crew='',sub_genre='Drama',
        language='Bengali',pgrating='',video_status='inactive',custom_data=''
        where entryid='0_wwkcrzhh'
06/12/2018 08:38:59 | SUCCESS | Updtate MetaData(0_m06gqr15) | By-Biocine_ott503 | update entry set name='BABY & BABU|EP2|BENGALI',thumbnail='http://ott.planetcast.in/p/110/sp/11000/thumbnail/entry_id/0_m06gqr15/version/100002',longdescription='Here we are presenting promo of Bengali Web Series \'BABY & BABU\'. Starring with Amitabh , Meghna Haldar , Prosun , Ankita , Subrata Guha Roy , Moumita Gupta , Sarmistha & Others . Directed By Soumyajit Ganguly.\r\n------------------------------------------------------------\r\nBABY & BABU\r\n\r\nStory & Script: Subhamay Biswas \r\n\r\nDirection: Soumyajit Ganguly \r\n\r\nAssociated Director: Sabyasachi Mandal \r\n\r\nCreative Director: Sudip Chakraborty & Jit Chakraborty ( Song) \r\n\r\nDOP: Chayan Karmakar \r\n\r\nStarring: Amitabh, Meghna Haldar, Prosun, Ankita, Subrata Guha Roy, Moumita Gupta, Sarmistha & Others \r\n\r\nCreative Producer: Rakes Gupta \r\n\r\nExecutive Producer: Rupak Majumdar \r\n\r\nProduced by: Columbaas Digiplex \r\n\r\nProduction Controller: Kousick Mondal\r\n\r\nStreaming only on Jeeoguru apps\r\n© 2018 BY COLUMBAAS DIGIPLEX',
        duration='866',type='1',tag='baby & babu, comedy, webseries, bengali, latest, comedy movies, jeeoguru, best comedy scene, soumyajit ganguly',category='ORIGINALS>WEB SERIES',categoryid='295',
        updated_at='2018-12-06 08:44:16',shortdescription='',
        director='',producer='',cast='',crew='',sub_genre='Drama',
        language='Bengali',pgrating='',video_status='inactive',custom_data=''
        where entryid='0_m06gqr15'
06/12/2018 08:39:16 | SUCCESS | Updtate MetaData(0_wwkcrzhh) | By-Biocine_ott503 | update entry set name='BABY & BABU|EP1|BENGALI',thumbnail='http://ott.planetcast.in/p/110/sp/11000/thumbnail/entry_id/0_wwkcrzhh/version/100002',longdescription='Here we are presenting promo of Bengali Web Series \'BABY & BABU\'. Starring with Amitabh , Meghna Haldar , Prosun , Ankita , Subrata Guha Roy , Moumita Gupta , Sarmistha & Others . Directed By Soumyajit Ganguly.\r\n------------------------------------------------------------\r\nBABY & BABU\r\n\r\nStory & Script: Subhamay Biswas \r\n\r\nDirection: Soumyajit Ganguly \r\n\r\nAssociated Director: Sabyasachi Mandal \r\n\r\nCreative Director: Sudip Chakraborty & Jit Chakraborty ( Song) \r\n\r\nDOP: Chayan Karmakar \r\n\r\nStarring: Amitabh, Meghna Haldar, Prosun, Ankita, Subrata Guha Roy, Moumita Gupta, Sarmistha & Others \r\n\r\nCreative Producer: Rakes Gupta \r\n\r\nExecutive Producer: Rupak Majumdar \r\n\r\nProduced by: Columbaas Digiplex \r\n\r\nProduction Controller: Kousick Mondal\r\n\r\nStreaming only on Jeeoguru apps\r\n© 2018 BY COLUMBAAS DIGIPLEX',
        duration='861',type='1',tag='baby & babu, comedy, web series, jeeoguru, episodes, comedy movies, best indian short film, best comedy scene, new release',category='ORIGINALS>WEB SERIES',categoryid='295',
        updated_at='2018-12-06 08:44:34',shortdescription='',
        director='',producer='',cast='',crew='',sub_genre='Drama',
        language='Bengali',pgrating='',video_status='inactive',custom_data=''
        where entryid='0_wwkcrzhh'
06/12/2018 08:41:31 | SUCCESS | Updtate MetaData(0_48ov80y1) | By-Biocine_ott503 | update entry set name='STATUS TRAILER',thumbnail='http://ott.planetcast.in/p/110/sp/11000/thumbnail/entry_id/0_48ov80y1/version/100022',longdescription='Here we presenting a new short film trailer STATUS.. Cast By Arunava Dutta, Manali, Titly Aich, Tapas Basu, Pradyut, Uday..Present By Harit Ratna..Produce By Drishti & Biocine Media Entertainment Pvt. Ltd..Story & Directed By Biswajit Pal \r\n-----------------------------------------\r\nFilm: Status\r\nCast: Arunava Dutta,Manali,Titly Aich,Tapas Basu,Pradyut,Uday\r\nDOP: Asish Halder\r\nEdit: Souvik Singha Roy \r\nColorist: Rajat Shuvra Chakraborty(T S M) \r\nScript: Mrityunjoy\r\nSound Designer: Sanjiv Routh Sarkar \r\nChief Assistant Director: Utpal Pal \r\nV F X: Techno Speciality Media Pvt.Ltd\r\nExecutive Producer: Satarupa Majumder\r\nPresent By: Harit Ratna\r\nProduce By: Drishti & Biocine Media Entertainment Pvt. Ltd\r\nStory & Directed By: Biswajit Pal',
        duration='79',type='1',tag='',category='ORIGINALS>SHORT FILMS',categoryid='297',
        updated_at='2018-12-06 08:46:49',shortdescription='',
        director='',producer='',cast='',crew='',sub_genre='DRAMA',
        language='BENGALI',pgrating='',video_status='inactive',custom_data=''
        where entryid='0_48ov80y1'
06/12/2018 08:43:46 | SUCCESS | Delete Video entry(0_kjx1jm5d) | By-Biocine_ott503 | 
06/12/2018 08:43:55 | SUCCESS | Updtate MetaData(0_48ov80y1) | By-Biocine_ott503 | update entry set name='STATUS TRAILER',thumbnail='http://ott.planetcast.in/p/110/sp/11000/thumbnail/entry_id/0_48ov80y1/version/100022',longdescription='Here we presenting a new short film trailer STATUS.. Cast By Arunava Dutta, Manali, Titly Aich, Tapas Basu, Pradyut, Uday..Present By Harit Ratna..Produce By Drishti & Biocine Media Entertainment Pvt. Ltd..Story & Directed By Biswajit Pal \r\n-----------------------------------------\r\nFilm: Status\r\nCast: Arunava Dutta,Manali,Titly Aich,Tapas Basu,Pradyut,Uday\r\nDOP: Asish Halder\r\nEdit: Souvik Singha Roy \r\nColorist: Rajat Shuvra Chakraborty(T S M) \r\nScript: Mrityunjoy\r\nSound Designer: Sanjiv Routh Sarkar \r\nChief Assistant Director: Utpal Pal \r\nV F X: Techno Speciality Media Pvt.Ltd\r\nExecutive Producer: Satarupa Majumder\r\nPresent By: Harit Ratna\r\nProduce By: Drishti & Biocine Media Entertainment Pvt. Ltd\r\nStory & Directed By: Biswajit Pal',
        duration='79',type='1',tag='',category='ORIGINALS>SHORT FILMS',categoryid='297',
        updated_at='2018-12-06 08:49:12',shortdescription='',
        director='',producer='',cast='',crew='',sub_genre='DRAMA',
        language='BENGALI',pgrating='',video_status='active',custom_data=''
        where entryid='0_48ov80y1'
06/12/2018 08:44:24 | SUCCESS | Save Thumbnail(0_48ov80y1) | By-Biocine_ott503 | 
06/12/2018 08:44:27 | SUCCESS | Updtate MetaData(0_xy7pgo6s) | By-Biocine_ott503 | update entry set name='STATUS | Bengali Short Film',thumbnail='http://ott.planetcast.in/p/110/sp/11000/thumbnail/entry_id/0_xy7pgo6s/version/100012',longdescription='Here we presenting a new short film trailer STATUS.. Cast By Arunava Dutta, Manali, Titly Aich, Tapas Basu, Pradyut, Uday..Present By Harit Ratna..Produce By Drishti & Biocine Media Entertainment Pvt. Ltd..Story & Directed By Biswajit Pal \r\n-----------------------------------------\r\nFilm: Status\r\nCast: Arunava Dutta,Manali,Titly Aich,Tapas Basu,Pradyut,Uday\r\nDOP: Asish Halder\r\nEdit: Souvik Singha Roy \r\nColorist: Rajat Shuvra Chakraborty(T S M) \r\nScript: Mrityunjoy\r\nSound Designer: Sanjiv Routh Sarkar \r\nChief Assistant Director: Utpal Pal \r\nV F X: Techno Speciality Media Pvt.Ltd\r\nExecutive Producer: Satarupa Majumder\r\nPresent By: Harit Ratna\r\nProduce By: Drishti & \r\nBiocine Media Entertainment Pvt. Ltd\r\nStory & Directed By: Biswajit Pal',
        duration='1236',type='1',tag='status, bengali short film, indian short film, best indian short film, movie, hit short film, jeeoguru',category='ORIGINALS>SHORT FILMS',categoryid='297',
        updated_at='2018-12-06 08:49:45',shortdescription='',
        director='',producer='',cast='',crew='',sub_genre='Drama',
        language='Bengali',pgrating='',video_status='inactive',custom_data=''
        where entryid='0_xy7pgo6s'
06/12/2018 08:51:03 | SUCCESS | Updtate MetaData(0_5us5cziw) | By-Biocine_ott503 | update entry set name='Leave Together|Promo| Jeeo Guru',thumbnail='http://ott.planetcast.in/p/110/sp/11000/thumbnail/entry_id/0_5us5cziw/version/100022',longdescription='Here we are presenting  promo of Hindi Web Series \'LEAVE TOGETHER\'. Starring with Anang Deshai , Mithu Chakraborty, Ankita Roy, Rajdeep Hira, Kavita Banerjee, and others. Directed By Joydip Banerjee.\r\n-------------------------------------------------------------\r\nLEAVE TOGETHER\r\n\r\nWritten by\r\nSoumit Deb\r\n\r\nSeries co created by\r\nSoumit Deb \r\n& Joydip Banerjee\r\n\r\nDirected by\r\nJoydip Banerjee\r\n \r\nDOP\r\nAmlan Saha\r\n\r\nEditor\r\nPabitra Jana\r\n\r\nStarring\r\nAnang Deshai\r\nMithu Chakraborty\r\nAnkita Roy\r\nRajdeep Hira\r\nKavita Banerjee & Others\r\n \r\nCreative Producer\r\nSoumyajit Ganguly \r\n& Rakes Gupata \r\n\r\nProduced by\r\nColumbaas Digiplex  \r\n \r\nProduction Controller\r\nKousick Mondal\r\n\r\nStreaming only on Jeeoguru apps',
        duration='91',type='1',tag='promo, leave, together, anang deshai, mithu, web series, hindi, comedy, love story, sex, romantic',category='ORIGINALS>WEB SERIES',categoryid='295',
        updated_at='2018-12-06 08:56:20',shortdescription='',
        director='',producer='',cast='',crew='',sub_genre='Drama',
        language='Hindi',pgrating='',video_status='active',custom_data=''
        where entryid='0_5us5cziw'
06/12/2018 08:51:08 | SUCCESS | Save New video(0_sbesk2di) | By-Biocine_ott503 | 
06/12/2018 08:51:50 | SUCCESS | Updtate MetaData(0_txadd9e8) | By-Biocine_ott503 | update entry set name='MISHMI|EP2|BENGALI',thumbnail='http://ott.planetcast.in/p/110/sp/11000/thumbnail/entry_id/0_txadd9e8/version/100022',longdescription='we are presenting  of Bengali Web Series \'MISHMI\'. Starring with Shaan, Sumedha, Soupayan, Pulakita, and others. Directed By Soumyajit Ganguly.\r\n-------------------------------------------------------------------\r\nMISHMI\r\n\r\nStory , Script & Direction\r\nSoumyajit Ganguly \r\n\r\nDOP\r\nChayan Karmakar \r\n\r\nStarring\r\nShaan\r\nSumedha\r\nSoupayan\r\nPulakita\r\nSudip & others \r\n\r\nCreative Producer\r\nRakes Gupta \r\n\r\nExecutive Producer\r\nRupak Majumdar \r\n\r\nProduction Controller\r\nKousick Mondal\r\n\r\nProduced by\r\nColumbaas Digiplex \r\n\r\nLocation Courtesy\r\nGovt of Thailand\r\nLocal authority of Phi Phi Island\r\n\r\nStreaming only on Jeeoguru apps..\r\n© 2018 BY COLUMBAAS DIGIPLEX',
        duration='690',type='1',tag='mishmi, bengali, episodes, web series, jeeoguru, santanu mandal, best indian short film',category='ORIGINALS>WEB SERIES',categoryid='295',
        updated_at='2018-12-06 08:57:08',shortdescription='',
        director='',producer='',cast='',crew='',sub_genre='Drama',
        language='Bengali',pgrating='',video_status='inactive',custom_data=''
        where entryid='0_txadd9e8'
06/12/2018 09:23:47 | SUCCESS | Save Thumbnail(0_sbesk2di) | By-Biocine_ott503 | 
06/12/2018 09:23:58 | SUCCESS | Updtate MetaData(0_sbesk2di) | By-Biocine_ott503 | update entry set name='LEAVE TOGETHER | TRAILER',thumbnail='http://ott.planetcast.in/p/110/sp/11000/thumbnail/entry_id/0_sbesk2di/version/100032',longdescription='Here we are presenting  promo of Hindi Web Series \'LEAVE TOGETHER\'. Starring with Anang Deshai , Mithu Chakraborty, Ankita Roy, Rajdeep Hira, Kavita Banerjee, and others. Directed By Joydip Banerjee.\r\n-------------------------------------------------------------\r\nLEAVE TOGETHER\r\n\r\nWritten by\r\nSoumit Deb\r\n\r\nSeries co created by\r\nSoumit Deb \r\n& Joydip Banerjee\r\n\r\nDirected by\r\nJoydip Banerjee\r\n \r\nDOP\r\nAmlan Saha\r\n\r\nEditor\r\nPabitra Jana\r\n\r\nStarring\r\nAnang Deshai\r\nMithu Chakraborty\r\nAnkita Roy\r\nRajdeep Hira\r\nKavita Banerjee & Others\r\n \r\nCreative Producer\r\nSoumyajit Ganguly \r\n& Rakes Gupata \r\n\r\nProduced by\r\nColumbaas Digiplex  \r\n \r\nProduction Controller\r\nKousick Mondal\r\n\r\nStreaming only on Jeeoguru apps',
        duration='89',type='1',tag='leave together, web series, hindi, jeeoguru',category='',categoryid='',
        updated_at='2018-12-06 09:29:15',shortdescription='',
        director='',producer='',cast='',crew='',sub_genre='',
        language='',pgrating='',video_status='active',custom_data=''
        where entryid='0_sbesk2di'
06/12/2018 09:24:10 | SUCCESS | Updtate MetaData(0_5us5cziw) | By-Biocine_ott503 | update entry set name='Leave Together|Promo| Jeeo Guru',thumbnail='http://ott.planetcast.in/p/110/sp/11000/thumbnail/entry_id/0_5us5cziw/version/100022',longdescription='Here we are presenting  promo of Hindi Web Series \'LEAVE TOGETHER\'. Starring with Anang Deshai , Mithu Chakraborty, Ankita Roy, Rajdeep Hira, Kavita Banerjee, and others. Directed By Joydip Banerjee.\r\n-------------------------------------------------------------\r\nLEAVE TOGETHER\r\n\r\nWritten by\r\nSoumit Deb\r\n\r\nSeries co created by\r\nSoumit Deb \r\n& Joydip Banerjee\r\n\r\nDirected by\r\nJoydip Banerjee\r\n \r\nDOP\r\nAmlan Saha\r\n\r\nEditor\r\nPabitra Jana\r\n\r\nStarring\r\nAnang Deshai\r\nMithu Chakraborty\r\nAnkita Roy\r\nRajdeep Hira\r\nKavita Banerjee & Others\r\n \r\nCreative Producer\r\nSoumyajit Ganguly \r\n& Rakes Gupata \r\n\r\nProduced by\r\nColumbaas Digiplex  \r\n \r\nProduction Controller\r\nKousick Mondal\r\n\r\nStreaming only on Jeeoguru apps',
        duration='91',type='1',tag='promo, leave, together, anang deshai, mithu, web series, hindi, comedy, love story, sex, romantic',category='ORIGINALS>WEB SERIES',categoryid='295',
        updated_at='2018-12-06 09:29:28',shortdescription='',
        director='',producer='',cast='',crew='',sub_genre='Drama',
        language='Hindi',pgrating='',video_status='active',custom_data=''
        where entryid='0_5us5cziw'
06/12/2018 09:24:29 | SUCCESS | update Slider Detail(0_sbesk2di,'') | By-Biocine_ott503 | 
06/12/2018 09:24:38 | SUCCESS | Delete Video entry(0_5us5cziw) | By-Biocine_ott503 | 
06/12/2018 09:26:31 | SUCCESS | Updtate MetaData(0_sbesk2di) | By-Biocine_ott503 | update entry set name='LEAVE TOGETHER | TRAILER',thumbnail='http://ott.planetcast.in/p/110/sp/11000/thumbnail/entry_id/0_sbesk2di/version/100032',longdescription='Here we are presenting  promo of Hindi Web Series \'LEAVE TOGETHER\'. Starring with Anang Deshai , Mithu Chakraborty, Ankita Roy, Rajdeep Hira, Kavita Banerjee, and others. Directed By Joydip Banerjee.\r\n-------------------------------------------------------------\r\nLEAVE TOGETHER\r\n\r\nWritten by\r\nSoumit Deb\r\n\r\nSeries co created by\r\nSoumit Deb \r\n& Joydip Banerjee\r\n\r\nDirected by\r\nJoydip Banerjee\r\n \r\nDOP\r\nAmlan Saha\r\n\r\nEditor\r\nPabitra Jana\r\n\r\nStarring\r\nAnang Deshai\r\nMithu Chakraborty\r\nAnkita Roy\r\nRajdeep Hira\r\nKavita Banerjee & Others\r\n \r\nCreative Producer\r\nSoumyajit Ganguly \r\n& Rakes Gupata \r\n\r\nProduced by\r\nColumbaas Digiplex  \r\n \r\nProduction Controller\r\nKousick Mondal\r\n\r\nStreaming only on Jeeoguru apps',
        duration='89',type='1',tag='leave together, web series, hindi, jeeoguru',category='ORIGINALS>WEB SERIES',categoryid='295',
        updated_at='2018-12-06 09:31:49',shortdescription='',
        director='',producer='',cast='',crew='',sub_genre='',
        language='',pgrating='',video_status='active',custom_data=''
        where entryid='0_sbesk2di'
06/12/2018 09:30:39 | SUCCESS | Updtate MetaData(0_wosdpimj) | By-Biocine_ott503 | update entry set name='BABY & BABU TRAILER',thumbnail='http://ott.planetcast.in/p/110/sp/11000/thumbnail/entry_id/0_wosdpimj/version/100012',longdescription='Here we are presenting promo of Bengali Web Series \'BABY & BABU\'. Starring with Amitabh , Meghna Haldar , Prosun , Ankita , Subrata Guha Roy , Moumita Gupta , Sarmistha & Others . Directed By Soumyajit Ganguly.\r\n------------------------------------------------------------\r\nBABY & BABU\r\n\r\nStory & Script: Subhamay Biswas \r\n\r\nDirection: Soumyajit Ganguly \r\n\r\nAssociated Director: Sabyasachi Mandal \r\n\r\nCreative Director: Sudip Chakraborty & Jit Chakraborty ( Song) \r\n\r\nDOP: Chayan Karmakar \r\n\r\nStarring: Amitabh, Meghna Haldar, Prosun, Ankita, Subrata Guha Roy, Moumita Gupta, Sarmistha & Others \r\n\r\nCreative Producer: Rakes Gupta \r\n\r\nExecutive Producer: Rupak Majumdar \r\n\r\nProduced by: Columbaas Digiplex \r\n\r\nProduction Controller: Kousick Mondal\r\n\r\nStreaming only on Jeeoguru apps\r\n© 2018 BY COLUMBAAS DIGIPLEX',
        duration='120',type='1',tag='baby & babu, web series, comedy, new, indian movie, jeeoguru, latest hit',category='ORIGINALS>WEB SERIES',categoryid='295',
        updated_at='2018-12-06 09:35:57',shortdescription='',
        director='',producer='',cast='',crew='',sub_genre='Drama',
        language='Bengali',pgrating='',video_status='active',custom_data=''
        where entryid='0_wosdpimj'
06/12/2018 09:40:07 | SUCCESS | Save Thumbnail(0_hw4c9i85) | By-Biocine_ott503 | 
06/12/2018 05:04:13 | SUCCESS | login-(Biocine) | By-Biocine_ott503 | 
06/12/2018 05:29:31 | SUCCESS | login-(Biocine) | By-Biocine_ott503 | 
06/12/2018 10:59:56 | SUCCESS | Updtate MetaData(0_7wz03e9w) | By-Biocine_ott503 | update entry set name='ELO SHE NATION',thumbnail='http://ott.planetcast.in/p/110/sp/11000/thumbnail/entry_id/0_7wz03e9w/version/100032',longdescription='Here we Presenting new bengali short Film \"ELO SHE NATION\".\r\n---------------------------------------------------\r\nCAST:KAUSHIK, ARUNDHATI, SARMISTHA\r\nSTORY & SCRIPT: GAUTAM BHATTACHARIYA \r\nDOP: SMRITI & AMLAN \r\nASSITANT DOP & LIGHT: BARUN DUTTA BANIK \r\nEDIT & COLORIST: SMRITI\r\nASSITANT EDITOR & SOUND RECODIST: MILAN\r\nPRODUCTION DESIGN: KOUSICK MONDAL\r\nPRODUCTION CONTROLLER: RANJIT MONDAL\r\nTECHNICAL ASSISTANCE: TELECINE\r\nASSOCIATED DIRECTOR: SABYASACHI MANDAL\r\nPRODUCED BY: CINETUBE DIGITAL \r\nDIRECTED BY: RANA SEN',
        duration='1034',type='1',tag='elo she nation, new short film, phycological, romantic, short film bengali, top short film, indian short film, best short film, jeeoguru, short film stories',category='ORIGINALS>SHORT FILMS',categoryid='297',
        updated_at='2018-12-06 11:05:14',shortdescription='',
        director='',producer='',cast='',crew='',sub_genre='Drama',
        language='Bengali',pgrating='',video_status='inactive',custom_data=''
        where entryid='0_7wz03e9w'
06/12/2018 11:07:13 | SUCCESS | Updtate MetaData(0_uure7wap) | By-Biocine_ott503 | update entry set name='PASSION ',thumbnail='http://ott.planetcast.in/p/110/sp/11000/thumbnail/entry_id/0_uure7wap/version/100032',longdescription='Here we present New Bengali Short Film \"Passion\"..Featuring with Nigel, Arita, Diyatri, Atanu and others..Produce By Cinetube Digital..Concept & Direction by Ani Ray..\r\n----------------------------------------------------------\r\nFilm: Passion (প্যাশন)\r\nFeaturing: Nigel Akkara, Arita Pal, Diyatri, Atanu Banerjee and others\r\nScript & Dialogue - Pavel Midya\r\nD.O.P- Goutam Das\r\nEdit & Sound Design : Milan\r\nChief Asst. Director: Bibhas Bera\r\nGraphics: Ramkrishna\r\nColorist: Smriti\r\nCreative Director: Sabyasachi Mandal\r\nProduce By: Cinetube Digital\r\nConcept & Direction : Ani Ray',
        duration='2479',type='1',tag='passion, short film, bengali, new short film',category='ORIGINALS>SHORT FILMS',categoryid='297',
        updated_at='2018-12-06 11:12:31',shortdescription='',
        director='',producer='',cast='',crew='',sub_genre='Drama',
        language='Bengali',pgrating='',video_status='inactive',custom_data=''
        where entryid='0_uure7wap'
06/12/2018 11:36:41 | SUCCESS | Updtate MetaData(0_fn1h74l7) | By-Biocine_ott503 | update entry set name='SUZETTE|TRAILER',thumbnail='http://ott.planetcast.in/p/110/sp/11000/thumbnail/entry_id/0_fn1h74l7/version/100002',longdescription='',
        duration='84',type='1',tag='',category='ORIGINALS>SHORT FILMS',categoryid='297',
        updated_at='2018-12-06 11:41:59',shortdescription='',
        director='',producer='',cast='',crew='',sub_genre='DRAMA',
        language='HINDI',pgrating='',video_status='inactive',custom_data=''
        where entryid='0_fn1h74l7'
06/12/2018 11:38:16 | SUCCESS | Save Thumbnail(0_fn1h74l7) | By-Biocine_ott503 | 
06/12/2018 06:56:51 | SUCCESS | login-(Biocine) | By-Biocine_ott503 | 
06/12/2018 07:47:59 | SUCCESS | login-(Biocine) | By-Biocine_ott503 | 
06/12/2018 08:05:10 | SUCCESS | login-(Biocine) | By-Biocine_ott503 | 
06/12/2018 14:31:39 | SUCCESS | Save New video(0_1u822ei4) | By-Biocine_ott503 | 
06/12/2018 10:50:00 | SUCCESS | login-(Biocine) | By-Biocine_ott503 | 
06/12/2018 11:33:39 | SUCCESS | login-(Biocine) | By-Biocine_ott503 | 
06/12/2018 11:46:56 | SUCCESS | login-(Biocine) | By-Biocine_ott503 | 
06/12/2018 17:50:16 | SUCCESS | Delete Video entry(0_aflb8k3x) | By-Biocine_ott503 | 
06/12/2018 17:50:41 | SUCCESS | Updtate MetaData(0_fn1h74l7) | By-Biocine_ott503 | update entry set name='SUZETTE|TRAILER',thumbnail='http://ott.planetcast.in/p/110/sp/11000/thumbnail/entry_id/0_fn1h74l7/version/100012',longdescription='',
        duration='84',type='1',tag='',category='ORIGINALS>SHORT FILMS',categoryid='297',
        updated_at='2018-12-06 17:55:59',shortdescription='',
        director='',producer='',cast='',crew='',sub_genre='DRAMA',
        language='HINDI',pgrating='',video_status='active',custom_data=''
        where entryid='0_fn1h74l7'
06/12/2018 17:55:07 | SUCCESS | Register User active(UserID:518,Status:active) | By-Biocine_ott503 | 
06/12/2018 18:12:29 | SUCCESS | Save New video(0_v054ov82) | By-Biocine_ott503 | 
06/12/2018 12:50:30 | SUCCESS | login-(Biocine) | By-Biocine_ott503 | 
06/12/2018 18:35:25 | SUCCESS | Updtate MetaData(0_2cz8jrq0) | By-Biocine_ott503 | update entry set name='ECHHE|NACHIKETA CHAKRABORTY',thumbnail='http://ott.planetcast.in/p/110/sp/11000/thumbnail/entry_id/0_2cz8jrq0/version/100042',longdescription='Here we presenting a Bengali Modern Song ‘Echhe’ by Nachiketa Chakraborty...\r\nThis Song is based on the eternal desire of a father to love & protect his daughter from outer world. For a father such times of togetherness are the most precious gifts in his life proving the love, affection & bonding  between them.\r\n--------------------------------------------------\r\nSong: Echhe\r\nSinger: Nachiketa Chakraborty\r\nMusic & Lyrics: Nachiketa Chakraborty\r\nAlbum: Aay Deke Jay\r\nMusic Label: Powerchord\r\nDOP: Sabyasachi Mandal\r\nEdit: Narayan Rana\r\n\r\nVideo Director: Roopal & Soumyajit\r\nAn Initiative by: BIOCINE\r\n',
        duration='212',type='1',tag='nachiketa, new nachiketa',category='MUSIC>ORIGINAL',categoryid='309',
        updated_at='2018-12-06 18:40:43',shortdescription='',
        director='',producer='',cast='',crew='',sub_genre='MUSIC',
        language='BENGALI',pgrating='',video_status='active',custom_data=''
        where entryid='0_2cz8jrq0'
06/12/2018 18:35:43 | SUCCESS | Save Access Control(0_2cz8jrq0) | By-Biocine_ott503 | 
06/12/2018 18:36:58 | SUCCESS | Updtate MetaData(0_w1tqfefl) | By-Biocine_ott503 | update entry set name='DEWANAA | NACHIKETA CHAKRABORTY',thumbnail='http://ott.planetcast.in/p/110/sp/11000/thumbnail/entry_id/0_w1tqfefl/version/100032',longdescription='Here we presents a contemporary romantic song \'DEWANAA\' by Nachiketa Chakraborty from the album \'AAY DEKE JAY\'\r\n--------------------------------\r\nSong: DEWANAA\r\nSinger: Nachiketa Chakraborty\r\nMusic & Lyrics: Nachiketa Chakraborty\r\nAlbum: Aay Deke Jay\r\nMusic Label: Powerchord\r\nDOP: Sabyasachi Mandal\r\nEdit: Narayan Rana\r\nVideo Director: Roopal & Soumyajit\r\nAn Initiative by: BIOCINE\r\n\r\nStreaming on Jeeoguru Apps',
        duration='151',type='1',tag='nachiketa, new bengali songs',category='MUSIC>ORIGINAL',categoryid='309',
        updated_at='2018-12-06 18:42:16',shortdescription='',
        director='',producer='',cast='',crew='',sub_genre='MUSIC',
        language='BENGALI',pgrating='',video_status='active',custom_data=''
        where entryid='0_w1tqfefl'
06/12/2018 18:37:10 | SUCCESS | Save Content Partner(0_w1tqfefl,) | By-Biocine_ott503 | 
06/12/2018 18:37:19 | SUCCESS | Save Access Control(0_w1tqfefl) | By-Biocine_ott503 | 
06/12/2018 18:43:55 | SUCCESS | Updtate MetaData(0_w1tqfefl) | By-Biocine_ott503 | update entry set name='DEWANAA | NACHIKETA CHAKRABORTY',thumbnail='http://ott.planetcast.in/p/110/sp/11000/thumbnail/entry_id/0_w1tqfefl/version/100032',longdescription='Here we presents a contemporary romantic song \'DEWANAA\' by Nachiketa Chakraborty from the album \'AAY DEKE JAY\'\r\n--------------------------------\r\nSong: DEWANAA\r\nSinger: Nachiketa Chakraborty\r\nMusic & Lyrics: Nachiketa Chakraborty\r\nAlbum: Aay Deke Jay\r\nMusic Label: Powerchord\r\nDOP: Sabyasachi Mandal\r\nEdit: Narayan Rana\r\nVideo Director: Roopal & Soumyajit\r\nAn Initiative by: BIOCINE\r\n\r\nStreaming on Jeeoguru Apps',
        duration='151',type='1',tag='nachiketa, new bengali songs',category='MUSIC>ORIGINAL>OTHERS',categoryid='314',
        updated_at='2018-12-06 18:49:13',shortdescription='',
        director='Soumyajit Ganguly & Roopal Kabiraaj',producer='Biocine & Power Chord',cast='',crew='',sub_genre='MUSIC',
        language='BENGALI',pgrating='',video_status='active',custom_data=''
        where entryid='0_w1tqfefl'
06/12/2018 18:44:52 | SUCCESS | Save Thumbnail(0_v054ov82) | By-Biocine_ott503 | 
06/12/2018 18:45:32 | SUCCESS | Updtate MetaData(0_2cz8jrq0) | By-Biocine_ott503 | update entry set name='ECHHE | NACHIKETA CHAKRABORTY',thumbnail='http://ott.planetcast.in/p/110/sp/11000/thumbnail/entry_id/0_2cz8jrq0/version/100042',longdescription='Here we presenting a Bengali Modern Song ‘Echhe’ by Nachiketa Chakraborty...\r\nThis Song is based on the eternal desire of a father to love & protect his daughter from outer world. For a father such times of togetherness are the most precious gifts in his life proving the love, affection & bonding  between them.\r\n--------------------------------------------------\r\nSong: Echhe\r\nSinger: Nachiketa Chakraborty\r\nMusic & Lyrics: Nachiketa Chakraborty\r\nAlbum: Aay Deke Jay\r\nMusic Label: Powerchord\r\nDOP: Sabyasachi Mandal\r\nEdit: Narayan Rana\r\n\r\nVideo Director: Roopal & Soumyajit\r\nAn Initiative by: BIOCINE\r\n',
        duration='212',type='1',tag='nachiketa, new nachiketa',category='MUSIC>ORIGINAL>OTHERS',categoryid='314',
        updated_at='2018-12-06 18:50:50',shortdescription='',
        director='Soumyajit Ganguly & Roopal Kabiraaj',producer='Biocine & Power Chord ',cast='',crew='',sub_genre='MUSIC',
        language='BENGALI',pgrating='',video_status='active',custom_data=''
        where entryid='0_2cz8jrq0'
06/12/2018 18:45:35 | SUCCESS | Save Thumbnail(0_1u822ei4) | By-Biocine_ott503 | 
06/12/2018 14:01:40 | SUCCESS | login-(Biocine) | By-Biocine_ott503 | 
06/12/2018 14:32:15 | SUCCESS | login-(Biocine) | By-Biocine_ott503 | 
06/12/2018 18:18:25 | SUCCESS | login-(Biocine) | By-Biocine_ott503 | 
06/12/2018 18:39:43 | SUCCESS | login-(Biocine) | By-Biocine_ott503 | 
06/12/2018 18:46:43 | SUCCESS | login-(Biocine) | By-Biocine_ott503 | 
