16/10/2018 04:16:48 | SUCCESS | login-(Ravindra) | By-Ravindra_ott488 | 
16/10/2018 04:44:09 | SUCCESS | login-(Adosphere) | By-Adosphere_ott488 | 
16/10/2018 10:25:23 | SUCCESS | Updtate MetaData(0_3vwnjak6) | By-Ravindra_ott488 | update entry set name='Mercedes-AMG G 63 Edition 1 in Platinum magno Exterior Design',thumbnail='http://ott.planetcast.in/p/108/sp/10800/thumbnail/entry_id/0_3vwnjak6/version/100002',longdescription='With the new Mercedes-AMG G63, the Mercedes-AMG G-Class has undergone the greatest change in its history - while remaining true to its well-proven virtues. The G63 underpins its unique position among performance off-road vehicles with the powerful drive system, the newly developed AMG RIDE CONTROL suspension, the AMG-specific transmission modes and the new interior with optimal widescreen cockpit. The basis for the hallmark AMG Driving Performance both on and off metalled roads is provided by the 430 kW (585 hp) 4.0-litre V8 biturbo engine, the rear-biased all-wheel drive (40:60) with three differential locks, the extremely fast-shifting 9-speed automatic transmission, the double wishbone independent front suspension and the adaptive adjustable damping. The reinterpretation of the unmistakable design creates strong highlights with the AMG-specific radiator grille, flared wheel arches, striking side pipes on the exhaust system and the up to 22-inch wheels.',
        duration='150',type='1',tag='mercedes-amg, mercedes-amg g 63, mercedes-amg g 63 edition 1, g 63, platinum magno, driving, exterior, design, automototv, g-class',category='ON DEMAND>AUTOMOBILE>LUXURY CARS',categoryid='206',
        updated_at='2018-10-16 10:29:58',shortdescription='With the new Mercedes-AMG G63, the Mercedes-AMG G-Class has undergone the greatest change in its history - while remaining true to its well-proven virtues.',
        director='',producer='',cast='',crew='',sub_genre='Automobile, Design',
        language='',pgrating='G',video_status='inactive',custom_data=''
        where entryid='0_3vwnjak6'
16/10/2018 10:26:43 | SUCCESS | Updtate MetaData(0_8rewtkzh) | By-Ravindra_ott488 | update entry set name='Mercedes-AMG G 63 Edition 1 in Platinum magno Interior Design',thumbnail='http://ott.planetcast.in/p/108/sp/10800/thumbnail/entry_id/0_8rewtkzh/version/100002',longdescription='With the new Mercedes-AMG G63, the Mercedes-AMG G-Class has undergone the greatest change in its history - while remaining true to its well-proven virtues. The G63 underpins its unique position among performance off-road vehicles with the powerful drive system, the newly developed AMG RIDE CONTROL suspension, the AMG-specific transmission modes and the new interior with optimal widescreen cockpit. The basis for the hallmark AMG Driving Performance both on and off metalled roads is provided by the 430 kW (585 hp) 4.0-litre V8 biturbo engine, the rear-biased all-wheel drive (40:60) with three differential locks, the extremely fast-shifting 9-speed automatic transmission, the double wishbone independent front suspension and the adaptive adjustable damping. The reinterpretation of the unmistakable design creates strong highlights with the AMG-specific radiator grille, flared wheel arches, striking side pipes on the exhaust system and the up to 22-inch wheels.',
        duration='103',type='1',tag='mercedes-amg, mercedes-amg g 63, mercedes-amg g 63 edition 1, g 63, platinum magno, driving, interior, design, automototv, g-class',category='ON DEMAND>AUTOMOBILE>LUXURY CARS',categoryid='206',
        updated_at='2018-10-16 10:31:18',shortdescription='With the new Mercedes-AMG G63, the Mercedes-AMG G-Class has undergone the greatest change in its history - while remaining true to its well-proven virtues.',
        director='',producer='',cast='',crew='',sub_genre='Automobile, Design',
        language='',pgrating='G',video_status='inactive',custom_data=''
        where entryid='0_8rewtkzh'
16/10/2018 10:27:58 | SUCCESS | Updtate MetaData(0_8rewtkzh) | By-Ravindra_ott488 | update entry set name='Mercedes-AMG G 63 Edition 1 in Platinum magno Interior Design',thumbnail='http://ott.planetcast.in/p/108/sp/10800/thumbnail/entry_id/0_8rewtkzh/version/100002',longdescription='With the new Mercedes-AMG G63, the Mercedes-AMG G-Class has undergone the greatest change in its history - while remaining true to its well-proven virtues. The G63 underpins its unique position among performance off-road vehicles with the powerful drive system, the newly developed AMG RIDE CONTROL suspension, the AMG-specific transmission modes and the new interior with optimal widescreen cockpit. The basis for the hallmark AMG Driving Performance both on and off metalled roads is provided by the 430 kW (585 hp) 4.0-litre V8 biturbo engine, the rear-biased all-wheel drive (40:60) with three differential locks, the extremely fast-shifting 9-speed automatic transmission, the double wishbone independent front suspension and the adaptive adjustable damping. The reinterpretation of the unmistakable design creates strong highlights with the AMG-specific radiator grille, flared wheel arches, striking side pipes on the exhaust system and the up to 22-inch wheels.',
        duration='103',type='1',tag='mercedes-amg, mercedes-amg g 63, mercedes-amg g 63 edition 1, g 63, platinum magno, driving, interior, design, automototv, g-class',category='ON DEMAND>AUTOMOBILE>LUXURY CARS',categoryid='206',
        updated_at='2018-10-16 10:32:33',shortdescription='With the new Mercedes-AMG G63, the Mercedes-AMG G-Class has undergone the greatest change in its history - while remaining true to its well-proven virtues.',
        director='',producer='',cast='',crew='',sub_genre='Automobile, Design',
        language='',pgrating='G',video_status='inactive',custom_data=''
        where entryid='0_8rewtkzh'
16/10/2018 10:34:01 | SUCCESS | Updtate MetaData(0_ek39kfk3) | By-Geetanjali_ott488 | update entry set name='FCA Replay May 4, 2018',thumbnail='http://ott.planetcast.in/p/108/sp/10800/thumbnail/entry_id/0_ek39kfk3/version/100002',longdescription='\"FCA Replay\" is a weekly recap of some of the major stories at FCA US. The top stories for the week of May 4, 2018, include April sales, Mopar celebrates 10 years of Express Lane service, last Jeep Wrangler JK rolls off the line, Fiat 500X Blue Sky Edition and a new hood for the Hellcat.',
        duration='195',type='1',tag='fca, fca replay, may 4, 2018, fiat chrysler automobiles, automototv, mopar, jeep wrangler jk, fiat 500x blue sky edition, mechanical, workshop, work, shop, pain, tecnology, assemble, manifacture',category='ON DEMAND>AUTOMOBILE>MECHANICAL BOOSTER',categoryid='515',
        updated_at='2018-10-16 10:38:36',shortdescription='\"FCA Replay\" is a weekly recap of some of the major stories at FCA US. The top stories for the week of May 4, 2018, include April sales, Mopar celebrates 10 years of Express Lane service, last Jeep Wrangler JK rolls off the line, Fiat 500X Blue Sky Edition and a new hood for the Hellcat.',
        director='',producer='',cast='',crew='',sub_genre='Work Shop',
        language='English',pgrating='',video_status='inactive',custom_data=''
        where entryid='0_ek39kfk3'
16/10/2018 10:37:00 | SUCCESS | Updtate MetaData(0_mrzuxv4y) | By-Ravindra_ott488 | update entry set name='Mercedes-AMG G 63 in Selenite grey metallic Driving Video',thumbnail='http://ott.planetcast.in/p/108/sp/10800/thumbnail/entry_id/0_mrzuxv4y/version/100002',longdescription='With the new Mercedes-AMG G63, the Mercedes-AMG G-Class has undergone the greatest change in its history - while remaining true to its well-proven virtues. The G63 underpins its unique position among performance off-road vehicles with the powerful drive system, the newly developed AMG RIDE CONTROL suspension, the AMG-specific transmission modes and the new interior with optimal widescreen cockpit. The basis for the hallmark AMG Driving Performance both on and off metalled roads is provided by the 430 kW (585 hp) 4.0-litre V8 biturbo engine, the rear-biased all-wheel drive (40:60) with three differential locks, the extremely fast-shifting 9-speed automatic transmission, the double wishbone independent front suspension and the adaptive adjustable damping. The reinterpretation of the unmistakable design creates strong highlights with the AMG-specific radiator grille, flared wheel arches, striking side pipes on the exhaust system and the up to 22-inch wheels.',
        duration='136',type='1',tag='mercedes-amg, mercedes-amg g 63, mercedes-amg g 63 edition 1, g 63, selenite grey metallic, grey metallic, driving, automototv, g-class, automobile',category='ON DEMAND>AUTOMOBILE>LUXURY CARS',categoryid='206',
        updated_at='2018-10-16 10:41:35',shortdescription='With the new Mercedes-AMG G63, the Mercedes-AMG G-Class has undergone the greatest change in its history - while remaining true to its well-proven virtues.',
        director='',producer='',cast='',crew='',sub_genre='Automobile, Driving',
        language='',pgrating='G',video_status='inactive',custom_data=''
        where entryid='0_mrzuxv4y'
16/10/2018 10:39:53 | SUCCESS | Updtate MetaData(0_s2ozeol7) | By-Ravindra_ott488 | update entry set name='Mercedes-AMG G 63 in Selenite grey metallic Exterior Design',thumbnail='http://ott.planetcast.in/p/108/sp/10800/thumbnail/entry_id/0_s2ozeol7/version/100002',longdescription='With the new Mercedes-AMG G63, the Mercedes-AMG G-Class has undergone the greatest change in its history - while remaining true to its well-proven virtues. The G63 underpins its unique position among performance off-road vehicles with the powerful drive system, the newly developed AMG RIDE CONTROL suspension, the AMG-specific transmission modes and the new interior with optimal widescreen cockpit. The basis for the hallmark AMG Driving Performance both on and off metalled roads is provided by the 430 kW (585 hp) 4.0-litre V8 biturbo engine, the rear-biased all-wheel drive (40:60) with three differential locks, the extremely fast-shifting 9-speed automatic transmission, the double wishbone independent front suspension and the adaptive adjustable damping. The reinterpretation of the unmistakable design creates strong highlights with the AMG-specific radiator grille, flared wheel arches, striking side pipes on the exhaust system and the up to 22-inch wheels.',
        duration='134',type='1',tag='mercedes-amg, mercedes-amg g 63, mercedes-amg g 63 edition 1, g 63, selenite grey metallic, grey metallic, exterior, design, automototv, g-class',category='ON DEMAND',categoryid='183',
        updated_at='2018-10-16 10:44:28',shortdescription='With the new Mercedes-AMG G63, the Mercedes-AMG G-Class has undergone the greatest change in its history - while remaining true to its well-proven virtues. ',
        director='',producer='',cast='',crew='',sub_genre='Automobile, Design',
        language='',pgrating='G',video_status='inactive',custom_data=''
        where entryid='0_s2ozeol7'
16/10/2018 10:42:27 | SUCCESS | Updtate MetaData(0_s2ozeol7) | By-Ravindra_ott488 | update entry set name='Mercedes-AMG G 63 in Selenite grey metallic Exterior Design',thumbnail='http://ott.planetcast.in/p/108/sp/10800/thumbnail/entry_id/0_s2ozeol7/version/100002',longdescription='With the new Mercedes-AMG G63, the Mercedes-AMG G-Class has undergone the greatest change in its history - while remaining true to its well-proven virtues. The G63 underpins its unique position among performance off-road vehicles with the powerful drive system, the newly developed AMG RIDE CONTROL suspension, the AMG-specific transmission modes and the new interior with optimal widescreen cockpit. The basis for the hallmark AMG Driving Performance both on and off metalled roads is provided by the 430 kW (585 hp) 4.0-litre V8 biturbo engine, the rear-biased all-wheel drive (40:60) with three differential locks, the extremely fast-shifting 9-speed automatic transmission, the double wishbone independent front suspension and the adaptive adjustable damping. The reinterpretation of the unmistakable design creates strong highlights with the AMG-specific radiator grille, flared wheel arches, striking side pipes on the exhaust system and the up to 22-inch wheels.',
        duration='134',type='1',tag='mercedes-amg, mercedes-amg g 63, mercedes-amg g 63 edition 1, g 63, selenite grey metallic, grey metallic, exterior, design, automototv, g-class, automobile, luxury cars',category='ON DEMAND>AUTOMOBILE>LUXURY CARS',categoryid='206',
        updated_at='2018-10-16 10:47:02',shortdescription='With the new Mercedes-AMG G63, the Mercedes-AMG G-Class has undergone the greatest change in its history - while remaining true to its well-proven virtues. ',
        director='',producer='',cast='',crew='',sub_genre='Automobile, Design',
        language='',pgrating='G',video_status='inactive',custom_data=''
        where entryid='0_s2ozeol7'
16/10/2018 10:45:27 | SUCCESS | Updtate MetaData(0_wpdp70so) | By-Ravindra_ott488 | update entry set name='Mercedes-AMG G 63 in Selenite grey metallic Interior Design',thumbnail='http://ott.planetcast.in/p/108/sp/10800/thumbnail/entry_id/0_wpdp70so/version/100002',longdescription='With the new Mercedes-AMG G63, the Mercedes-AMG G-Class has undergone the greatest change in its history - while remaining true to its well-proven virtues. The G63 underpins its unique position among performance off-road vehicles with the powerful drive system, the newly developed AMG RIDE CONTROL suspension, the AMG-specific transmission modes and the new interior with optimal widescreen cockpit. The basis for the hallmark AMG Driving Performance both on and off metalled roads is provided by the 430 kW (585 hp) 4.0-litre V8 biturbo engine, the rear-biased all-wheel drive (40:60) with three differential locks, the extremely fast-shifting 9-speed automatic transmission, the double wishbone independent front suspension and the adaptive adjustable damping. The reinterpretation of the unmistakable design creates strong highlights with the AMG-specific radiator grille, flared wheel arches, striking side pipes on the exhaust system and the up to 22-inch wheels.',
        duration='91',type='1',tag='mercedes-amg, mercedes-amg g 63, mercedes-amg g 63 edition 1, g 63, selenite grey metallic, grey metallic, interior, design, automototv, g-class, automobile, luxury cars',category='ON DEMAND>AUTOMOBILE>LUXURY CARS',categoryid='206',
        updated_at='2018-10-16 10:50:02',shortdescription='With the new Mercedes-AMG G63, the Mercedes-AMG G-Class has undergone the greatest change in its history - while remaining true to its well-proven virtues.',
        director='',producer='',cast='',crew='',sub_genre='Automobile, Design',
        language='',pgrating='G',video_status='inactive',custom_data=''
        where entryid='0_wpdp70so'
16/10/2018 10:46:07 | SUCCESS | Updtate MetaData(0_3eoxy3ac) | By-Geetanjali_ott488 | update entry set name='California2California Tour 2018 - Traveling in the US in the VW T6 California Camper Van',thumbnail='http://ott.planetcast.in/p/108/sp/10800/thumbnail/entry_id/0_3eoxy3ac/version/100002',longdescription='For 30 years the VW Bus has been available as a motorhome from Volkswagen. The VW T6 California offers in a small space, cleverly packed Everything that real campers need. We head to the US with the current VW T6 California to see how the VW Bus works as a camper and much the people in California love this kind of a car. Source: http://quickcarreview.com',
        duration='706',type='1',tag='vw, volkswagen, vw bus, vw t6 california, volkswagen t6 california, california2california tour 2018, traveling, us, vw t6 california camper van, camper van, van, california2california, 2018, automototv, drift, interviews, know, more, fast, speed, wheels, drive, driver, challange, automobile, road, roads, motor',category='ON DEMAND>AUTOMOBILE>DRIFT',categoryid='195',
        updated_at='2018-10-16 10:50:42',shortdescription='For 30 years the VW Bus has been available as a motorhome from Volkswagen.',
        director='',producer='',cast='',crew='',sub_genre='Event',
        language='English',pgrating='',video_status='inactive',custom_data=''
        where entryid='0_3eoxy3ac'
16/10/2018 10:52:57 | SUCCESS | Updtate MetaData(0_21rwmbyi) | By-Geetanjali_ott488 | update entry set name='Mopar Celebrates 10 Years of Express Lane Service With New Facility',thumbnail='http://ott.planetcast.in/p/108/sp/10800/thumbnail/entry_id/0_21rwmbyi/version/100002',longdescription='Mopar is celebrating a decade of operation for the brand\'s fast, convenient Express Lane service. First introduced in 2008, Express Lane offers oil changes, tires, vehicle inspections and more. The brand marked the 10-year milestone during the grand opening of a new Express Lane facility in Pulaski, Virginia. The Pulaski Motor Mile Express Lane is the latest of more than 1,850 enrolled Express Lane stores around the globe, located in more than 30 countries, including Argentina, Brazil, France, Indonesia, Italy, Japan, Saudi Arabia and South Africa, among others. More than 1,200 Express Lane facilities are operational in the U.S. alone, with over 200 added in the U.S. since 2016.',
        duration='103',type='1',tag='mopar, celebrate, 10 years, express lane service, new facility, automototv, drift, interviews, know, more, fast, speed, wheels, drive, driver, challange, automobile, road, roads, motor',category='ON DEMAND>AUTOMOBILE>DRIFT',categoryid='195',
        updated_at='2018-10-16 10:57:32',shortdescription='Mopar is celebrating a decade of operation for the brand\'s fast, convenient Express Lane service. First introduced in 2008, Express Lane offers oil changes, tires, vehicle inspections and more. ',
        director='',producer='',cast='',crew='',sub_genre='Event',
        language='English',pgrating='',video_status='inactive',custom_data=''
        where entryid='0_21rwmbyi'
16/10/2018 11:04:52 | SUCCESS | Updtate MetaData(0_4wbn0s1w) | By-Geetanjali_ott488 | update entry set name='Land Rover 70th Birthday Highlights',thumbnail='http://ott.planetcast.in/p/108/sp/10800/thumbnail/entry_id/0_4wbn0s1w/version/100002',longdescription='Land Rover marked its 70th anniversary with a global broadcast celebrating the world\'s favourite 4x4s and the people who love them – 70 years to the day since the first Land Rover made its debut at the Amsterdam Motor Show in 1948. The event paid tribute to seven decades of adventure, humanitarian aid and hard work; tracking Land Rover’s journey from a utility model at the end of the Second World War, to becoming the world’s favourite 4x4, with more than 7 million sold. ',
        duration='245',type='1',tag='land rover, 70th birthday, 70 anniversary, highlights, land rover 70th birthday, automototv, drift, interviews, know, more, fast, speed, wheels, drive, driver, challange, automobile, road, roads, motor',category='ON DEMAND>AUTOMOBILE>DRIFT',categoryid='195',
        updated_at='2018-10-16 11:09:27',shortdescription='Land Rover marked its 70th anniversary with a global broadcast celebrating the world\'s favourite 4x4s and the people who love them – 70 years to the day since the first Land Rover made its debut at the Amsterdam Motor Show in 1948.',
        director='',producer='',cast='',crew='',sub_genre='Event',
        language='English',pgrating='',video_status='inactive',custom_data=''
        where entryid='0_4wbn0s1w'
16/10/2018 11:11:28 | SUCCESS | Updtate MetaData(0_meen09vh) | By-Geetanjali_ott488 | update entry set name='Audi tests the Audi e-tron FE05 for Formula E',thumbnail='http://ott.planetcast.in/p/108/sp/10800/thumbnail/entry_id/0_meen09vh/version/100002',longdescription='The next generation of the fully-electric race cars will take part in the new Formula E season, which begins in December, 2018. Audi factory driver Daniel Abt tested the Audi e-tron FE05 in Calafat, Spain.',
        duration='300',type='1',tag='audi, audi e-tron, tests, audi e-tron fe05, e-tron fe05, e-tron, formula e, racing, automototv, fully-electric race cars, race, fast, speed, wheels, drive, driver, challange, automobile, road, roads, motorsport, sport, racer, auto',category='ON DEMAND>AUTOMOBILE>RACING',categoryid='197',
        updated_at='2018-10-16 11:16:03',shortdescription='The next generation of the fully-electric race cars will take part in the new Formula E season, which begins in December, 2018.',
        director='',producer='',cast='',crew='',sub_genre='Racing, Sports Car',
        language='',pgrating='',video_status='inactive',custom_data=''
        where entryid='0_meen09vh'
16/10/2018 11:14:37 | SUCCESS | Updtate MetaData(0_0xlb3tom) | By-Ravindra_ott488 | update entry set name='Mercedes-Benz EQC Black Forest Testing - Driving Video',thumbnail='http://ott.planetcast.in/p/108/sp/10800/thumbnail/entry_id/0_0xlb3tom/version/100002',longdescription='Mercedes-Benz is about to launch its first all-electric vehicle built to be electric from the ground up next year. The German automaker has produced all-electric vehicles in the past, but they were compliance cars based on existing gas-powered models. Also, they were outsourcing the electric powertrain to other manufacturers, like Tesla at some point for the Mercedes B-class Electric. Now Mercedes-Benz has a more serious EV effort that will start next year with the first vehicle, the all-electric ‘EQC’ SUV, under their new all-electric ‘EQ’ sub-brand.',
        duration='163',type='1',tag='mercedes-benz, mercedes-benz eqc, mercedes-benz eqc black forest, testing, eqc, black forest, driving, automototv, suv, automobile, luxury car',category='ON DEMAND>AUTOMOBILE>LUXURY CARS',categoryid='206',
        updated_at='2018-10-16 11:19:12',shortdescription='Mercedes-Benz is about to launch its first all-electric vehicle built to be electric from the ground up next year. The German automaker has produced all-electric vehicles in the past, but they were compliance cars based on existing gas-powered models.',
        director='',producer='',cast='',crew='',sub_genre='Automobile, Driving',
        language='',pgrating='G',video_status='inactive',custom_data=''
        where entryid='0_0xlb3tom'
16/10/2018 11:18:25 | SUCCESS | Updtate MetaData(0_rovs4mox) | By-Geetanjali_ott488 | update entry set name='Advanced software design technology leads GM into next generation of vehicle lightweighting',thumbnail='http://ott.planetcast.in/p/108/sp/10800/thumbnail/entry_id/0_rovs4mox/version/100002',longdescription='General Motors is using new, advanced software design technology to introduce the next generation of vehicle lightweighting. The technology is key to developing efficient and lighter alternative propulsion and zero emission vehicles. GM is the first automaker in North America to use new generative design software technology from Bay Area-based software company Autodesk. It uses cloud computing and AI-based algorithms to rapidly explore multiple permutations of a part design, generating hundreds of high-performance, often organic-looking geometric design options based on goals and parameters set by the user, such as weight, strength, material choice, fabrication method, and more. The user then determines the best part design option.',
        duration='134',type='1',tag='gm, design technology, general motors, advanced software design technology, next generation, vehicle lightweighting, automototv, mechanical, workshop, work, shop, pain, tecnology, assemble, manifacture',category='ON DEMAND>AUTOMOBILE>MECHANICAL BOOSTER',categoryid='515',
        updated_at='2018-10-16 11:23:00',shortdescription='ON DEMAND>AUTOMOBILE>MECHANICAL BOOSTER',
        director='',producer='',cast='',crew='',sub_genre='Tecnology',
        language='English',pgrating='',video_status='inactive',custom_data=''
        where entryid='0_rovs4mox'
16/10/2018 11:24:12 | SUCCESS | Updtate MetaData(0_5lvg0umm) | By-Ravindra_ott488 | update entry set name='Trofeo Abarth 500 Imola 2018 Highlights',thumbnail='http://ott.planetcast.in/p/108/sp/10800/thumbnail/entry_id/0_5lvg0umm/version/100002',longdescription='Success for Italy at the first event in the Abarth Selenia Trophy calendar, held on the Imola circuit on Sunday 29 April: reigning champion Cosimo Barberini, driving an Abarth 695 Assetto Corse Evoluzione, won both the day\'s races, ahead of young fellow Italian Andrea Mabellini in the first and Finnish driver Juuso Pajuranta in the second. But these were not easy wins, in view of the technical difficulty of the Imola track, with its continuous climbs and downhills, which highlighted all the 695 Assetto Corse Evoluzione and Abarth 500 Assetto Corse cars\' excellent handling and stability. In the category reserved for the latter model - the entry level in automotive racing - victory went to very young Italian driver Filippo Lazzaroni, who finished ahead of young Aurora Coria, winner in the Women\'s class.',
        duration='180',type='1',tag='abarth, abarth 500, trofeo abarth 500, imola, 2018, highlights, abarth selenia trophy, automototv, auto racing, motor, vehicle, automobile, road, track, trend, technology, travel, engine, system, modern, model, auto, moto, tv',category='ON DEMAND>AUTOMOBILE>RACING',categoryid='197',
        updated_at='2018-10-16 11:28:47',shortdescription='Success for Italy at the first event in the Abarth Selenia Trophy calendar, held on the Imola circuit on Sunday 29 April: reigning champion Cosimo Barberini, driving an Abarth 695 Assetto Corse Evoluzione, won both the day\'s races.',
        director='',producer='',cast='',crew='',sub_genre='Auto Racing',
        language='',pgrating='G',video_status='inactive',custom_data=''
        where entryid='0_5lvg0umm'
16/10/2018 11:28:35 | SUCCESS | Updtate MetaData(0_dc07jts1) | By-Geetanjali_ott488 | update entry set name='70 Years of Land Rover Highlights Film',thumbnail='http://ott.planetcast.in/p/108/sp/10800/thumbnail/entry_id/0_dc07jts1/version/100002',longdescription='Land Rover marked its 70th anniversary with a global broadcast celebrating the world\'s favourite 4x4s and the people who love them – 70 years to the day since the first Land Rover made its debut at the Amsterdam Motor Show in 1948. The event paid tribute to seven decades of adventure, humanitarian aid and hard work; tracking Land Rover’s journey from a utility model at the end of the Second World War, to becoming the world’s favourite 4x4, with more than 7 million sold. ',
        duration='129',type='1',tag='land rover, 70th anniversary, 70 years of land rover, 4x4, 70 years, highlights, automototv, drift, interviews, know, more, fast, speed, wheels, drive, driver, challange, automobile, road, roads, motor',category='ON DEMAND>AUTOMOBILE>DRIFT',categoryid='195',
        updated_at='2018-10-16 11:33:10',shortdescription='Land Rover marked its 70th anniversary with a global broadcast celebrating the world\'s favourite 4x4s and the people who love them – 70 years to the day since the first Land Rover made its debut at the Amsterdam Motor Show in 1948.',
        director='',producer='',cast='',crew='',sub_genre='Event',
        language='English',pgrating='',video_status='inactive',custom_data=''
        where entryid='0_dc07jts1'
