12/12/2018 03:56:13 | SUCCESS | login-(jeeyaho) | By-jeeyaho_ott333 | 
12/12/2018 04:36:11 | SUCCESS | login-(jeeyaho) | By-jeeyaho_ott333 | 
12/12/2018 06:04:38 | SUCCESS | login-(jeeyaho) | By-jeeyaho_ott333 | 
12/12/2018 11:38:10 | SUCCESS | Save New video(0_n2zvzelh) | By-jeeyaho_ott333 | 
12/12/2018 11:40:46 | SUCCESS | Save New video(0_q99gswpx) | By-jeeyaho_ott333 | 
12/12/2018 11:42:24 | SUCCESS | Save New video(0_pj5cn1tf) | By-jeeyaho_ott333 | 
12/12/2018 11:43:33 | SUCCESS | Save New video(0_29udsyqb) | By-jeeyaho_ott333 | 
12/12/2018 11:46:34 | SUCCESS | Save New video(0_xkuuobiu) | By-jeeyaho_ott333 | 
12/12/2018 11:48:07 | SUCCESS | Save New video(0_i5mi8g0a) | By-jeeyaho_ott333 | 
12/12/2018 11:51:32 | SUCCESS | Save New video(0_g2dxqyr0) | By-jeeyaho_ott333 | 
12/12/2018 11:53:46 | SUCCESS | Save New video(0_quk50xpo) | By-jeeyaho_ott333 | 
12/12/2018 11:57:55 | SUCCESS | Save New video(0_j2f1khs0) | By-jeeyaho_ott333 | 
12/12/2018 12:30:56 | SUCCESS | Save New video(0_ayndklk5) | By-jeeyaho_ott333 | 
12/12/2018 12:34:11 | SUCCESS | Save New video(0_v9hf8i0h) | By-jeeyaho_ott333 | 
12/12/2018 12:36:35 | SUCCESS | Save New video(0_9ycy1g67) | By-jeeyaho_ott333 | 
12/12/2018 12:38:41 | SUCCESS | Save New video(0_zzpokzgr) | By-jeeyaho_ott333 | 
12/12/2018 12:41:08 | SUCCESS | Save New video(0_8ezbaw82) | By-jeeyaho_ott333 | 
12/12/2018 12:46:33 | SUCCESS | Save New video(0_zjbkk1kk) | By-jeeyaho_ott333 | 
12/12/2018 12:49:12 | SUCCESS | Save New video(0_t6g2o2v5) | By-jeeyaho_ott333 | 
12/12/2018 12:52:15 | SUCCESS | Save New video(0_3f1chgf6) | By-jeeyaho_ott333 | 
12/12/2018 12:59:22 | SUCCESS | Save New video(0_02lhd607) | By-jeeyaho_ott333 | 
12/12/2018 13:29:04 | SUCCESS | Save New video(0_1zbno6fi) | By-jeeyaho_ott333 | 
12/12/2018 13:43:03 | SUCCESS | Save New video(0_w2qycbgm) | By-jeeyaho_ott333 | 
12/12/2018 13:56:59 | SUCCESS | Save New video(0_5cr1laqq) | By-jeeyaho_ott333 | 
12/12/2018 14:05:30 | SUCCESS | Save New video(0_cpp1yyw1) | By-jeeyaho_ott333 | 
12/12/2018 08:46:55 | SUCCESS | login-(jeeyaho) | By-jeeyaho_ott333 | 
12/12/2018 14:19:14 | SUCCESS | Save New video(0_wchltlaq) | By-jeeyaho_ott333 | 
12/12/2018 14:27:39 | SUCCESS | Save New video(0_fy6wtqsf) | By-jeeyaho_ott333 | 
12/12/2018 14:38:30 | SUCCESS | Save New video(0_8wcreglb) | By-jeeyaho_ott333 | 
12/12/2018 14:46:56 | SUCCESS | Save New video(0_7f02qvhx) | By-jeeyaho_ott333 | 
12/12/2018 14:49:02 | SUCCESS | Save New video(0_1xl6zg5y) | By-jeeyaho_ott333 | 
12/12/2018 15:09:01 | SUCCESS | Save New video(0_mp2c3mdg) | By-jeeyaho_ott333 | 
12/12/2018 15:26:04 | SUCCESS | Updtate MetaData(0_29udsyqb) | By-jeeyaho_ott333 | update entry set name='College Ki Ladki superhit Song',thumbnail='http://ott.planetcast.in/p/113/sp/11300/thumbnail/entry_id/0_29udsyqb/version/100022',longdescription='College Ki Ladki superhit Song',
        duration='250',type='1',tag='jeeyaho, nagpuri song, dj, aman music',category='MUSIC>REGIONAL,MUSIC>REGIONAL>BENGALI',categoryid='487,489',
        updated_at='2018-12-12 15:31:27',shortdescription='College Ki Ladki superhit Song',
        director='',producer='aman music',cast='',crew='',sub_genre='',
        language='nagpuri',pgrating='',video_status='inactive',custom_data=''
        where entryid='0_29udsyqb'
12/12/2018 10:47:00 | SUCCESS | login-(jeeyaho) | By-jeeyaho_ott333 | 
12/12/2018 16:19:04 | SUCCESS | Updtate MetaData(0_mp2c3mdg) | By-jeeyaho_ott333 | update entry set name='Moi To Re Daru Wali ',thumbnail='http://ott.planetcast.in/p/113/sp/11300/thumbnail/entry_id/0_mp2c3mdg/version/100022',longdescription='Moi To Re Daru Wali ',
        duration='289',type='1',tag='nagpuri song, dj song, aman music, jeeyaho',category='MUSIC>REGIONAL>BENGALI',categoryid='489',
        updated_at='2018-12-12 16:24:27',shortdescription='Moi To Re Daru Wali ',
        director='',producer='aman music',cast='',crew='',sub_genre='',
        language='Nagpuri',pgrating='',video_status='inactive',custom_data=''
        where entryid='0_mp2c3mdg'
12/12/2018 16:19:46 | SUCCESS | Updtate MetaData(0_1xl6zg5y) | By-jeeyaho_ott333 | update entry set name='Mast mast jawani',thumbnail='http://ott.planetcast.in/p/113/sp/11300/thumbnail/entry_id/0_1xl6zg5y/version/100022',longdescription='Mast mast jawani',
        duration='235',type='1',tag='nagpuri song, jeeyaho, aman music, dj',category='MUSIC>REGIONAL>BENGALI',categoryid='489',
        updated_at='2018-12-12 16:25:08',shortdescription='Mast mast jawani',
        director='',producer='aman music',cast='',crew='',sub_genre='',
        language='nagpuri',pgrating='',video_status='inactive',custom_data=''
        where entryid='0_1xl6zg5y'
12/12/2018 16:20:31 | SUCCESS | Updtate MetaData(0_7f02qvhx) | By-jeeyaho_ott333 | update entry set name='Manjari hit song',thumbnail='http://ott.planetcast.in/p/113/sp/11300/thumbnail/entry_id/0_7f02qvhx/version/100022',longdescription='Manjari',
        duration='398',type='1',tag='nagpuri song, dj song, jeeyaho, aman music',category='MUSIC>REGIONAL>BENGALI',categoryid='489',
        updated_at='2018-12-12 16:25:54',shortdescription='Manjari hit song',
        director='',producer='aman music',cast='',crew='',sub_genre='',
        language='nagpuri',pgrating='',video_status='inactive',custom_data=''
        where entryid='0_7f02qvhx'
12/12/2018 16:21:13 | SUCCESS | Updtate MetaData(0_8wcreglb) | By-jeeyaho_ott333 | update entry set name='Kavi kavi hashti ho',thumbnail='http://ott.planetcast.in/p/113/sp/11300/thumbnail/entry_id/0_8wcreglb/version/100022',longdescription='Kavi kavi hashti ho',
        duration='279',type='1',tag='nagpuri song, dj hits, jeeyaho, aman music',category='MUSIC>REGIONAL>BENGALI',categoryid='489',
        updated_at='2018-12-12 16:26:35',shortdescription='Kavi kavi hashti ho',
        director='',producer='aman music',cast='',crew='',sub_genre='',
        language='nagpuri',pgrating='',video_status='inactive',custom_data=''
        where entryid='0_8wcreglb'
12/12/2018 16:21:47 | SUCCESS | Updtate MetaData(0_fy6wtqsf) | By-jeeyaho_ott333 | update entry set name='Kanshi Fhoola',thumbnail='http://ott.planetcast.in/p/113/sp/11300/thumbnail/entry_id/0_fy6wtqsf/version/100022',longdescription='Kanshi Fhoola',
        duration='426',type='1',tag='nagpuri song, dj song, jeeyaho, aman music',category='MUSIC>REGIONAL>BENGALI',categoryid='489',
        updated_at='2018-12-12 16:27:10',shortdescription='Kanshi Fhoola',
        director='',producer='aman music',cast='',crew='',sub_genre='',
        language='nagpuri',pgrating='',video_status='inactive',custom_data=''
        where entryid='0_fy6wtqsf'
12/12/2018 16:22:27 | SUCCESS | Updtate MetaData(0_wchltlaq) | By-jeeyaho_ott333 | update entry set name='Just Chu Chu ',thumbnail='http://ott.planetcast.in/p/113/sp/11300/thumbnail/entry_id/0_wchltlaq/version/100012',longdescription='Just Chu Chu ',
        duration='282',type='1',tag='nagpuri song, jeeyaho, aman music, dj song',category='MUSIC>REGIONAL>BENGALI',categoryid='489',
        updated_at='2018-12-12 16:27:50',shortdescription='Just Chu Chu ',
        director='',producer='aman music',cast='',crew='',sub_genre='',
        language='nagpuri',pgrating='',video_status='inactive',custom_data=''
        where entryid='0_wchltlaq'
12/12/2018 16:25:03 | SUCCESS | Updtate MetaData(0_cpp1yyw1) | By-jeeyaho_ott333 | update entry set name='Jatho Jatho Rani',thumbnail='http://ott.planetcast.in/p/113/sp/11300/thumbnail/entry_id/0_cpp1yyw1/version/100022',longdescription='Jatho Jatho Rani',
        duration='332',type='1',tag='nagpuri song, hit dj song, jeeyaho, aman music',category='MUSIC>REGIONAL>BENGALI',categoryid='489',
        updated_at='2018-12-12 16:30:25',shortdescription='Jatho Jatho Rani',
        director='',producer='aman music',cast='',crew='',sub_genre='',
        language='nagpuri',pgrating='',video_status='inactive',custom_data=''
        where entryid='0_cpp1yyw1'
12/12/2018 16:26:18 | SUCCESS | Updtate MetaData(0_5cr1laqq) | By-jeeyaho_ott333 | update entry set name='Janam Samjha Karo ',thumbnail='http://ott.planetcast.in/p/113/sp/11300/thumbnail/entry_id/0_5cr1laqq/version/100022',longdescription='Janam Samjha Karo ',
        duration='269',type='1',tag='nagpuri song, dj song, aman music, jeeyaho',category='MUSIC>REGIONAL>BENGALI',categoryid='489',
        updated_at='2018-12-12 16:31:40',shortdescription='Janam Samjha Karo ',
        director='',producer='aman music',cast='',crew='',sub_genre='',
        language='nagpuri',pgrating='',video_status='inactive',custom_data=''
        where entryid='0_5cr1laqq'
12/12/2018 16:28:05 | SUCCESS | Updtate MetaData(0_w2qycbgm) | By-jeeyaho_ott333 | update entry set name='Jaad ke mahina',thumbnail='http://ott.planetcast.in/p/113/sp/11300/thumbnail/entry_id/0_w2qycbgm/version/100022',longdescription='Jaad ke mahina',
        duration='222',type='1',tag='nagpuri song, jeeyaho, aman music, dj song',category='MUSIC>REGIONAL>BENGALI',categoryid='489',
        updated_at='2018-12-12 16:33:28',shortdescription='Jaad ke mahina',
        director='',producer='aman music',cast='',crew='',sub_genre='',
        language='nagpuri',pgrating='',video_status='inactive',custom_data=''
        where entryid='0_w2qycbgm'
12/12/2018 16:28:50 | SUCCESS | Updtate MetaData(0_1zbno6fi) | By-jeeyaho_ott333 | update entry set name='Hotek Dere Guiya',thumbnail='http://ott.planetcast.in/p/113/sp/11300/thumbnail/entry_id/0_1zbno6fi/version/100022',longdescription='Hotek Dere Guiya',
        duration='265',type='1',tag='nagpuri song, dj, jeeyaho, aman music',category='MUSIC>REGIONAL>BENGALI',categoryid='489',
        updated_at='2018-12-12 16:34:13',shortdescription='Hotek Dere Guiya',
        director='',producer='aman music',cast='',crew='',sub_genre='',
        language='nagpuri',pgrating='',video_status='inactive',custom_data=''
        where entryid='0_1zbno6fi'
12/12/2018 16:29:48 | SUCCESS | Updtate MetaData(0_02lhd607) | By-jeeyaho_ott333 | update entry set name='Hotek de re guiya ',thumbnail='http://ott.planetcast.in/p/113/sp/11300/thumbnail/entry_id/0_02lhd607/version/100022',longdescription='hotek de re guiya ',
        duration='264',type='1',tag='nagpuri song, dj, aman music, jeeyaho',category='MUSIC>REGIONAL>BENGALI',categoryid='489',
        updated_at='2018-12-12 16:35:11',shortdescription='Hotek de re guiya ',
        director='',producer='aman music',cast='',crew='',sub_genre='',
        language='nagpuri',pgrating='',video_status='inactive',custom_data=''
        where entryid='0_02lhd607'
12/12/2018 16:30:24 | SUCCESS | Updtate MetaData(0_3f1chgf6) | By-jeeyaho_ott333 | update entry set name='Hiluki Biluki Khopa',thumbnail='http://ott.planetcast.in/p/113/sp/11300/thumbnail/entry_id/0_3f1chgf6/version/100022',longdescription='Hiluki Biluki Khopa',
        duration='329',type='1',tag='nagpuri song, dj song, aman music, jeeyaho',category='MUSIC>REGIONAL>BENGALI',categoryid='489',
        updated_at='2018-12-12 16:35:47',shortdescription='Hiluki Biluki Khopa',
        director='',producer='aman music',cast='',crew='',sub_genre='',
        language='nagpuri',pgrating='',video_status='inactive',custom_data=''
        where entryid='0_3f1chgf6'
12/12/2018 16:31:03 | SUCCESS | Updtate MetaData(0_t6g2o2v5) | By-jeeyaho_ott333 | update entry set name='Hai Re Tor Roop Yaad Awela',thumbnail='http://ott.planetcast.in/p/113/sp/11300/thumbnail/entry_id/0_t6g2o2v5/version/100022',longdescription='Hai Re Tor Roop Yaad Awela',
        duration='276',type='1',tag='nagpuri song, dj song, aman music, jeeyaho',category='MUSIC>REGIONAL>BENGALI',categoryid='489',
        updated_at='2018-12-12 16:36:25',shortdescription='Hai Re Tor Roop Yaad Awela',
        director='',producer='aman music',cast='',crew='',sub_genre='',
        language='nagpuri',pgrating='',video_status='inactive',custom_data=''
        where entryid='0_t6g2o2v5'
12/12/2018 16:31:57 | SUCCESS | Updtate MetaData(0_zjbkk1kk) | By-jeeyaho_ott333 | update entry set name='Gori Toy Gagra Khopa ',thumbnail='http://ott.planetcast.in/p/113/sp/11300/thumbnail/entry_id/0_zjbkk1kk/version/100022',longdescription='Gori Toy gagra khopa ',
        duration='282',type='1',tag='nagpuri song, dj, jeeyaho, aman music, hit song',category='MUSIC>REGIONAL>BENGALI',categoryid='489',
        updated_at='2018-12-12 16:37:20',shortdescription='Gori Toy Gagra Khopa ',
        director='',producer='aman music',cast='',crew='',sub_genre='',
        language='nagpuri',pgrating='',video_status='inactive',custom_data=''
        where entryid='0_zjbkk1kk'
12/12/2018 16:32:37 | SUCCESS | Updtate MetaData(0_8ezbaw82) | By-jeeyaho_ott333 | update entry set name='Gori Re Gori Re Tor Aaikh Kar Kajra',thumbnail='http://ott.planetcast.in/p/113/sp/11300/thumbnail/entry_id/0_8ezbaw82/version/100022',longdescription='Gori Re Gori Re Tor Aaikh Kar Kajra',
        duration='273',type='1',tag='nagpuri song, dj song, aman music, jeeyaho',category='MUSIC>REGIONAL>BENGALI',categoryid='489',
        updated_at='2018-12-12 16:38:00',shortdescription='Gori Re Gori Re Tor Aaikh Kar Kajra',
        director='',producer='aman music',cast='',crew='',sub_genre='',
        language='nagpuri',pgrating='',video_status='inactive',custom_data=''
        where entryid='0_8ezbaw82'
12/12/2018 16:33:23 | SUCCESS | Updtate MetaData(0_zzpokzgr) | By-jeeyaho_ott333 | update entry set name='Gora rang',thumbnail='http://ott.planetcast.in/p/113/sp/11300/thumbnail/entry_id/0_zzpokzgr/version/100022',longdescription='Gora rang',
        duration='230',type='1',tag='nagpuri song, dj, aman music, jeeyaho',category='MUSIC>REGIONAL>BENGALI',categoryid='489',
        updated_at='2018-12-12 16:38:45',shortdescription='Gora rang',
        director='',producer='aman music',cast='',crew='',sub_genre='',
        language='nagpuri',pgrating='',video_status='inactive',custom_data=''
        where entryid='0_zzpokzgr'
12/12/2018 16:34:12 | SUCCESS | Updtate MetaData(0_9ycy1g67) | By-jeeyaho_ott333 | update entry set name='Gora Gora Mukhra pe',thumbnail='http://ott.planetcast.in/p/113/sp/11300/thumbnail/entry_id/0_9ycy1g67/version/100022',longdescription='Gora Gora Mukhra pe',
        duration='267',type='1',tag='nagpuri song, jeeyaho, aman music, dj song',category='MUSIC>REGIONAL>BENGALI',categoryid='489',
        updated_at='2018-12-12 16:39:34',shortdescription='Gora Gora Mukhra pe',
        director='',producer='aman music',cast='',crew='',sub_genre='',
        language='nagpuri',pgrating='',video_status='inactive',custom_data=''
        where entryid='0_9ycy1g67'
12/12/2018 16:34:59 | SUCCESS | Updtate MetaData(0_v9hf8i0h) | By-jeeyaho_ott333 | update entry set name='Ghughuta hit song',thumbnail='http://ott.planetcast.in/p/113/sp/11300/thumbnail/entry_id/0_v9hf8i0h/version/100022',longdescription='Ghughuta',
        duration='279',type='1',tag='nagpuri song, dj hit, jeeyaho, aman music',category='MUSIC>REGIONAL>BENGALI',categoryid='489',
        updated_at='2018-12-12 16:40:21',shortdescription='Ghughuta hit song',
        director='',producer='aman music',cast='',crew='',sub_genre='',
        language='nagpuri',pgrating='',video_status='inactive',custom_data=''
        where entryid='0_v9hf8i0h'
12/12/2018 16:35:47 | SUCCESS | Updtate MetaData(0_ayndklk5) | By-jeeyaho_ott333 | update entry set name='Doli le ke abo re selem',thumbnail='http://ott.planetcast.in/p/113/sp/11300/thumbnail/entry_id/0_ayndklk5/version/100022',longdescription='Doli le ke abo re selem',
        duration='224',type='1',tag='nagpuri song, dj hit, aman music, jeeyaho',category='MUSIC>REGIONAL>BENGALI',categoryid='489',
        updated_at='2018-12-12 16:41:09',shortdescription='Doli le ke abo re selem',
        director='',producer='aman music',cast='',crew='',sub_genre='',
        language='nagpuri',pgrating='',video_status='inactive',custom_data=''
        where entryid='0_ayndklk5'
12/12/2018 16:36:39 | SUCCESS | Updtate MetaData(0_j2f1khs0) | By-jeeyaho_ott333 | update entry set name='Diya Diya Dil Deya',thumbnail='http://ott.planetcast.in/p/113/sp/11300/thumbnail/entry_id/0_j2f1khs0/version/100022',longdescription='Diya Diya Dil Deya',
        duration='325',type='1',tag='nagpuri song, dj, jeeyaho, aman music',category='MUSIC>REGIONAL>BENGALI',categoryid='489',
        updated_at='2018-12-12 16:42:02',shortdescription='Diya Diya Dil Deya',
        director='',producer='aman music',cast='',crew='',sub_genre='',
        language='nagpuri',pgrating='',video_status='inactive',custom_data=''
        where entryid='0_j2f1khs0'
12/12/2018 16:37:34 | SUCCESS | Updtate MetaData(0_xkuuobiu) | By-jeeyaho_ott333 | update entry set name='Dede Daaru',thumbnail='http://ott.planetcast.in/p/113/sp/11300/thumbnail/entry_id/0_xkuuobiu/version/100022',longdescription='Dede Daaru new superhit song',
        duration='330',type='1',tag='aman music, jeeyaho, dj, nagpuri',category='MUSIC>REGIONAL>BENGALI',categoryid='489',
        updated_at='2018-12-12 16:42:56',shortdescription='Dede Daaru',
        director='',producer='aman music',cast='',crew='',sub_genre='',
        language='nagpuri',pgrating='',video_status='inactive',custom_data=''
        where entryid='0_xkuuobiu'
12/12/2018 16:38:21 | SUCCESS | Updtate MetaData(0_i5mi8g0a) | By-jeeyaho_ott333 | update entry set name='Dele Dele Gum Gum',thumbnail='http://ott.planetcast.in/p/113/sp/11300/thumbnail/entry_id/0_i5mi8g0a/version/100022',longdescription='Dele Dele Gum Gum new song',
        duration='336',type='1',tag='aman music, jeeyaho, nagpuri song, dj song',category='MUSIC>REGIONAL>BENGALI',categoryid='489',
        updated_at='2018-12-12 16:43:43',shortdescription='Dele Dele Gum Gum',
        director='',producer='aman music',cast='',crew='',sub_genre='',
        language='nagpuri',pgrating='',video_status='inactive',custom_data=''
        where entryid='0_i5mi8g0a'
12/12/2018 16:39:35 | SUCCESS | Updtate MetaData(0_wu61g7f0) | By-jeeyaho_ott333 | update entry set name='Bhoji Raat Wali Baat',thumbnail='http://ott.planetcast.in/p/113/sp/11300/thumbnail/entry_id/0_wu61g7f0/version/100022',longdescription='Bhoji Raat Wali Baat Letest Bhojpuri Song Dj Mix ',
        duration='303',type='1',tag='dj song, jeeyaho, satish babu, bhojpuri',category='MUSIC>REGIONAL>BHOJPURI',categoryid='488',
        updated_at='2018-12-12 16:44:58',shortdescription='Bhoji Raat Wali Baat',
        director='',producer='jeeyaho',cast='',crew='',sub_genre='',
        language='bhojpuri',pgrating='',video_status='inactive',custom_data=''
        where entryid='0_wu61g7f0'
12/12/2018 16:40:12 | SUCCESS | Updtate MetaData(0_n2zvzelh) | By-jeeyaho_ott333 | update entry set name='Chal To Guiya',thumbnail='http://ott.planetcast.in/p/113/sp/11300/thumbnail/entry_id/0_n2zvzelh/version/100022',longdescription='Chal To Guiya new nagpuri song',
        duration='103',type='1',tag='nagpuri song, dj, jeeyaho, aman music',category='MUSIC>REGIONAL>BENGALI',categoryid='489',
        updated_at='2018-12-12 16:45:34',shortdescription='Chal To Guiya',
        director='',producer='aman music',cast='',crew='',sub_genre='',
        language='nagpuri',pgrating='',video_status='inactive',custom_data=''
        where entryid='0_n2zvzelh'
12/12/2018 16:40:52 | SUCCESS | Updtate MetaData(0_q99gswpx) | By-jeeyaho_ott333 | update entry set name='Chand Sitaro',thumbnail='http://ott.planetcast.in/p/113/sp/11300/thumbnail/entry_id/0_q99gswpx/version/100022',longdescription='Chand Sitaro new 2018 song',
        duration='228',type='1',tag='nagpuri song, dj, jeeyaho, aman music',category='MUSIC>REGIONAL>BENGALI',categoryid='489',
        updated_at='2018-12-12 16:46:15',shortdescription='Chand Sitaro',
        director='',producer='aman music',cast='',crew='',sub_genre='',
        language='nagpuri',pgrating='',video_status='inactive',custom_data=''
        where entryid='0_q99gswpx'
12/12/2018 16:41:57 | SUCCESS | Updtate MetaData(0_pj5cn1tf) | By-jeeyaho_ott333 | update entry set name='Chori Chori',thumbnail='http://ott.planetcast.in/p/113/sp/11300/thumbnail/entry_id/0_pj5cn1tf/version/100022',longdescription='Chori Chori new 2018 superhit song',
        duration='249',type='1',tag='nagpuri song, dj, jeeyaho, aman music',category='MUSIC>REGIONAL>BENGALI',categoryid='489',
        updated_at='2018-12-12 16:47:19',shortdescription='Chori Chori',
        director='',producer='aman music',cast='',crew='',sub_genre='',
        language='nagpuri',pgrating='',video_status='inactive',custom_data=''
        where entryid='0_pj5cn1tf'
12/12/2018 16:43:44 | SUCCESS | Updtate MetaData(0_g2dxqyr0) | By-jeeyaho_ott333 | update entry set name='Didi Chhotka Tor Dewra Chumma Mange',thumbnail='http://ott.planetcast.in/p/113/sp/11300/thumbnail/entry_id/0_g2dxqyr0/version/100022',longdescription='Didi Chhotka Tor Dewra Chumma Mange',
        duration='316',type='1',tag='aman music, jeeyaho, dj, nagpuri song',category='MUSIC>REGIONAL>BENGALI',categoryid='489',
        updated_at='2018-12-12 16:49:06',shortdescription='Didi Chhotka Tor Dewra Chumma Mange',
        director='',producer='aman music',cast='',crew='',sub_genre='',
        language='nagpuri',pgrating='',video_status='inactive',custom_data=''
        where entryid='0_g2dxqyr0'
12/12/2018 16:44:17 | SUCCESS | Updtate MetaData(0_quk50xpo) | By-jeeyaho_ott333 | update entry set name='Dil Toke Delo Guiya',thumbnail='http://ott.planetcast.in/p/113/sp/11300/thumbnail/entry_id/0_quk50xpo/version/100022',longdescription='Dil Toke Delo Guiya',
        duration='336',type='1',tag='jaayaho, aman music, nagpuri song, dj',category='MUSIC>REGIONAL>BENGALI',categoryid='489',
        updated_at='2018-12-12 16:49:40',shortdescription='Dil Toke Delo Guiya',
        director='',producer='aman music',cast='',crew='',sub_genre='',
        language='nagpuri',pgrating='',video_status='inactive',custom_data=''
        where entryid='0_quk50xpo'
12/12/2018 15:58:54 | SUCCESS | login-(jeeyaho) | By-jeeyaho_ott333 | 
