05/12/2018 03:12:12 | SUCCESS | login-(jeeyaho) | By-jeeyaho_ott333 | 
05/12/2018 05:54:36 | SUCCESS | login-(jeeyaho) | By-jeeyaho_ott333 | 
05/12/2018 11:55:34 | SUCCESS | Updtate MetaData(0_0ndsg9bh) | By-jeeyaho_ott333 | update entry set name='Gopal Rai in JeeyaHo part-1',thumbnail='http://ott.planetcast.in/p/113/sp/11300/thumbnail/entry_id/0_0ndsg9bh/version/100022',longdescription='Gopal Rai in jeeyaho ',
        duration='359',type='1',tag='gopal rai, mohini pandey, pawan singh, ritesh pandey, dj, jeeyaho, jeeyaho banaras 2018, banaras bhojpuri 2018, bhojpuri show, bhojpuri musical 2018, banaras 2018',category='MUSIC>SPECIAL',categoryid='500',
        updated_at='2018-12-05 12:00:51',shortdescription='Gopal Rai in jeeyaho ',
        director='',producer='JeeyaHO and Valtute Media Pvt Ltd',cast='',crew='',sub_genre='',
        language='Bhojpuri',pgrating='',video_status='active',custom_data=''
        where entryid='0_0ndsg9bh'
05/12/2018 15:24:28 | SUCCESS | Updtate MetaData(0_3ocvvman) | By-jeeyaho_ott333 | update entry set name=' JeeyaHo Banaras 2018',thumbnail='http://ott.planetcast.in/p/113/sp/11300/thumbnail/entry_id/0_3ocvvman/version/100022',longdescription=' Jeeya Ho Banaras 2018',
        duration='99',type='1',tag='gopal rai, mohini pandey, pawan singh, ritesh pandey, dj, jeeyaho, banaras 2018, jeeya ho 2018, amrapali dubey, amrapali, subhi sharma, stage show banaras, stage live banaras 2018',category='MUSIC>REGIONAL',categoryid='487',
        updated_at='2018-12-05 15:29:45',shortdescription='Jeeya Ho Banaras Live Show 2018',
        director='',producer='Valtute Media Pvt Ltd',cast='',crew='',sub_genre='',
        language='Bhojpuri- Hindi',pgrating='',video_status='active',custom_data=''
        where entryid='0_3ocvvman'
05/12/2018 15:27:29 | SUCCESS | Updtate MetaData(0_3vc4svlh) | By-jeeyaho_ott333 | update entry set name='Gopal Rai in JeeyaHo 7',thumbnail='http://ott.planetcast.in/p/113/sp/11300/thumbnail/entry_id/0_3vc4svlh/version/100022',longdescription='Gopal Rai in jeeyaho 7',
        duration='462',type='1',tag='gopal rai, mohini pandey, pawan singh, ritesh pandey, dj, jeeyaho, pawan bhaiya, jeeya ho 2018, jeeyaho banaras 2018, banaras show 2018, bhojpuri musical 2018, bhojpuri  live event 2018',category='MUSIC>REGIONAL',categoryid='487',
        updated_at='2018-12-05 15:32:46',shortdescription='JeeyaHo Banaras 2018 with Gopal Rai',
        director='',producer='Valtute Media Pvt Ltd',cast='',crew='',sub_genre='',
        language='Bhojpuri - Hindi',pgrating='',video_status='active',custom_data=''
        where entryid='0_3vc4svlh'
05/12/2018 15:29:23 | SUCCESS | Updtate MetaData(0_5m4o0gca) | By-jeeyaho_ott333 | update entry set name='Gopal Rai in jeeyaho 6',thumbnail='http://ott.planetcast.in/p/113/sp/11300/thumbnail/entry_id/0_5m4o0gca/version/100022',longdescription='Gopal Rai in jeeyaho ',
        duration='567',type='1',tag='gopal rai, mohini pandey, pawan singh, ritesh pandey, dj, jeeyaho, jeeyaho banaras 2018, banaras show 2018, bhojpuri musical 2018, bhojpuri  live event 2018, stage show banaras, stage live banaras 2018',category='MUSIC>REGIONAL',categoryid='487',
        updated_at='2018-12-05 15:34:40',shortdescription='',
        director='Valtute Media Pvt Ltd',producer='Valtute Media Pvt Ltd',cast='',crew='',sub_genre='',
        language='Bhojpuri - Hindi',pgrating='',video_status='active',custom_data=''
        where entryid='0_5m4o0gca'
05/12/2018 15:31:24 | SUCCESS | Updtate MetaData(0_32yujq9m) | By-jeeyaho_ott333 | update entry set name='Gopal Rai in jeeyaho 4',thumbnail='http://ott.planetcast.in/p/113/sp/11300/thumbnail/entry_id/0_32yujq9m/version/100022',longdescription='Gopal Rai in jeeyaho ',
        duration='510',type='1',tag='gopal rai, mohini pandey, pawan singh, ritesh pandey, dj, jeeyaho, jeeyaho banaras 2018, banaras show 2018, bhojpuri musical 2018, bhojpuri  live event 2018, stage show banaras, stage live banaras 2018',category='MUSIC>REGIONAL',categoryid='487',
        updated_at='2018-12-05 15:36:41',shortdescription='',
        director='Valtute Media Pvt Ltd',producer='Valtute Media Pvt Ltd',cast='',crew='',sub_genre='',
        language='Bhojpuri, Hindi',pgrating='',video_status='active',custom_data=''
        where entryid='0_32yujq9m'
05/12/2018 15:36:35 | SUCCESS | Updtate MetaData(0_2b6vd6nl) | By-jeeyaho_ott333 | update entry set name='Jeeya Ho Mein Chayi Masti',thumbnail='http://ott.planetcast.in/p/113/sp/11300/thumbnail/entry_id/0_2b6vd6nl/version/100022',longdescription='Kiske Machaya Dhoom JeeyaHo Banaras mein',
        duration='201',type='1',tag='gopal rai, mohini pandey, pawan singh, ritesh pandey, dj, jeeyaho, jeeyaho banaras 2018, banaras show 2018, bhojpuri musical 2018, bhojpuri  live event 2018, subhi sharma, stage show banaras, stage live banaras 2018',category='MUSIC>REGIONAL>BHOJPURI',categoryid='488',
        updated_at='2018-12-05 15:41:52',shortdescription='',
        director='Valtute Media Pvt Ltd',producer='Valtute Media Pvt Ltd',cast='Pawan Singh, Amrapali Dubey, Subhi ',crew='',sub_genre='',
        language='Bhojpuri and HIndi',pgrating='',video_status='active',custom_data=''
        where entryid='0_2b6vd6nl'
05/12/2018 15:41:32 | SUCCESS | Updtate MetaData(0_t1kkcgrm) | By-jeeyaho_ott333 | update entry set name='JeeyaHo mein Kisne Dikhaya Dum',thumbnail='http://ott.planetcast.in/p/113/sp/11300/thumbnail/entry_id/0_t1kkcgrm/version/100022',longdescription='JeeyaHo Banaras mein kaun raha kiske Aagey.',
        duration='757',type='1',tag='gopal rai, mohini pandey, pawan singh, ritesh pandey, dj, jeeyaho, pawan, pawan bhaiya, jeeya ho 2018, jeeyaho banaras 2018, banaras show 2018, bhojpuri musical 2018, bhojpuri  live event 2018, amrapali dubey, subhi sharma, stage show banaras, stage live banaras 2018',category='MUSIC>REGIONAL>BHOJPURI',categoryid='488',
        updated_at='2018-12-05 15:46:49',shortdescription='',
        director='Valtute Media Pvt Ltd.',producer='Valtute Media Pvt Ltd ',cast='',crew='',sub_genre='',
        language='Bhojpuri - Hindi',pgrating='',video_status='active',custom_data=''
        where entryid='0_t1kkcgrm'
05/12/2018 15:47:39 | SUCCESS | Updtate MetaData(0_i8tc6nbz) | By-jeeyaho_ott333 | update entry set name='JeeyaHo mein hue yeh Kiske Deewane',thumbnail='http://ott.planetcast.in/p/113/sp/11300/thumbnail/entry_id/0_i8tc6nbz/version/100022',longdescription='JeeyaHo Banaras 2018, mein Gopal Rai hue Kiske Deewane. ',
        duration='24',type='1',tag='gopal rai, mohini pandey, pawan singh, ritesh pandey, dj, jeeyaho, pawan, pawan bhaiya, jeeya ho 2018, jeeyaho banaras 2018, banaras show 2018, bhojpuri musical 2018, bhojpuri  live event 2018, amrapali dubey, subhi sharma, stage show banaras, stage live banaras 2018',category='MUSIC>SPECIAL,MUSIC>REGIONAL>BHOJPURI,MUSIC>REGIONAL',categoryid='500,488,487',
        updated_at='2018-12-05 15:52:57',shortdescription='JeeyaHo mein Deewane Hue Pagal',
        director='Valtute Media Pvt Ltd',producer='Valtute Media Pvt Ltd',cast='',crew='',sub_genre='',
        language='Bhojpuri - Hindi',pgrating='',video_status='active',custom_data=''
        where entryid='0_i8tc6nbz'
05/12/2018 15:50:31 | SUCCESS | Updtate MetaData(0_uaojw87a) | By-jeeyaho_ott333 | update entry set name='Kaun Jhooma Gopal Rai ke Gaane par',thumbnail='http://ott.planetcast.in/p/113/sp/11300/thumbnail/entry_id/0_uaojw87a/version/100022',longdescription='JeeyaHo Banaras 2018 mein kaun pagalon ke tarah jhooma aur naacha.',
        duration='484',type='1',tag='gopal rai, mohini pandey, pawan singh, ritesh pandey, dj, jeeyaho, pawan, pawan bhaiya, jeeya ho 2018, jeeyaho banaras 2018, banaras show 2018, bhojpuri musical 2018, bhojpuri  live event 2018, amrapali dubey, subhi sharma, stage show banaras, stage live banaras 2018',category='MUSIC,MUSIC>REGIONAL,MUSIC>REGIONAL>BHOJPURI',categoryid='486,487,488',
        updated_at='2018-12-05 15:55:48',shortdescription='Kaun Jhooma JeeyaHo Banaras mein Gopal Rai ke gaane par',
        director='Valtute Media Pvt Ltd',producer='Valtute Media Pvt Ltd',cast='',crew='',sub_genre='',
        language='Bhojpuri - Hindi',pgrating='',video_status='active',custom_data=''
        where entryid='0_uaojw87a'
05/12/2018 15:53:47 | SUCCESS | Updtate MetaData(0_t3bomnoy) | By-jeeyaho_ott333 | update entry set name='Mohini Pandey ka Jalwaa JeeyaHo mei',thumbnail='http://ott.planetcast.in/p/113/sp/11300/thumbnail/entry_id/0_t3bomnoy/version/100022',longdescription='Mohini Pandey hui Magan JeeyaHo Banaras 2018 mein aur Koi na Rok paya iss Jazbaat ko',
        duration='214',type='1',tag='mohini pandey, pawan singh, ritesh pandey, dj, jeeyaho, pawan, pawan bhaiya, gopal rai, jeeya ho 2018, jeeyaho banaras 2018, banaras show 2018, bhojpuri musical 2018, bhojpuri  live event 2018, amrapali dubey, subhi sharma, stage show banaras, stage live banaras 2018',category='MUSIC>SPECIAL,MUSIC,MUSIC>REGIONAL,MUSIC>REGIONAL>BHOJPURI',categoryid='500,486,487,488',
        updated_at='2018-12-05 15:59:04',shortdescription='Mohini Pandey ne Bharaa Josh Jeeyaho mein',
        director='Valtute Media Pvt Ltd',producer='Valtute Media Pvt Ltd',cast='',crew='',sub_genre='',
        language='Bhojpuri, Hindi',pgrating='',video_status='active',custom_data=''
        where entryid='0_t3bomnoy'
05/12/2018 16:14:31 | SUCCESS | Updtate MetaData(0_zgzex4lu) | By-jeeyaho_ott333 | update entry set name='Mohini Pandey Dikhi Alag Andaz mein',thumbnail='http://ott.planetcast.in/p/113/sp/11300/thumbnail/entry_id/0_zgzex4lu/version/100022',longdescription='JeeyaHo Banaras 2018 mein Mohini Pandey ek Naye Andaz.......',
        duration='391',type='1',tag='mohini pandey, pawan singh, ritesh pandey, dj, jeeyaho, pawan, pawan bhaiya, gopal rai, jeeya ho 2018, jeeyaho banaras 2018, banaras show 2018, bhojpuri musical 2018, bhojpuri  live event 2018, amrapali dubey, subhi sharma, stage show banaras, stage live banaras 2018',category='MUSIC>SPECIAL,MUSIC,MUSIC>REGIONAL,MUSIC>REGIONAL>BHOJPURI',categoryid='500,486,487,488',
        updated_at='2018-12-05 16:19:48',shortdescription='Mohini Pandey in jeeyaho ',
        director='Valtute Media Pvt Ltd',producer='Valtute Media Pvt Ltd',cast='',crew='',sub_genre='',
        language='bhojpuri - Hindi',pgrating='',video_status='active',custom_data=''
        where entryid='0_zgzex4lu'
05/12/2018 16:19:56 | SUCCESS | Updtate MetaData(0_z14mynr1) | By-jeeyaho_ott333 | update entry set name='Mohini Pandey Ne Aur Kisko Nachaya',thumbnail='http://ott.planetcast.in/p/113/sp/11300/thumbnail/entry_id/0_z14mynr1/version/100022',longdescription='Mohini Pandey  Ke Gaane par Dikhaya Josh do aur gaane se aur do aur gaane par, jab toda stage ko.',
        duration='114',type='1',tag='mohini pandey, pawan singh, ritesh pandey, jeeyaho, pawan, pawan bhaiya, gopal rai, jeeya ho 2018, jeeyaho banaras 2018, banaras show 2018, bhojpuri musical 2018, bhojpuri  live event 2018, amrapali dubey, subhi sharma, stage show banaras, stage live banaras 2018',category='MUSIC>SPECIAL,MUSIC,MUSIC>REGIONAL,MUSIC>REGIONAL>BHOJPURI',categoryid='500,486,487,488',
        updated_at='2018-12-05 16:25:13',shortdescription='Mohini Pandey Ne Nachaya kin Haseenaye',
        director='Valtute Media Pvt',producer='Valtute Media Pvt Ltd',cast='',crew='',sub_genre='',
        language='Bhojpuri, HIndi',pgrating='',video_status='active',custom_data=''
        where entryid='0_z14mynr1'
05/12/2018 16:34:35 | SUCCESS | Updtate MetaData(0_w36yj3to) | By-jeeyaho_ott333 | update entry set name='Mohini Ka Jaado Chal Gaya JeeyaHo ',thumbnail='http://ott.planetcast.in/p/113/sp/11300/thumbnail/entry_id/0_w36yj3to/version/100022',longdescription='Mohini ka Jaado JeeyaHo Banaras 2018 mein chal gaya aur logo ko deewana kar gaya.',
        duration='300',type='1',tag='mohini pandey, pawan singh, ritesh pandey, dj, jeeyaho, pawan, pawan bhaiya, gopal rai, jeeya ho 2018, jeeyaho banaras 2018, banaras show 2018, bhojpuri musical 2018, bhojpuri  live event 2018, amrapali dubey, subhi sharma, stage show banaras, stage live banaras 2018',category='MUSIC>SPECIAL,MUSIC,MUSIC>REGIONAL,MUSIC>REGIONAL>BHOJPURI',categoryid='500,486,487,488',
        updated_at='2018-12-05 16:39:53',shortdescription='Mohini Ka Jaadoo Chal Gaya JeeyaHo Banaras mein',
        director='Valtute Media Pvt Ltd',producer='Valtute Media Pvt Ltd',cast='',crew='',sub_genre='',
        language='Bhojpuri, Hindi',pgrating='',video_status='active',custom_data=''
        where entryid='0_w36yj3to'
05/12/2018 16:36:58 | SUCCESS | Updtate MetaData(0_ckpvlbnj) | By-jeeyaho_ott333 | update entry set name='Mohini Mann Mohini',thumbnail='http://ott.planetcast.in/p/113/sp/11300/thumbnail/entry_id/0_ckpvlbnj/version/100022',longdescription='Mohini Ka Kaunsa Jaddo logo ko Ghayal Kar gaya.',
        duration='208',type='1',tag='mohini pandey, pawan singh, ritesh pandey, jeeyaho, dj, pawan, pawan bhaiya, gopal rai, jeeya ho 2018, jeeyaho banaras 2018, banaras show 2018, bhojpuri musical 2018, bhojpuri  live event 2018, amrapali dubey, subhi sharma, stage show banaras, stage live banaras 2018',category='MUSIC>SPECIAL,MUSIC,MUSIC>REGIONAL,MUSIC>REGIONAL>BHOJPURI',categoryid='500,486,487,488',
        updated_at='2018-12-05 16:42:15',shortdescription='Mohini Mann Mohini , JeeyaHo Banaras 2018',
        director='Valtute Media Pvt Ltd',producer='Valtute Media Pvt Ltd',cast='',crew='',sub_genre='',
        language='Bhojpuri- Hindi',pgrating='',video_status='active',custom_data=''
        where entryid='0_ckpvlbnj'
05/12/2018 16:39:35 | SUCCESS | Updtate MetaData(0_zunctgu8) | By-jeeyaho_ott333 | update entry set name='Mohini Ne Jataya Pyaar, JeeyaHo',thumbnail='http://ott.planetcast.in/p/113/sp/11300/thumbnail/entry_id/0_zunctgu8/version/100022',longdescription='Mohini Pandey ne Kisse Jataya Pyaar JeeyaHo Banaras 20018 mein.',
        duration='162',type='1',tag='jeeyaho, pawan singh, ritesh pandey, mohini pandey, amarpali dubey, pawan, pawan bhaiya, gopal rai, jeeya ho 2018, jeeyaho banaras 2018, banaras show 2018, bhojpuri musical 2018, bhojpuri  live event 2018, amrapali dubey, subhi sharma, stage show banaras, stage live banaras 2018',category='MUSIC>SPECIAL,MUSIC,MUSIC>REGIONAL,MUSIC>REGIONAL>BHOJPURI',categoryid='500,486,487,488',
        updated_at='2018-12-05 16:44:53',shortdescription='Mohini Pandey ka Pyaar JeeyaHo Banaras 2018 mein',
        director='Valtute Media Pvt',producer='Valtute Media Pvt',cast='',crew='',sub_genre='',
        language='Bhojpuri - Hindi',pgrating='',video_status='active',custom_data=''
        where entryid='0_zunctgu8'
05/12/2018 16:42:10 | SUCCESS | Updtate MetaData(0_p94d13br) | By-jeeyaho_ott333 | update entry set name='Pawan Singh Live In JeeyaHo 2018',thumbnail='http://ott.planetcast.in/p/113/sp/11300/thumbnail/entry_id/0_p94d13br/version/100022',longdescription='pawan singh live show in jeeyaho banaras 2018 \r\n',
        duration='1145',type='1',tag='pawan sing, jeeyaho, banaras 2018, pawan singh, pawan, pawan bhaiya, mohini pandey, ritesh pandey, gopal rai, jeeya ho 2018, jeeyaho banaras 2018, banaras show 2018, bhojpuri musical 2018, bhojpuri  live event 2018, amrapali dubey, subhi sharma, stage show banaras, stage live banaras 2018',category='MUSIC>REGIONAL>BHOJPURI,MUSIC,MUSIC>REGIONAL',categoryid='488,486,487',
        updated_at='2018-12-05 16:47:27',shortdescription='pawan singh live show in jeeyaho banaras 2018',
        director='Valtute Media Pvt Ltd',producer='Valtute Media Pvt Ltd',cast='',crew='',sub_genre='',
        language='Bhojpuri - Hindi',pgrating='',video_status='active',custom_data=''
        where entryid='0_p94d13br'
05/12/2018 14:18:34 | SUCCESS | login-(jeeyaho) | By-jeeyaho_ott333 | 
05/12/2018 15:05:49 | SUCCESS | login-(jeeyaho) | By-jeeyaho_ott333 | 
05/12/2018 17:31:44 | SUCCESS | login-(jeeyaho) | By-jeeyaho_ott333 | 
