29/11/2018 02:37:11 | SUCCESS | Save New video(0_p94d13br) | By-jeeyaho_ott333 | 
29/11/2018 07:53:04 | SUCCESS | Save New video(0_b2rsrzcr) | By-jeeyaho_ott333 | 
29/11/2018 08:00:35 | SUCCESS | Save New video(0_d9ik9efu) | By-jeeyaho_ott333 | 
29/11/2018 08:04:35 | SUCCESS | Save New video(0_sgxv3zop) | By-jeeyaho_ott333 | 
29/11/2018 08:07:45 | SUCCESS | Save New video(0_ihjj1eae) | By-jeeyaho_ott333 | 
29/11/2018 08:12:01 | SUCCESS | Save New video(0_t0hx89t2) | By-jeeyaho_ott333 | 
29/11/2018 08:20:53 | SUCCESS | Save New video(0_2gar5mni) | By-jeeyaho_ott333 | 
29/11/2018 08:32:07 | SUCCESS | Save New video(0_vtqi0io1) | By-jeeyaho_ott333 | 
29/11/2018 06:42:24 | SUCCESS | login-(jeeyaho) | By-jeeyaho_ott333 | 
29/11/2018 06:42:53 | SUCCESS | login-(jeeyaho) | By-jeeyaho_ott333 | 
29/11/2018 12:17:06 | SUCCESS | Save New video(0_buzjxsdi) | By-jeeyaho_ott333 | 
29/11/2018 12:18:33 | SUCCESS | Save New video(0_4cwccd0l) | By-jeeyaho_ott333 | 
29/11/2018 12:19:04 | SUCCESS | Delete Video entry(0_vtqi0io1) | By-jeeyaho_ott333 | 
29/11/2018 12:21:30 | SUCCESS | Save New video(0_34whvzof) | By-jeeyaho_ott333 | 
29/11/2018 12:24:39 | SUCCESS | Save New video(0_4xxn8f8i) | By-jeeyaho_ott333 | 
29/11/2018 12:28:50 | SUCCESS | Save New video(0_ql8uw6k3) | By-jeeyaho_ott333 | 
29/11/2018 12:37:39 | SUCCESS | Save New video(0_e82eeidl) | By-jeeyaho_ott333 | 
29/11/2018 12:39:24 | SUCCESS | Save New video(0_gjdktw7i) | By-jeeyaho_ott333 | 
29/11/2018 12:41:41 | SUCCESS | Save New video(0_9wt2fv6e) | By-jeeyaho_ott333 | 
29/11/2018 12:43:40 | SUCCESS | Save New video(0_ksuqjsf3) | By-jeeyaho_ott333 | 
29/11/2018 12:45:17 | SUCCESS | Save New video(0_ln9u2fir) | By-jeeyaho_ott333 | 
29/11/2018 12:48:41 | SUCCESS | Save New video(0_qptkry2p) | By-jeeyaho_ott333 | 
29/11/2018 12:51:09 | SUCCESS | Save New video(0_4cvqbvf6) | By-jeeyaho_ott333 | 
29/11/2018 12:53:02 | SUCCESS | Save New video(0_z9s2qc9t) | By-jeeyaho_ott333 | 
29/11/2018 12:56:19 | SUCCESS | Save New video(0_2xidez0m) | By-jeeyaho_ott333 | 
29/11/2018 12:59:16 | SUCCESS | Save New video(0_g17mfrnw) | By-jeeyaho_ott333 | 
29/11/2018 13:01:29 | SUCCESS | Save New video(0_oi7e8fdz) | By-jeeyaho_ott333 | 
29/11/2018 13:03:17 | SUCCESS | Save New video(0_yeh1jliz) | By-jeeyaho_ott333 | 
29/11/2018 13:12:27 | SUCCESS | Save New video(0_imcek66t) | By-jeeyaho_ott333 | 
29/11/2018 13:15:19 | SUCCESS | Save New video(0_pz4kkbd6) | By-jeeyaho_ott333 | 
29/11/2018 13:26:17 | SUCCESS | Save New video(0_34amg8y7) | By-jeeyaho_ott333 | 
29/11/2018 13:27:56 | SUCCESS | Save New video(0_ic77uikw) | By-jeeyaho_ott333 | 
29/11/2018 13:30:42 | SUCCESS | Save New video(0_1a0yrqaf) | By-jeeyaho_ott333 | 
29/11/2018 13:33:21 | SUCCESS | Save New video(0_om80vd3s) | By-jeeyaho_ott333 | 
29/11/2018 13:35:36 | SUCCESS | Save New video(0_h2a46mdn) | By-jeeyaho_ott333 | 
29/11/2018 13:37:17 | SUCCESS | Save New video(0_luzsgmft) | By-jeeyaho_ott333 | 
29/11/2018 08:18:29 | SUCCESS | login-(jeeyaho) | By-jeeyaho_ott333 | 
29/11/2018 08:21:24 | SUCCESS | login-(jeeyaho) | By-jeeyaho_ott333 | 
29/11/2018 14:00:36 | SUCCESS | Save New video(0_jktvlfqv) | By-jeeyaho_ott333 | 
29/11/2018 14:06:59 | SUCCESS | Save New video(0_g4boh5xv) | By-jeeyaho_ott333 | 
29/11/2018 14:08:10 | SUCCESS | Save New video(0_53ulu4qt) | By-jeeyaho_ott333 | 
29/11/2018 14:09:34 | SUCCESS | Save New video(0_7bknwh84) | By-jeeyaho_ott333 | 
29/11/2018 14:10:43 | SUCCESS | Save New video(0_uofwy9dw) | By-jeeyaho_ott333 | 
29/11/2018 14:20:36 | SUCCESS | Save New video(0_xk019e18) | By-jeeyaho_ott333 | 
29/11/2018 14:21:47 | SUCCESS | Save New video(0_73v158pi) | By-jeeyaho_ott333 | 
29/11/2018 14:23:19 | SUCCESS | Save New video(0_5hn7hurx) | By-jeeyaho_ott333 | 
29/11/2018 14:25:45 | SUCCESS | Save New video(0_hmg84hnm) | By-jeeyaho_ott333 | 
29/11/2018 14:30:06 | SUCCESS | Save New video(0_54080c69) | By-jeeyaho_ott333 | 
29/11/2018 14:31:05 | SUCCESS | Save New video(0_t2srbgar) | By-jeeyaho_ott333 | 
29/11/2018 14:32:03 | SUCCESS | Save New video(0_x5uhbpvy) | By-jeeyaho_ott333 | 
29/11/2018 14:34:30 | SUCCESS | Save New video(0_swijv7ox) | By-jeeyaho_ott333 | 
29/11/2018 14:35:37 | SUCCESS | Save New video(0_wk5wc4od) | By-jeeyaho_ott333 | 
29/11/2018 14:36:45 | SUCCESS | Save New video(0_xcwo46uc) | By-jeeyaho_ott333 | 
29/11/2018 14:37:31 | SUCCESS | Save New video(0_4y46u03f) | By-jeeyaho_ott333 | 
29/11/2018 14:38:51 | SUCCESS | Save New video(0_v5lt97ei) | By-jeeyaho_ott333 | 
29/11/2018 14:40:22 | SUCCESS | Save New video(0_pmrg9q42) | By-jeeyaho_ott333 | 
29/11/2018 14:41:54 | SUCCESS | Save New video(0_oldoxm0r) | By-jeeyaho_ott333 | 
29/11/2018 14:43:45 | SUCCESS | Save New video(0_w1d4esim) | By-jeeyaho_ott333 | 
29/11/2018 14:44:47 | SUCCESS | Save New video(0_xcdryxlu) | By-jeeyaho_ott333 | 
29/11/2018 14:46:05 | SUCCESS | Save New video(0_pkgeifro) | By-jeeyaho_ott333 | 
29/11/2018 14:48:09 | SUCCESS | Save New video(0_gz7unzvq) | By-jeeyaho_ott333 | 
29/11/2018 14:53:27 | SUCCESS | Save New video(0_xw0sf1lv) | By-jeeyaho_ott333 | 
29/11/2018 14:54:24 | SUCCESS | Save New video(0_rvbvt3n5) | By-jeeyaho_ott333 | 
29/11/2018 14:55:54 | SUCCESS | Save New video(0_jsj5wfiu) | By-jeeyaho_ott333 | 
29/11/2018 14:58:21 | SUCCESS | Save New video(0_e1txsxns) | By-jeeyaho_ott333 | 
29/11/2018 14:59:08 | SUCCESS | Save New video(0_c2elqygh) | By-jeeyaho_ott333 | 
29/11/2018 15:00:01 | SUCCESS | Save New video(0_c9q7uk0n) | By-jeeyaho_ott333 | 
29/11/2018 15:02:23 | SUCCESS | Save New video(0_rmxl1z8u) | By-jeeyaho_ott333 | 
29/11/2018 15:03:58 | SUCCESS | Save New video(0_793wq598) | By-jeeyaho_ott333 | 
29/11/2018 10:12:57 | SUCCESS | login-(jeeyaho) | By-jeeyaho_ott333 | 
29/11/2018 15:54:43 | SUCCESS | Updtate MetaData(0_9xx6wrbm) | By-jeeyaho_ott333 | update entry set name='Pawan Singh in jeeyaho Part 1',thumbnail='http://ott.planetcast.in/p/113/sp/11300/thumbnail/entry_id/0_9xx6wrbm/version/100022',longdescription='pawan singh live stage show in jeeya ho banaras 2018 at the launch jeeyaho app ',
        duration='892',type='1',tag='pawan singh, live show, jeeyaho, live event, banaras 2018',category='MUSIC>REGIONAL>BHOJPURI',categoryid='488',
        updated_at='2018-11-29 15:59:56',shortdescription='pawan singh live stage show in jeeya ho banaras 2018 at the launch jeeyaho app ',
        director='manish kumar',producer='Jeeyaho',cast='',crew='',sub_genre='',
        language='BHOJPURI',pgrating='',video_status='inactive',custom_data=''
        where entryid='0_9xx6wrbm'
29/11/2018 15:57:57 | SUCCESS | Save Thumbnail(0_9xx6wrbm) | By-jeeyaho_ott333 | 
29/11/2018 12:38:08 | SUCCESS | login-(jeeyaho) | By-jeeyaho_ott333 | 
29/11/2018 14:34:50 | SUCCESS | login-(jeeyaho) | By-jeeyaho_ott333 | 
29/11/2018 15:19:21 | SUCCESS | login-(jeeyaho) | By-jeeyaho_ott333 | 
29/11/2018 20:51:05 | SUCCESS | Updtate MetaData(0_p94d13br) | By-jeeyaho_ott333 | update entry set name='Pawan Singh Line Show In JeeyaHo In',thumbnail='http://ott.planetcast.in/p/113/sp/11300/thumbnail/entry_id/0_p94d13br/version/100022',longdescription='pawan singh live show in jeeyaho banaras 2018 \r\n',
        duration='1145',type='1',tag='pawan sing, jeeyaho, banaras 2018',category='MUSIC>REGIONAL>BHOJPURI',categoryid='488',
        updated_at='2018-11-29 20:56:18',shortdescription='pawan singh live show in jeeyaho banaras 2018',
        director='manish kumar',producer='jeeyaho',cast='',crew='',sub_genre='',
        language='',pgrating='',video_status='inactive',custom_data=''
        where entryid='0_p94d13br'
29/11/2018 20:51:55 | SUCCESS | Updtate MetaData(0_b2rsrzcr) | By-jeeyaho_ott333 | update entry set name='Pankaj Fauji Superhit Song',thumbnail='http://ott.planetcast.in/p/113/sp/11300/thumbnail/entry_id/0_b2rsrzcr/version/100022',longdescription=' 	\r\n\r\n2018 Bhojpuri Video_Song Pankaj_Fauji_Superhit_Video_Song ',
        duration='202',type='1',tag='pankaj fauji, bhojpuri song, music, dj',category='MUSIC>REGIONAL>BHOJPURI',categoryid='488',
        updated_at='2018-11-29 20:57:08',shortdescription='Pankaj_Fauji_Superhit_Video_Song ',
        director='',producer='lotus',cast='',crew='',sub_genre='',
        language='bhojpuri',pgrating='',video_status='inactive',custom_data=''
        where entryid='0_b2rsrzcr'
29/11/2018 20:52:37 | SUCCESS | Updtate MetaData(0_d9ik9efu) | By-jeeyaho_ott333 | update entry set name=' Khele Aiha Rangwa New Holi Song ',thumbnail='http://ott.planetcast.in/p/113/sp/11300/thumbnail/entry_id/0_d9ik9efu/version/100022',longdescription=' Khele Aiha Rangwa New Holi Song 2018',
        duration='339',type='1',tag='holi, lotas, jeeyaho, dj, bhojpuri',category='MUSIC>REGIONAL>BHOJPURI',categoryid='488',
        updated_at='2018-11-29 20:57:49',shortdescription=' Khele Aiha Rangwa New Holi Song 2018',
        director='',producer='lotus',cast='',crew='',sub_genre='',
        language='bhojpuri',pgrating='',video_status='inactive',custom_data=''
        where entryid='0_d9ik9efu'
29/11/2018 20:54:53 | SUCCESS | Updtate MetaData(0_sgxv3zop) | By-jeeyaho_ott333 | update entry set name='Faguni Rang New Holi Song 2018 ',thumbnail='http://ott.planetcast.in/p/113/sp/11300/thumbnail/entry_id/0_sgxv3zop/version/100022',longdescription='Faguni Rang New Holi Song 2018 ',
        duration='285',type='1',tag='bhojpuri, holi, dj, lotus, jeeyaho',category='MUSIC>REGIONAL>BHOJPURI',categoryid='488',
        updated_at='2018-11-29 21:00:06',shortdescription='Faguni Rang New Holi Song 2018 ',
        director='',producer='lotus',cast='',crew='',sub_genre='',
        language='bhojpuri',pgrating='',video_status='inactive',custom_data=''
        where entryid='0_sgxv3zop'
29/11/2018 20:56:14 | SUCCESS | Updtate MetaData(0_ihjj1eae) | By-jeeyaho_ott333 | update entry set name=' Fauj Ke Holi Amit Tiwari Holi 2018 ',thumbnail='http://ott.planetcast.in/p/113/sp/11300/thumbnail/entry_id/0_ihjj1eae/version/100022',longdescription=' Fauj Ke Holi Amit Tiwari Holi 2018 ',
        duration='317',type='1',tag='holi song, dj, music, bhojpuri, lotus, jeeyaho',category='MUSIC>REGIONAL>BHOJPURI',categoryid='488',
        updated_at='2018-11-29 21:01:26',shortdescription=' Fauj Ke Holi Amit Tiwari Holi 2018 ',
        director='',producer='lotus',cast='',crew='',sub_genre='',
        language='bhojpuri',pgrating='',video_status='inactive',custom_data=''
        where entryid='0_ihjj1eae'
29/11/2018 20:57:08 | SUCCESS | Updtate MetaData(0_t0hx89t2) | By-jeeyaho_ott333 | update entry set name='Ratan Rajguru Dekhat Naikhu Palat Ke ',thumbnail='http://ott.planetcast.in/p/113/sp/11300/thumbnail/entry_id/0_t0hx89t2/version/100022',longdescription='Ratan Rajguru Dekhat Naikhu Palat Ke ',
        duration='180',type='1',tag='bhojpuri, lotus, dj, jeeyaho, holi',category='MUSIC>REGIONAL>BHOJPURI',categoryid='488',
        updated_at='2018-11-29 21:02:21',shortdescription='Ratan Rajguru Dekhat Naikhu Palat Ke ',
        director='',producer='lotus',cast='',crew='',sub_genre='',
        language='bhojpuri',pgrating='',video_status='inactive',custom_data=''
        where entryid='0_t0hx89t2'
29/11/2018 20:58:08 | SUCCESS | Updtate MetaData(0_2gar5mni) | By-jeeyaho_ott333 | update entry set name=' Dhananjay Sharma khele Aiha Rangwa ',thumbnail='http://ott.planetcast.in/p/113/sp/11300/thumbnail/entry_id/0_2gar5mni/version/100022',longdescription=' Dhananjay Sharma khele Aiha Rangwa ',
        duration='337',type='1',tag='bhojpuri, lotus, jeeyaho, holi, dj',category='MUSIC>REGIONAL>BHOJPURI',categoryid='488',
        updated_at='2018-11-29 21:03:20',shortdescription=' Dhananjay Sharma khele Aiha Rangwa ',
        director='',producer='lotus',cast='',crew='',sub_genre='',
        language='bhojpuri',pgrating='',video_status='inactive',custom_data=''
        where entryid='0_2gar5mni'
29/11/2018 21:50:47 | SUCCESS | Updtate MetaData(0_buzjxsdi) | By-jeeyaho_ott333 | update entry set name='Manish Raja SuperHit Holi Song',thumbnail='http://ott.planetcast.in/p/113/sp/11300/thumbnail/entry_id/0_buzjxsdi/version/100022',longdescription='Manish Raja SuperHit Holi Song',
        duration='260',type='1',tag='bhojpuri, holi, manish raja, dj, lotus',category='MUSIC>REGIONAL>BHOJPURI',categoryid='488',
        updated_at='2018-11-29 21:56:00',shortdescription=' Dhananjay Sharma khele Aiha Rangwa ',
        director='',producer='lotus',cast='',crew='',sub_genre='',
        language='bhojpuri',pgrating='',video_status='inactive',custom_data=''
        where entryid='0_buzjxsdi'
29/11/2018 21:51:30 | SUCCESS | Updtate MetaData(0_4cwccd0l) | By-jeeyaho_ott333 | update entry set name='Unkh Muj Katail Re Sharma ',thumbnail='http://ott.planetcast.in/p/113/sp/11300/thumbnail/entry_id/0_4cwccd0l/version/100022',longdescription='Unkh Muj Katail Re Sharma ',
        duration='280',type='1',tag='bhojpuri, dj, new bhojpuri song, lotus',category='MUSIC>REGIONAL>BHOJPURI',categoryid='488',
        updated_at='2018-11-29 21:56:43',shortdescription='Unkh Muj Katail Re Sharma ',
        director='',producer='lotus',cast='',crew='',sub_genre='',
        language='bhojpuri',pgrating='',video_status='inactive',custom_data=''
        where entryid='0_4cwccd0l'
29/11/2018 21:52:24 | SUCCESS | Updtate MetaData(0_34whvzof) | By-jeeyaho_ott333 | update entry set name='Priyanka Pandey Rang Dalela ',thumbnail='http://ott.planetcast.in/p/113/sp/11300/thumbnail/entry_id/0_34whvzof/version/100022',longdescription='Priyanka Pandey Rang Dalela ',
        duration='209',type='1',tag='priyanka pandey, bhojpuri song, dj, lotus',category='MUSIC>REGIONAL>BHOJPURI',categoryid='488',
        updated_at='2018-11-29 21:57:36',shortdescription='Priyanka Pandey Rang Dalela ',
        director='',producer='lotus',cast='',crew='',sub_genre='',
        language='bhajpuri',pgrating='',video_status='inactive',custom_data=''
        where entryid='0_34whvzof'
29/11/2018 21:53:08 | SUCCESS | Updtate MetaData(0_4xxn8f8i) | By-jeeyaho_ott333 | update entry set name=' Samar Singh Pichkari Rowata - Holi Video 2018 ',thumbnail='http://ott.planetcast.in/p/113/sp/11300/thumbnail/entry_id/0_4xxn8f8i/version/100022',longdescription='Samar Singh Pichkari Rowata - Holi Video 2018 ',
        duration='336',type='1',tag='bhojpuri, samar singh, lotus, dj, new song',category='MUSIC>REGIONAL>BHOJPURI',categoryid='488',
        updated_at='2018-11-29 21:58:21',shortdescription='Samar Singh Pichkari Rowata ',
        director='',producer='lotus',cast='',crew='',sub_genre='',
        language='bhojpuri',pgrating='',video_status='inactive',custom_data=''
        where entryid='0_4xxn8f8i'
29/11/2018 21:53:40 | SUCCESS | Updtate MetaData(0_ql8uw6k3) | By-jeeyaho_ott333 | update entry set name=' Ranju Prasad  Bhojpuri Sohar Song',thumbnail='http://ott.planetcast.in/p/113/sp/11300/thumbnail/entry_id/0_ql8uw6k3/version/100022',longdescription=' Ranju Prasad  Bhojpuri Sohar Song',
        duration='285',type='1',tag='bhojpuri, dj, sohar song, lotus',category='MUSIC>REGIONAL>BHOJPURI',categoryid='488',
        updated_at='2018-11-29 21:58:53',shortdescription=' Ranju Prasad  Bhojpuri Sohar Song',
        director='',producer='lotus',cast='',crew='',sub_genre='',
        language='bhojpuri',pgrating='',video_status='inactive',custom_data=''
        where entryid='0_ql8uw6k3'
29/11/2018 21:59:41 | SUCCESS | Updtate MetaData(0_e82eeidl) | By-jeeyaho_ott333 | update entry set name='Atakan Chatakan Ranju Prasad ',thumbnail='http://ott.planetcast.in/p/113/sp/11300/thumbnail/entry_id/0_e82eeidl/version/100022',longdescription='Atakan Chatakan Ranju Prasad ',
        duration='362',type='1',tag='bhojpuri song, dj, lotus, music, atakan chatakan',category='MUSIC>REGIONAL>BHOJPURI',categoryid='488',
        updated_at='2018-11-29 22:04:54',shortdescription='Atakan Chatakan Ranju Prasad ',
        director='',producer='lotus',cast='',crew='',sub_genre='',
        language='bhojpuri',pgrating='',video_status='inactive',custom_data=''
        where entryid='0_e82eeidl'
29/11/2018 22:01:37 | SUCCESS | Updtate MetaData(0_gjdktw7i) | By-jeeyaho_ott333 | update entry set name='Kaam Bhail Khade Khade - Manish Raja',thumbnail='http://ott.planetcast.in/p/113/sp/11300/thumbnail/entry_id/0_gjdktw7i/version/100022',longdescription='Kaam Bhail Khade Khade - Manish Raja',
        duration='194',type='1',tag='bhojpuri, manish raja, lotus, dj',category='MUSIC>REGIONAL>BHOJPURI',categoryid='488',
        updated_at='2018-11-29 22:06:50',shortdescription='Kaam Bhail Khade Khade - Manish Raja',
        director='',producer='lotus',cast='',crew='',sub_genre='',
        language='bhojpuri',pgrating='',video_status='inactive',custom_data=''
        where entryid='0_gjdktw7i'
29/11/2018 22:02:19 | SUCCESS | Updtate MetaData(0_9wt2fv6e) | By-jeeyaho_ott333 | update entry set name='Chala Balamua Naihar- Ranju Prasad ',thumbnail='http://ott.planetcast.in/p/113/sp/11300/thumbnail/entry_id/0_9wt2fv6e/version/100022',longdescription='Chala Balamua Naihar- Ranju Prasad ',
        duration='233',type='1',tag='bhojpuri, dj, ranju prasad, lotus, new song',category='MUSIC>REGIONAL>BHOJPURI',categoryid='488',
        updated_at='2018-11-29 22:07:31',shortdescription='Chala Balamua Naihar- Ranju Prasad ',
        director='',producer='lotus',cast='',crew='',sub_genre='',
        language='bhojpuri',pgrating='',video_status='inactive',custom_data=''
        where entryid='0_9wt2fv6e'
29/11/2018 22:04:08 | SUCCESS | Updtate MetaData(0_ln9u2fir) | By-jeeyaho_ott333 | update entry set name='Ganja Bina Maaja Nahi Aawata',thumbnail='http://ott.planetcast.in/p/113/sp/11300/thumbnail/entry_id/0_ln9u2fir/version/100022',longdescription='Ganja Bina Maaja Nahi Aawata',
        duration='206',type='1',tag='bhojpuri song, dj song, lotus',category='MUSIC>REGIONAL>BHOJPURI',categoryid='488',
        updated_at='2018-11-29 22:09:21',shortdescription='Ganja Bina Maaja Nahi Aawata',
        director='',producer='lotus',cast='',crew='',sub_genre='',
        language='bhojpuri',pgrating='',video_status='inactive',custom_data=''
        where entryid='0_ln9u2fir'
29/11/2018 22:51:12 | SUCCESS | Updtate MetaData(0_ksuqjsf3) | By-jeeyaho_ott333 | update entry set name='Ke Aawata Yad-Holi Video 2018 ',thumbnail='http://ott.planetcast.in/p/113/sp/11300/thumbnail/entry_id/0_ksuqjsf3/version/100022',longdescription='Ke Aawata Yad-Holi Video 2018 ',
        duration='219',type='1',tag='bhojpuri song, dj, new song, lotus',category='MUSIC>REGIONAL>BHOJPURI',categoryid='488',
        updated_at='2018-11-29 22:56:25',shortdescription='Ke Aawata Yad-Holi Video 2018 ',
        director='',producer='lotus',cast='',crew='',sub_genre='',
        language='bhojpuri',pgrating='',video_status='inactive',custom_data=''
        where entryid='0_ksuqjsf3'
29/11/2018 22:51:58 | SUCCESS | Updtate MetaData(0_qptkry2p) | By-jeeyaho_ott333 | update entry set name=' Hathe Se Hilawatani -Sunil Maurya ',thumbnail='http://ott.planetcast.in/p/113/sp/11300/thumbnail/entry_id/0_qptkry2p/version/100022',longdescription=' Hathe Se Hilawatani -Sunil Maurya ',
        duration='270',type='1',tag='bhojpuri song, dj, sunil maurya, lotus',category='MUSIC>REGIONAL>BHOJPURI',categoryid='488',
        updated_at='2018-11-29 22:57:11',shortdescription=' Hathe Se Hilawatani -Sunil Maurya ',
        director='',producer='lotus',cast='',crew='',sub_genre='',
        language='bhojpuri',pgrating='',video_status='inactive',custom_data=''
        where entryid='0_qptkry2p'
29/11/2018 22:52:38 | SUCCESS | Updtate MetaData(0_z9s2qc9t) | By-jeeyaho_ott333 | update entry set name=' Desi Rang -New Bhojpuri Holi Song ',thumbnail='http://ott.planetcast.in/p/113/sp/11300/thumbnail/entry_id/0_z9s2qc9t/version/100022',longdescription=' Desi Rang -New Bhojpuri Holi Song ',
        duration='240',type='1',tag='bhojpuri, new bhojpuri song, dj, lotus, holi',category='MUSIC>REGIONAL>BHOJPURI',categoryid='488',
        updated_at='2018-11-29 22:57:51',shortdescription=' Desi Rang -New Bhojpuri Holi Song ',
        director='',producer='lotus',cast='',crew='',sub_genre='',
        language='bhojpuri',pgrating='',video_status='inactive',custom_data=''
        where entryid='0_z9s2qc9t'
29/11/2018 22:53:23 | SUCCESS | Updtate MetaData(0_2xidez0m) | By-jeeyaho_ott333 | update entry set name='ALKA SINGH PAHADIYA - Holi Milan Khatir Maan Tarse ',thumbnail='http://ott.planetcast.in/p/113/sp/11300/thumbnail/entry_id/0_2xidez0m/version/100022',longdescription='ALKA SINGH PAHADIYA - Holi Milan Khatir Maan Tarse ',
        duration='264',type='1',tag='bhojpuri song, dj song, lotus, alka singh',category='MUSIC>REGIONAL>BHOJPURI',categoryid='488',
        updated_at='2018-11-29 22:58:36',shortdescription='ALKA SINGH PAHADIYA ',
        director='',producer='lotus',cast='',crew='',sub_genre='',
        language='bhojpuri',pgrating='',video_status='inactive',custom_data=''
        where entryid='0_2xidez0m'
29/11/2018 23:24:25 | SUCCESS | Updtate MetaData(0_4cvqbvf6) | By-jeeyaho_ott333 | update entry set name='Faat Jaai Ho -Sunil Maurya ',thumbnail='http://ott.planetcast.in/p/113/sp/11300/thumbnail/entry_id/0_4cvqbvf6/version/100022',longdescription='Faat Jaai Ho -Sunil Maurya new latest bhojpuri song',
        duration='309',type='1',tag='bhojpuri song, dj, lotus, sunil maurya, latest bhojpuri song',category='MUSIC>REGIONAL>BHOJPURI',categoryid='488',
        updated_at='2018-11-29 23:29:38',shortdescription='Faat Jaai Ho -Sunil Maurya new latest bhojpuri song',
        director='',producer='lotus',cast='',crew='',sub_genre='',
        language='bhojpuri',pgrating='',video_status='inactive',custom_data=''
        where entryid='0_4cvqbvf6'
29/11/2018 23:25:14 | SUCCESS | Updtate MetaData(0_g17mfrnw) | By-jeeyaho_ott333 | update entry set name='Dekhata Gole Gole  SuperHit Bhojpuri Holi Song ',thumbnail='http://ott.planetcast.in/p/113/sp/11300/thumbnail/entry_id/0_g17mfrnw/version/100022',longdescription='Dekhata Gole Gole  SuperHit Bhojpuri Holi Song ',
        duration='228',type='1',tag='bhojpuri latest song, dj song, lotus, holi, dance song',category='MUSIC>REGIONAL>BHOJPURI',categoryid='488',
        updated_at='2018-11-29 23:30:26',shortdescription='Dekhata Gole Gole  SuperHit Bhojpuri Holi Song ',
        director='',producer='lotus',cast='',crew='',sub_genre='',
        language='bhojpuri',pgrating='',video_status='inactive',custom_data=''
        where entryid='0_g17mfrnw'
29/11/2018 23:25:54 | SUCCESS | Updtate MetaData(0_oi7e8fdz) | By-jeeyaho_ott333 | update entry set name='Dhananjay Sharma -Rang Bhitari ',thumbnail='http://ott.planetcast.in/p/113/sp/11300/thumbnail/entry_id/0_oi7e8fdz/version/100022',longdescription='Dhananjay Sharma -Rang Bhitari ',
        duration='312',type='1',tag='bhojpuri song, holi, dj song, lotus',category='MUSIC>REGIONAL>BHOJPURI',categoryid='488',
        updated_at='2018-11-29 23:31:07',shortdescription='Dhananjay Sharma -Rang Bhitari ',
        director='',producer='lotus',cast='',crew='',sub_genre='',
        language='bhojpuri',pgrating='',video_status='inactive',custom_data=''
        where entryid='0_oi7e8fdz'
29/11/2018 23:29:42 | SUCCESS | Updtate MetaData(0_yeh1jliz) | By-jeeyaho_ott333 | update entry set name='RATAN RAJGURU - Samhat Ke Aagi',thumbnail='http://ott.planetcast.in/p/113/sp/11300/thumbnail/entry_id/0_yeh1jliz/version/100022',longdescription='RATAN RAJGURU - Samhat Ke Aagi',
        duration='261',type='1',tag='bhojpuri latest song, dj song, lotus, music',category='MUSIC>REGIONAL>BHOJPURI',categoryid='488',
        updated_at='2018-11-29 23:34:55',shortdescription='RATAN RAJGURU - Samhat Ke Aagi',
        director='',producer='lotus',cast='',crew='',sub_genre='',
        language='bhojpuri',pgrating='',video_status='inactive',custom_data=''
        where entryid='0_yeh1jliz'
29/11/2018 23:30:15 | SUCCESS | Updtate MetaData(0_imcek66t) | By-jeeyaho_ott333 | update entry set name='Gopal Rai - Holi Khele Kunwar Kanhai ',thumbnail='http://ott.planetcast.in/p/113/sp/11300/thumbnail/entry_id/0_imcek66t/version/100022',longdescription='Gopal Rai - Holi Khele Kunwar Kanhai ',
        duration='265',type='1',tag='gopal rai, bhojpuri holi song, dj song, lotus',category='MUSIC>REGIONAL>BHOJPURI',categoryid='488',
        updated_at='2018-11-29 23:35:28',shortdescription='Gopal Rai - Holi Khele Kunwar Kanhai ',
        director='',producer='lotus',cast='',crew='',sub_genre='',
        language='bhojpuri',pgrating='',video_status='inactive',custom_data=''
        where entryid='0_imcek66t'
29/11/2018 23:30:56 | SUCCESS | Updtate MetaData(0_pz4kkbd6) | By-jeeyaho_ott333 | update entry set name='Jake Selfie Liha - Niraj Singh ',thumbnail='http://ott.planetcast.in/p/113/sp/11300/thumbnail/entry_id/0_pz4kkbd6/version/100022',longdescription='Jake Selfie Liha - Niraj Singh ',
        duration='341',type='1',tag='bhojpuri latest song, dj song, new song',category='MUSIC>REGIONAL>BHOJPURI',categoryid='488',
        updated_at='2018-11-29 23:36:09',shortdescription='Jake Selfie Liha - Niraj Singh ',
        director='',producer='lotus',cast='',crew='',sub_genre='',
        language='bhojpuri',pgrating='',video_status='inactive',custom_data=''
        where entryid='0_pz4kkbd6'
29/11/2018 23:31:38 | SUCCESS | Updtate MetaData(0_34amg8y7) | By-jeeyaho_ott333 | update entry set name='Monalisa Hot Song -Saman Abhi Seel Ba ',thumbnail='http://ott.planetcast.in/p/113/sp/11300/thumbnail/entry_id/0_34amg8y7/version/100022',longdescription='Monalisa Hot Song -Saman Abhi Seel Ba ',
        duration='194',type='1',tag='bhojpuri song, monalisa hot song, dj, lotus',category='MUSIC>REGIONAL>BHOJPURI',categoryid='488',
        updated_at='2018-11-29 23:36:50',shortdescription='Monalisa Hot Song -Saman Abhi Seel Ba ',
        director='',producer='lotus',cast='',crew='',sub_genre='',
        language='bhojpuri',pgrating='',video_status='inactive',custom_data=''
        where entryid='0_34amg8y7'
29/11/2018 23:32:10 | SUCCESS | Updtate MetaData(0_ic77uikw) | By-jeeyaho_ott333 | update entry set name='Sagar Shailesh - Rang Dehala Pichhuwar',thumbnail='http://ott.planetcast.in/p/113/sp/11300/thumbnail/entry_id/0_ic77uikw/version/100022',longdescription='Sagar Shailesh - Rang Dehala Pichhuwar',
        duration='225',type='1',tag='bhojpuri latest song, dj, music, lotus, sagar shailesh',category='MUSIC>REGIONAL>BHOJPURI',categoryid='488',
        updated_at='2018-11-29 23:37:23',shortdescription='Sagar Shailesh - Rang Dehala Pichhuwar',
        director='',producer='lotus',cast='',crew='',sub_genre='',
        language='bhojpuri',pgrating='',video_status='inactive',custom_data=''
        where entryid='0_ic77uikw'
29/11/2018 23:39:24 | SUCCESS | Updtate MetaData(0_1a0yrqaf) | By-jeeyaho_ott333 | update entry set name='Latest Dance Number HD Song',thumbnail='http://ott.planetcast.in/p/113/sp/11300/thumbnail/entry_id/0_1a0yrqaf/version/100022',longdescription='Latest Dance Number HD Song',
        duration='337',type='1',tag='bhojpuri song, dj, item number, hd song, lotus',category='MUSIC>REGIONAL>BHOJPURI',categoryid='488',
        updated_at='2018-11-29 23:44:36',shortdescription='Latest Dance Number HD Song',
        director='',producer='lotus',cast='',crew='',sub_genre='',
        language='hojpuri',pgrating='',video_status='inactive',custom_data=''
        where entryid='0_1a0yrqaf'
