29/11/2018 05:38:46 | SUCCESS | login-(Biocine) | By-Biocine_ott503 | 
29/11/2018 11:22:58 | SUCCESS | Save New video(0_04cxzf3x) | By-Biocine_ott503 | 
29/11/2018 12:03:18 | SUCCESS | Save New video(0_xjue41pa) | By-Biocine_ott503 | 
29/11/2018 12:14:25 | SUCCESS | Add New Header Content(My Uploads) | By-Biocine_ott503 | 
29/11/2018 12:14:33 | SUCCESS | Header Menu active(HeaderID:44,Status:active) | By-Biocine_ott503 | 
29/11/2018 12:16:13 | SUCCESS | Header Content priority Set | By-Biocine_ott503 | 
29/11/2018 12:17:33 | SUCCESS | Header Content priority Set | By-Biocine_ott503 | 
29/11/2018 12:21:44 | SUCCESS | Save Thumbnail(0_olbkfojh) | By-Biocine_ott503 | 
29/11/2018 12:56:44 | SUCCESS | Save New video(0_62clf92u) | By-Biocine_ott503 | 
29/11/2018 07:47:47 | SUCCESS | login-(Biocine) | By-Biocine_ott503 | 
29/11/2018 13:39:12 | SUCCESS | Save New video(0_82hq1sf3) | By-Biocine_ott503 | 
29/11/2018 13:44:52 | SUCCESS | Save New video(0_6280y8r5) | By-Biocine_ott503 | 
29/11/2018 08:19:55 | SUCCESS | login-(Biocine) | By-Biocine_ott503 | 
29/11/2018 13:59:53 | SUCCESS | Save New video(0_xrtd80uz) | By-Biocine_ott503 | 
29/11/2018 14:34:17 | SUCCESS | Save New video(0_dj4uj6rn) | By-Biocine_ott503 | 
29/11/2018 14:49:38 | SUCCESS | Save New video(0_2iv5vmrz) | By-Biocine_ott503 | 
29/11/2018 15:09:54 | SUCCESS | Save New video(0_2xmujst9) | By-Biocine_ott503 | 
29/11/2018 16:28:06 | SUCCESS | Save New video(0_ztw2arx1) | By-Biocine_ott503 | 
29/11/2018 17:25:50 | SUCCESS | Save New video(0_wwkcrzhh) | By-Biocine_ott503 | 
29/11/2018 17:29:48 | SUCCESS | Save New video(0_tvbd7gqw) | By-Biocine_ott503 | 
29/11/2018 17:50:07 | SUCCESS | Save New video(0_m06gqr15) | By-Biocine_ott503 | 
29/11/2018 18:17:20 | SUCCESS | Save New video(0_z2ftdwfs) | By-Biocine_ott503 | 
29/11/2018 13:00:38 | SUCCESS | login-(Biocine) | By-Biocine_ott503 | 
29/11/2018 18:36:47 | SUCCESS | Save New video(0_7m35n8yv) | By-Biocine_ott503 | 
29/11/2018 18:52:02 | SUCCESS | Save New video(0_rw1l86ff) | By-Biocine_ott503 | 
29/11/2018 14:00:49 | SUCCESS | login-(Biocine) | By-Biocine_ott503 | 
29/11/2018 20:21:12 | SUCCESS | Save New video(0_fw5plqnm) | By-Biocine_ott503 | 
29/11/2018 21:39:13 | SUCCESS | Save New video(0_41gxr0l6) | By-Biocine_ott503 | 
