09/12/2018 01:05:04 | SUCCESS | Updtate MetaData(0_1bow4w30) | By-Biocine_ott503 | update entry set name='UJANTALI',thumbnail='http://ott.planetcast.in/p/110/sp/11000/thumbnail/entry_id/0_1bow4w30/version/100012',longdescription='Here we present a bengali short film Ujantali about Journey of an elderly lady who came to India at an early age but still has her soul living in Bangladesh\r\nCast & Crew: Chhanda Chatterjee,\r\nProducer: Tamal Chakraborti\r\nDirector:Som\r\nWriter:Som\r\n',
        duration='1622',type='1',tag='bengali short film, ujantali, chhanda chatterjee, som, indian short film, award wining short film, jeeoguru',category='AWARDS',categoryid='536',
        updated_at='2018-12-09 01:10:24',shortdescription='',
        director='',producer='',cast='',crew='',sub_genre='Drama',
        language='Bengali',pgrating='',video_status='inactive',custom_data=''
        where entryid='0_1bow4w30'
09/12/2018 01:13:04 | SUCCESS | Save Content Partner(0_1bow4w30,) | By-Biocine_ott503 | 
09/12/2018 01:14:45 | SUCCESS | Updtate MetaData(0_amdeyhq0) | By-Biocine_ott503 | update entry set name='THE WALTZ',thumbnail='http://ott.planetcast.in/p/110/sp/11000/thumbnail/entry_id/0_amdeyhq0/version/100012',longdescription='Here we are presenting a short film \" The Waltz\"\r\nSet in modern Calcutta, The Waltz is a lyrical unfolding of two elderly lives from two opposite social strata choked in the air of hopelessness.\r\n\r\nCast:Kalyan Chatterjee, Rumki Chatterjee\r\nWritten By:Sanjiban Nath\r\nDirected By:Sanjiban Nath\r\nProduced By:Bishakh Sen\r\n',
        duration='568',type='1',tag='short film, indian short film, new short film, hit short film, best of short film, jeeoguru',category='AWARDS',categoryid='536',
        updated_at='2018-12-09 01:20:05',shortdescription='',
        director='',producer='',cast='',crew='',sub_genre='Drama',
        language='Silent ',pgrating='',video_status='inactive',custom_data=''
        where entryid='0_amdeyhq0'
09/12/2018 01:15:05 | SUCCESS | Save Content Partner(0_amdeyhq0,) | By-Biocine_ott503 | 
09/12/2018 01:18:25 | SUCCESS | Updtate MetaData(0_amdeyhq0) | By-Biocine_ott503 | update entry set name='THE WALTZ',thumbnail='http://ott.planetcast.in/p/110/sp/11000/thumbnail/entry_id/0_amdeyhq0/version/100012',longdescription='Here we are presenting a short film \" The Waltz\"\r\nSet in modern Calcutta, The Waltz is a lyrical unfolding of two elderly lives from two opposite social strata choked in the air of hopelessness.\r\n\r\nCast:Kalyan Chatterjee, Rumki Chatterjee\r\nWritten By:Sanjiban Nath\r\nDirected By:Sanjiban Nath\r\nProduced By:Bishakh Sen\r\n',
        duration='568',type='1',tag='short film, indian short film, new short film, hit short film, best of short film, jeeoguru',category='AWARDS',categoryid='536',
        updated_at='2018-12-09 01:23:45',shortdescription='',
        director='',producer='',cast='',crew='',sub_genre='Drama',
        language='Silent ',pgrating='',video_status='active',custom_data=''
        where entryid='0_amdeyhq0'
09/12/2018 01:18:48 | SUCCESS | Updtate MetaData(0_1bow4w30) | By-Biocine_ott503 | update entry set name='UJANTALI',thumbnail='http://ott.planetcast.in/p/110/sp/11000/thumbnail/entry_id/0_1bow4w30/version/100012',longdescription='Here we present a bengali short film Ujantali about Journey of an elderly lady who came to India at an early age but still has her soul living in Bangladesh\r\nCast & Crew: Chhanda Chatterjee,\r\nProducer: Tamal Chakraborti\r\nDirector:Som\r\nWriter:Som\r\n',
        duration='1622',type='1',tag='bengali short film, ujantali, chhanda chatterjee, som, indian short film, award wining short film, jeeoguru',category='AWARDS',categoryid='536',
        updated_at='2018-12-09 01:24:07',shortdescription='',
        director='',producer='',cast='',crew='',sub_genre='Drama',
        language='Bengali',pgrating='',video_status='active',custom_data=''
        where entryid='0_1bow4w30'
09/12/2018 01:49:01 | SUCCESS | Save Thumbnail(0_1bow4w30) | By-Biocine_ott503 | 
09/12/2018 01:49:37 | SUCCESS | Save Content Partner(0_1czofhok,) | By-Biocine_ott503 | 
09/12/2018 01:49:59 | SUCCESS | Updtate MetaData(0_1czofhok) | By-Biocine_ott503 | update entry set name='DASTKHAT (SIGN)',thumbnail='http://ott.planetcast.in/p/110/sp/11000/thumbnail/entry_id/0_1czofhok/version/100012',longdescription='Here we are presenting a short film DASTKHAT (SIGN)\r\nDastkhat is a story about of a small kid who wants to make his father illiterate father educated. basically our story revolves around a thought that there is no age limit to get educated and every aged man or women should be educated.\r\n\r\nCast: Dhananjay Mandgaokar, Devyanshu Marathe (sahil)\r\nWritten By: Rajesh Dhawale\r\nDirected By: Rajesh Dhawale\r\nProduced By : Khan Saheb',
        duration='360',type='1',tag='short film, indian short film, new short film, hit short film, best of short film, jeeoguru',category='AWARDS',categoryid='536',
        updated_at='2018-12-09 01:55:19',shortdescription='',
        director='',producer='',cast='',crew='',sub_genre='Drama',
        language='Hindi',pgrating='',video_status='active',custom_data=''
        where entryid='0_1czofhok'
09/12/2018 01:50:18 | SUCCESS | Save Content Partner(0_fw5plqnm,) | By-Biocine_ott503 | 
09/12/2018 01:50:29 | SUCCESS | Updtate MetaData(0_fw5plqnm) | By-Biocine_ott503 | update entry set name='Color of blinds',thumbnail='http://ott.planetcast.in/p/110/sp/11000/thumbnail/entry_id/0_fw5plqnm/version/100012',longdescription='Here we are presenting \"Color of Blinds\"\r\nA lady who becomes blind due to some disease and a man who is born blind. The story is all about how the lady explains the color to the man and how the man feels it.\r\n\r\nCast: Aparna Sengupta and Spandan Das\r\nDirected By: Debapriya Chatterjee\r\nWritten By: Debapriya Chatterjee\r\nProduced By: Astoraag Films and Entertainments\r\n',
        duration='1187',type='1',tag='short film, bengali, new, jeeoguru, best of short film, latest short film',category='AWARDS',categoryid='536',
        updated_at='2018-12-09 01:55:49',shortdescription='',
        director='',producer='',cast='',crew='',sub_genre='Drama',
        language='',pgrating='',video_status='active',custom_data=''
        where entryid='0_fw5plqnm'
09/12/2018 01:51:18 | SUCCESS | Save Content Partner(0_04cxzf3x,) | By-Biocine_ott503 | 
09/12/2018 01:51:35 | SUCCESS | Updtate MetaData(0_04cxzf3x) | By-Biocine_ott503 | update entry set name='SATYADAR COACHING',thumbnail='http://ott.planetcast.in/p/110/sp/11000/thumbnail/entry_id/0_04cxzf3x/version/100012',longdescription='Here we are presenting a comedy short film \"SATYADAR COACHING\"\r\n\r\nCast: Mir, Riddhi, Rajarshi, Krishna\r\nDirected By: Krishnendu Chatterjee\r\n',
        duration='1500',type='1',tag='short film, indian short film, new short film, hit short film, best of short film, jeeoguru',category='AWARDS',categoryid='536',
        updated_at='2018-12-09 01:56:55',shortdescription='',
        director='',producer='',cast='',crew='',sub_genre='Drama',
        language='Bengali',pgrating='',video_status='active',custom_data=''
        where entryid='0_04cxzf3x'
09/12/2018 01:53:10 | SUCCESS | Updtate MetaData(0_62clf92u) | By-Biocine_ott503 | update entry set name=' KHEER',thumbnail='http://ott.planetcast.in/p/110/sp/11000/thumbnail/entry_id/0_62clf92u/version/100012',longdescription='Here we are presenting short film  \" Kheer\" \r\nThe world is moving fast and we are being engulfed by ever increasing loneliness. But at some point in time, love-passion-hope still keeps us alive unconditionally. In this film, we just wanted to show the hope of waiting for our beloved ones as well as the joy of getting together after a long while in a very positive way. It is the belief that keeps this world alive. And this film all about the establishment of togetherness over increasing loneliness.\r\n\r\nCast: Subhas Chandra Ganguly, Rima Ganguly, Kankana Ganguly, Amit Roy, Surojit Mondal, Piku (The Dog)\r\nDirected By: Sukriti Saha\r\nWritten By: Amlan Lahiri\r\nProduced By: Avishek Saha\r\n',
        duration='295',type='1',tag='kheer, short film, jeeoguru, hit short film, new short film, indian short film, best short film',category='AWARDS',categoryid='536',
        updated_at='2018-12-09 01:58:30',shortdescription='',
        director='',producer='',cast='',crew='',sub_genre='Drama',
        language='Bengali',pgrating='',video_status='active',custom_data=''
        where entryid='0_62clf92u'
09/12/2018 01:53:19 | SUCCESS | Save Content Partner(0_62clf92u,) | By-Biocine_ott503 | 
09/12/2018 01:57:13 | SUCCESS | Updtate MetaData(0_6280y8r5) | By-Biocine_ott503 | update entry set name='FALLING AGAIN',thumbnail='http://ott.planetcast.in/p/110/sp/11000/thumbnail/entry_id/0_6280y8r5/version/100012',longdescription='Here we are presenting a short film\r\n\r\nCast:\r\nWritten By:\r\nDirected By:\r\nProduced By:\r\n\r\n',
        duration='330',type='1',tag='falling again, short film, indian short film, best short film, new short film, jeeoguru, awards',category='AWARDS',categoryid='536',
        updated_at='2018-12-09 02:02:32',shortdescription='',
        director='',producer='',cast='',crew='',sub_genre='Drama',
        language='English',pgrating='',video_status='active',custom_data=''
        where entryid='0_6280y8r5'
09/12/2018 01:57:36 | SUCCESS | Save Content Partner(0_6280y8r5,) | By-Biocine_ott503 | 
09/12/2018 01:58:11 | SUCCESS | Save Content Partner(0_04cxzf3x,) | By-Biocine_ott503 | 
09/12/2018 01:58:30 | SUCCESS | Updtate MetaData(0_xrtd80uz) | By-Biocine_ott503 | update entry set name='MR BEEJA',thumbnail='http://ott.planetcast.in/p/110/sp/11000/thumbnail/entry_id/0_xrtd80uz/version/100012',longdescription='Mr Beeja is black and white experimental comedy silent short flick, it is an tribute silent era movies of early age(1894-1929), this movie also was shoot using those principles of basic camera shots and technical aspects like editing, music, vintage costumes and location. One day story of an innocent orphan named Mr Beeja at the period of 1920, mr beeja wakes up early morning and finishes his daily morning routuine and he meets a small kid who is crying and beeja try to console the kid and gets shocks after listening the reason behind kid cry and finally kid teases mr beeja after this beeja meets a fat guy on the way and beeja makes fun of fat guy about his food and fat guy run away later he meets a british lady who is in the search of an address and he will be engaged in explaining the address, all of us sudden two goons attacks the british lady, mr beeja saves her from his special talent , lady thanks him and exchange of few words taken place between beeja and lady.',
        duration='584',type='1',tag='short film, indian short film, new short film, hit short film, best of short film, jeeoguru',category='AWARDS',categoryid='536',
        updated_at='2018-12-09 02:03:49',shortdescription='',
        director='N Vinayaka',producer='E Vinodh Kumar',cast='N Vinayaka',crew='',sub_genre='Drama',
        language='English',pgrating='',video_status='active',custom_data=''
        where entryid='0_xrtd80uz'
09/12/2018 01:58:40 | SUCCESS | Save Content Partner(0_xrtd80uz,) | By-Biocine_ott503 | 
09/12/2018 01:59:14 | SUCCESS | Updtate MetaData(0_dj4uj6rn) | By-Biocine_ott503 | update entry set name='SELF-ISSHHH',thumbnail='http://ott.planetcast.in/p/110/sp/11000/thumbnail/entry_id/0_dj4uj6rn/version/100012',longdescription='Here we are presenting a short film \" SELF-ISSHHH\"\r\nA question that always remains at the back of our mind is that are we losing our own self just to keep pace with social media creating a virtual world around us. Are we getting entangled in complexities for the sake of short lived happiness? Are we moving apart from our being just to satisfy certain momentary relationships? Isn\'t such a progress confined in all respects?\r\n\r\nCast: Gaurav Mustafi, Rajen Babu\r\nWritten By:Subham Chaudhuri\r\nDirected By:Subham Chaudhuri\r\nProduced By: Subham Chaudhuri\r\n',
        duration='1114',type='1',tag='short film, indian short film, new short film, hit short film, best of short film, jeeoguru',category='AWARDS',categoryid='536',
        updated_at='2018-12-09 02:04:33',shortdescription='',
        director='',producer='',cast='',crew='',sub_genre='Drama',
        language='Bengali',pgrating='',video_status='active',custom_data=''
        where entryid='0_dj4uj6rn'
09/12/2018 01:59:25 | SUCCESS | Save Content Partner(0_dj4uj6rn,) | By-Biocine_ott503 | 
09/12/2018 01:59:47 | SUCCESS | Updtate MetaData(0_2xmujst9) | By-Biocine_ott503 | update entry set name=' ARDHANTAR',thumbnail='http://ott.planetcast.in/p/110/sp/11000/thumbnail/entry_id/0_2xmujst9/version/100012',longdescription='Here we are presenting a short film \" ARDHANTAR\"\r\nShort film is realated to farmers suicide focusiong onn motivational facts and to attain positive attitude towards life.\r\n\r\nCast:Vijay Joshi, Prasanna gujjalwar, Bimod Mudhane \r\nWritten By: Dhanashri tekade\r\nDirected By: Niraj Jawake\r\nProduced By: Chetan Chaudhari\r\n\r\n',
        duration='975',type='1',tag='short film, indian short film, new short film, hit short film, best of short film, jeeoguru, ardhantar',category='AWARDS',categoryid='536',
        updated_at='2018-12-09 02:05:07',shortdescription='',
        director='Niraj Jawake',producer='',cast='',crew='',sub_genre='Drama',
        language='Marathi',pgrating='',video_status='active',custom_data=''
        where entryid='0_2xmujst9'
09/12/2018 02:00:00 | SUCCESS | Save Content Partner(0_2xmujst9,) | By-Biocine_ott503 | 
09/12/2018 02:42:51 | SUCCESS | Updtate MetaData(0_ztw2arx1) | By-Biocine_ott503 | update entry set name='The Chase',thumbnail='http://ott.planetcast.in/p/110/sp/11000/thumbnail/entry_id/0_ztw2arx1/version/100012',longdescription='Here we are presenting a short film \" The Chase\"\r\na platform a girl a boy rest is a big twist\r\n\r\nCast: Sounak Ray , Debopriya Chakraborty, Ayan Acharjee\r\nWritten By: Indranil Banerjee\r\nDirected By: ndranil Banerjee & Ayan Acharjee\r\nProduced By: unity pictures\r\n\r\n',
        duration='355',type='1',tag='short film, indian short film, new short film, hit short film, best of short film, jeeoguru',category='AWARDS',categoryid='536',
        updated_at='2018-12-09 02:48:11',shortdescription='',
        director='',producer='',cast='',crew='',sub_genre='Drama',
        language='Silent',pgrating='',video_status='active',custom_data=''
        where entryid='0_ztw2arx1'
09/12/2018 02:43:00 | SUCCESS | Save Content Partner(0_ztw2arx1,) | By-Biocine_ott503 | 
09/12/2018 02:43:49 | SUCCESS | Updtate MetaData(0_ztw2arx1) | By-Biocine_ott503 | update entry set name='The Chase',thumbnail='http://ott.planetcast.in/p/110/sp/11000/thumbnail/entry_id/0_ztw2arx1/version/100012',longdescription='Here we are presenting a short film \" The Chase\"\r\na platform a girl a boy rest is a big twist\r\n\r\nCast: Sounak Ray , Debopriya Chakraborty, Ayan Acharjee\r\nWritten By: Indranil Banerjee\r\nDirected By: ndranil Banerjee & Ayan Acharjee\r\nProduced By: unity pictures\r\n\r\n',
        duration='355',type='1',tag='short film, indian short film, new short film, hit short film, best of short film, jeeoguru',category='AWARDS',categoryid='536',
        updated_at='2018-12-09 02:49:08',shortdescription='',
        director='',producer='',cast='',crew='',sub_genre='Drama',
        language='Silent',pgrating='',video_status='active',custom_data=''
        where entryid='0_ztw2arx1'
09/12/2018 02:44:09 | SUCCESS | Updtate MetaData(0_tvbd7gqw) | By-Biocine_ott503 | update entry set name=' ISHARA',thumbnail='http://ott.planetcast.in/p/110/sp/11000/thumbnail/entry_id/0_tvbd7gqw/version/100012',longdescription='Here we are presenting a short film Ishara\r\nA young news paper vendor fall into love with a girl whose family has taken a rented house in his locality very shortly. They started talking to each other through SMS. After a few days they Decide to meet. When they meet they feel that they are the perfect match for each other as both of them are dumb.\r\n\r\nCast: Partha Pratim Sarkar\r\nWritten By: Soumya Chatterjee\r\nDirected By:  Soumya Chatterjee\r\nProduced By Soumya Chatterjee',
        duration='600',type='1',tag='short film, indian short film, new short film, hit short film, best of short film, jeeoguru',category='AWARDS',categoryid='536',
        updated_at='2018-12-09 02:49:29',shortdescription='',
        director='',producer='',cast='',crew='',sub_genre='Drama',
        language='Bengali',pgrating='',video_status='active',custom_data=''
        where entryid='0_tvbd7gqw'
09/12/2018 02:44:19 | SUCCESS | Save Content Partner(0_tvbd7gqw,) | By-Biocine_ott503 | 
09/12/2018 02:44:38 | SUCCESS | Updtate MetaData(0_7m35n8yv) | By-Biocine_ott503 | update entry set name='THE WAITING',thumbnail='http://ott.planetcast.in/p/110/sp/11000/thumbnail/entry_id/0_7m35n8yv/version/100012',longdescription='Here we are presenting a short film \" The Waiting\'\r\nA lonely old man’s fervent wish is to see his little grand daughter who is living in a foreign country. After waiting for many days, he gets to know that his daughter and grand daughter is likely to visit him. But when the news arrives, his health has deteriorated. Did he meet his grand daughter? Has his waiting been answered?\r\n\r\n\r\nCast:Krishnasamy Seshadri\r\nWritten By: Sabarivasan Shanmugam\r\nDirected By: Sabarivasan Shanmugam\r\nProduced By: Arunchandar Madhimohan, Sabarivasan Shanmugam\r\n',
        duration='1406',type='1',tag='short film, indian short film, new short film, hit short film, best of short film, jeeoguru',category='AWARDS',categoryid='536',
        updated_at='2018-12-09 02:49:58',shortdescription='',
        director='',producer='',cast='',crew='',sub_genre='Drama',
        language='Tamil',pgrating='',video_status='active',custom_data=''
        where entryid='0_7m35n8yv'
09/12/2018 02:44:48 | SUCCESS | Save Content Partner(0_7m35n8yv,) | By-Biocine_ott503 | 
09/12/2018 02:45:24 | SUCCESS | Updtate MetaData(0_xy7pgo6s) | By-Biocine_ott503 | update entry set name='STATUS | Bengali Short Film',thumbnail='http://ott.planetcast.in/p/110/sp/11000/thumbnail/entry_id/0_xy7pgo6s/version/100012',longdescription='Here we presenting a new short film trailer STATUS.. Cast By Arunava Dutta, Manali, Titly Aich, Tapas Basu, Pradyut, Uday..Present By Harit Ratna..Produce By Drishti & Biocine Media Entertainment Pvt. Ltd..Story & Directed By Biswajit Pal \r\n-----------------------------------------\r\nFilm: Status\r\nCast: Arunava Dutta,Manali,Titly Aich,Tapas Basu,Pradyut,Uday\r\nDOP: Asish Halder\r\nEdit: Souvik Singha Roy \r\nColorist: Rajat Shuvra Chakraborty(T S M) \r\nScript: Mrityunjoy\r\nSound Designer: Sanjiv Routh Sarkar \r\nChief Assistant Director: Utpal Pal \r\nV F X: Techno Speciality Media Pvt.Ltd\r\nExecutive Producer: Satarupa Majumder\r\nPresent By: Harit Ratna\r\nProduce By: Drishti & \r\nBiocine Media Entertainment Pvt. Ltd\r\nStory & Directed By: Biswajit Pal',
        duration='1236',type='1',tag='status, bengali short film, indian short film, best indian short film, movie, hit short film, jeeoguru',category='ORIGINALS>SHORT FILMS',categoryid='297',
        updated_at='2018-12-09 02:50:44',shortdescription='',
        director='',producer='',cast='',crew='',sub_genre='Drama',
        language='Bengali',pgrating='',video_status='active',custom_data=''
        where entryid='0_xy7pgo6s'
09/12/2018 02:45:33 | SUCCESS | Save Content Partner(0_xy7pgo6s,) | By-Biocine_ott503 | 
09/12/2018 02:57:05 | SUCCESS | Updtate MetaData(0_1h3pdjlh) | By-Biocine_ott503 | update entry set name='DEVDAS 2.5 | TRAILER',thumbnail='http://ott.planetcast.in/p/110/sp/11000/thumbnail/entry_id/0_1h3pdjlh/version/100012',longdescription='Here we present trailer of  Short Film Devdas 2.5 .A quirky adaptation of Sharat Chandra Chattopadhyay\'s evergreen classic. The flick mainly deals with the story of DEV and PARO being trapped in todays materialistic world and how their lives get affected with modern day vices.\r\nFilm: DEV DAS 2.5\r\nCast:Soupayan Jana, Sreyashi Ghosh,Siddhartha Banerjee\r\nArundhati Mukherjee, Tia\r\nDOP: Amlan Saha\r\nEdit: Anirban Maity\r\nProduction Design: Sugriv Gayen\r\nColorist: Smriti \r\nGraphics: Ram krishna \r\nHair: Pratima\r\nMake Up: Tapan\r\nAsst. Editor & Sound Engineer: Milan Duary \r\nAsst. DOP: Debasis\r\nLight: Debesh\r\nCamera Caretker: Debesh\r\nProduction Controller: Ranjit Panji\r\nProduction Manager: Bapi Kanjilal\r\nProduction Asst: Swapan\r\nAssociate Director: Bratin Burman\r\nExecutive Producer: Satarupa Majumder\r\nCreative Director: Sabyasachi Mandal\r\nIn Association with : Telecine\r\nProducer: Drishti & Biocine Media Entertainment Pvt. Ltd\r\nStory, Screenplay & Direction: Joydip Banerjee',
        duration='89',type='1',tag='short film, devdas, devdas 2.5, trailer, best short film, indian short film, award winning short film, jeeguru',category='ORIGINALS>SHORT FILMS',categoryid='297',
        updated_at='2018-12-09 03:02:25',shortdescription='',
        director='',producer='',cast='',crew='',sub_genre='Drama',
        language='Bengali',pgrating='',video_status='active',custom_data=''
        where entryid='0_1h3pdjlh'
09/12/2018 02:57:25 | SUCCESS | Updtate MetaData(0_m3egpds5) | By-Biocine_ott503 | update entry set name='DEVDAS 2.5 Full Movie',thumbnail='http://ott.planetcast.in/p/110/sp/11000/thumbnail/entry_id/0_m3egpds5/version/100012',longdescription='Here we present Short Film Devdas 2.5 .A quirky adaptation of Sharat Chandra Chattopadhyay\'s evergreen classic. The flick mainly deals with the story of DEV and PARO being trapped in todays materialistic world and how their lives get affected with modern day vices.\r\nFilm: DEV DAS 2.5\r\nCast:Soupayan Jana, Sreyashi Ghosh,Siddhartha Banerjee\r\nArundhati Mukherjee, Tia\r\nDOP: Amlan Saha\r\nEdit: Anirban Maity\r\nProduction Design: Sugriv Gayen\r\nColorist: Smriti \r\nGraphics: Ram krishna \r\nHair: Pratima\r\nMake Up: Tapan\r\nAsst. Editor & Sound Engineer: Milan Duary \r\nAsst. DOP: Debasis\r\nLight: Debesh\r\nCamera Caretker: Debesh\r\nProduction Controller: Ranjit Panji\r\nProduction Manager: Bapi Kanjilal\r\nProduction Asst: Swapan\r\nAssociate Director: Bratin Burman\r\nExecutive Producer: Satarupa Majumder\r\nCreative Director: Sabyasachi Mandal\r\nIn Association with : Telecine\r\nProducer: Drishti & Biocine Media Entertainment Pvt. Ltd\r\nStory, Screenplay & Direction: Joydip Banerjee',
        duration='1040',type='1',tag='short film, bengali, indian short film, best short film, award winning short film, jeeoguru, devdas 2.5',category='ORIGINALS>SHORT FILMS',categoryid='297',
        updated_at='2018-12-09 03:02:45',shortdescription='',
        director='',producer='',cast='',crew='',sub_genre='DRAMA',
        language='BENGALI',pgrating='',video_status='active',custom_data=''
        where entryid='0_m3egpds5'
09/12/2018 03:07:42 | SUCCESS | Save Content Partner(0_m3egpds5,) | By-Biocine_ott503 | 
09/12/2018 03:08:44 | SUCCESS | Updtate MetaData(0_llyb57sq) | By-Biocine_ott503 | update entry set name='PAPI | TRAILER',thumbnail='http://ott.planetcast.in/p/110/sp/11000/thumbnail/entry_id/0_llyb57sq/version/100012',longdescription='Here we are present a bengali short film trailer \"PAPI\"\r\n--------------------------\r\n\r\nFilm\r\nPaapi\r\n\r\nCast\r\nJit\r\nEmon\r\nMoon\r\nSupriyo\r\nSunny\r\nMichael\r\n\r\nStory & Script\r\nMayukh Chatterjee\r\nAishik\r\n&\r\nPradip\r\n\r\nD.O.P\r\nRipon Hossain\r\nChayan Karmakar\r\n\r\nEditor\r\nGourab Dutta\r\n\r\nColor & Mix\r\nGourab Dutta\r\n\r\nDubbing & Foley \r\nPromix\r\n\r\nAssistant Director\r\nPradip\r\n&\r\nAishik\r\n\r\nProduced By\r\nRetro Films\r\n\r\nPresent By\r\nPurple Theatre\r\n\r\nDirected By\r\nGourab Dutta',
        duration='59',type='1',tag='papi, short film, bengali short film, indian short film, jeeoguru, gourab dutta, jiit',category='BAZAAR',categoryid='313',
        updated_at='2018-12-09 03:14:04',shortdescription='',
        director='',producer='',cast='',crew='',sub_genre='Drama',
        language='Bengali',pgrating='',video_status='inactive',custom_data=''
        where entryid='0_llyb57sq'
09/12/2018 00:03:47 | SUCCESS | login-(Biocine) | By-Biocine_ott503 | 
09/12/2018 08:08:18 | SUCCESS | Updtate MetaData(0_1u822ei4) | By-Biocine_ott503 | update entry set name='SAWARA',thumbnail='http://ott.planetcast.in/p/110/sp/11000/thumbnail/entry_id/0_1u822ei4/version/100032',longdescription='Columbaas Digiplex presenting ‘SHOCK STUDIO powered by Jeeo Guru, Music Label Partner B Music, the song \"SAWARA\" sung by Shameek Kundy only on Jeeo Guru Apps.\r\n\r\nSong: Sawara\r\nSingers: Shameek Kundu\r\nBack Vocals: A.Rony, & Eidip, Ankita, Satwika, Arundhuti\r\nType: Meera Bhajan Song\r\nRaag: Based on Raga Maand\r\nLyrics: Meera Bhajan\r\nMusic: Pinaki Bose\r\nProduced By: Sukanya Gupta & Sanchita Ganguly\r\nDirected By: Jiit Chakraborty & Sabyasachi Mandal\r\nDOP:Amit \r\nConcept & Creative Producer: Rakes Gupta & Soumyajit Ganguly\r\nExecutive Producer: Rupak Majumder\r\nEditor: Narayan Rana\r\nDI & CC: Smriti\r\nProduction Controller: Kousick Mondal & Ranjit Panji \r\nProduction Manager :Indranath Sarkar\r\n\r\nAdditional Music Credits:\r\nBase Guiter: Rahul\r\nDrums: Agniv\r\nGuiter: Sumit\r\nPercussion Tabla: Swarthak\r\nSarengi: Kamlesh Mishra\r\nFlute: Suvankar\r\nKeys: Sudeshna\r\nPiano: Pinaki Bose\r\nMusic Instruments Partner : Music Kafe\r\n\r\n© 2018 BY COLUMBAAS DIGIPLEX',
        duration='315',type='1',tag='sawara, bhajan song, shock studio, hindi song, jeeoguru, classical music, indian music, fusion music',category='MUSIC>ORIGINAL>SHOCK STUDIO',categoryid='310',
        updated_at='2018-12-09 08:13:38',shortdescription='',
        director='',producer='',cast='',crew='',sub_genre='MUSIC',
        language='HINDI',pgrating='',video_status='active',custom_data=''
        where entryid='0_1u822ei4'
09/12/2018 08:08:29 | SUCCESS | Save Content Partner(0_1u822ei4,) | By-Biocine_ott503 | 
09/12/2018 08:09:21 | SUCCESS | Updtate MetaData(0_v054ov82) | By-Biocine_ott503 | update entry set name='DARIYE ACHO',thumbnail='http://ott.planetcast.in/p/110/sp/11000/thumbnail/entry_id/0_v054ov82/version/100032',longdescription='Columbaas Digiplex presenting ‘SHOCK STUDIO powered by Jeeo Guru, Music Label Partner B Music, a fusion of \"Dariye Acho/Main Bari Bari\" sung by Ashmani Kundu & Deepabali Dutta only on Jeeo Guru Apps.\r\n\r\nSong: Dariye Acho/Main Bari Bari\r\nSingers: Ashmani Kundu & Deepabali Dutta\r\nType: Traditional Bandish & Tagore Song\r\nRag: Yaman\r\nMusic: Pinaki Bose\r\nProduced By: Sukanya Gupta & Sanchita Ganguly\r\nDirected By: Jiit Chakraborty & Sabyasachi Mandal\r\nDOP:Amit \r\nConcept & Creative Producer: Rakes Gupta & Soumyajit Ganguly\r\nExecutive Producer: Rupak Majumder\r\nEditor: Narayan Rana\r\nDI & CC: Smriti\r\nProduction Controller: Kousick Mondal & Ranjit Panji \r\nProduction Manager :Indranath Sarkar\r\n\r\nAdditional Music Credits:\r\nGuiter: Tirthankar\r\nBase Guiter: Rahul\r\nDrums: Agniv\r\nPercussion Tabla: Swarthak\r\nSarengi: Kamlesh Mishra\r\nFlute: Suvankar\r\nKeys: Sudeshna & Shameek\r\nPiano: Pinaki Bose\r\nMusic Instruments Partner : Music Kafe\r\n\r\n© 2018 BY COLUMBAAS DIGIPLEX',
        duration='355',type='1',tag='shock studio, dariye acho, rabindra sangeet, fusion song, jeeo, guru, tagore sang, classical music',category='MUSIC>ORIGINAL>SHOCK STUDIO',categoryid='310',
        updated_at='2018-12-09 08:14:41',shortdescription='',
        director='',producer='',cast='',crew='',sub_genre='Music',
        language='Bengali | Hindi',pgrating='',video_status='active',custom_data=''
        where entryid='0_v054ov82'
09/12/2018 08:09:30 | SUCCESS | Save Content Partner(0_v054ov82,) | By-Biocine_ott503 | 
09/12/2018 02:43:32 | SUCCESS | login-(Biocine) | By-Biocine_ott503 | 
09/12/2018 08:17:52 | SUCCESS | Delete Video entry(0_tl3067n1) | By-Biocine_ott503 | 
09/12/2018 08:20:13 | SUCCESS | Save New video(0_29s6e7jy) | By-Biocine_ott503 | 
09/12/2018 08:20:16 | SUCCESS | Updtate MetaData(0_llyb57sq) | By-Biocine_ott503 | update entry set name='PAPI | TRAILER',thumbnail='http://ott.planetcast.in/p/110/sp/11000/thumbnail/entry_id/0_llyb57sq/version/100012',longdescription='Here we are present a bengali short film trailer \"PAPI\"\r\n--------------------------\r\n\r\nFilm\r\nPaapi\r\n\r\nCast\r\nJit\r\nEmon\r\nMoon\r\nSupriyo\r\nSunny\r\nMichael\r\n\r\nStory & Script\r\nMayukh Chatterjee\r\nAishik\r\n&\r\nPradip\r\n\r\nD.O.P\r\nRipon Hossain\r\nChayan Karmakar\r\n\r\nEditor\r\nGourab Dutta\r\n\r\nColor & Mix\r\nGourab Dutta\r\n\r\nDubbing & Foley \r\nPromix\r\n\r\nAssistant Director\r\nPradip\r\n&\r\nAishik\r\n\r\nProduced By\r\nRetro Films\r\n\r\nPresent By\r\nPurple Theatre\r\n\r\nDirected By\r\nGourab Dutta',
        duration='59',type='1',tag='papi, short film, bengali short film, indian short film, jeeoguru, gourab dutta, jiit',category='BAZAAR',categoryid='313',
        updated_at='2018-12-09 08:25:36',shortdescription='',
        director='',producer='',cast='',crew='',sub_genre='Drama',
        language='Bengali',pgrating='',video_status='inactive',custom_data=''
        where entryid='0_llyb57sq'
09/12/2018 08:21:53 | SUCCESS | Save New video(0_65xyq37h) | By-Biocine_ott503 | 
09/12/2018 08:22:25 | SUCCESS | Updtate MetaData(0_29s6e7jy) | By-Biocine_ott503 | update entry set name='PAPI | TRAILER',thumbnail='http://ott.planetcast.in/p/110/sp/11000/thumbnail/entry_id/0_29s6e7jy/version/100022',longdescription='Here we are present a bengali short film trailer \"PAPI\"\r\n--------------------------\r\n\r\nFilm\r\nPaapi\r\n\r\nCast\r\nJit\r\nEmon\r\nMoon\r\nSupriyo\r\nSunny\r\nMichael\r\n\r\nStory & Script\r\nMayukh Chatterjee\r\nAishik\r\n&\r\nPradip\r\n\r\nD.O.P\r\nRipon Hossain\r\nChayan Karmakar\r\n\r\nEditor\r\nGourab Dutta\r\n\r\nColor & Mix\r\nGourab Dutta\r\n\r\nDubbing & Foley \r\nPromix\r\n\r\nAssistant Director\r\nPradip\r\n&\r\nAishik\r\n\r\nProduced By\r\nRetro Films\r\n\r\nPresent By\r\nPurple Theatre\r\n\r\nDirected By\r\nGourab Dutta',
        duration='56',type='1',tag='papi, short film, bengali, gourab dutta, jeeoguru',category='BAZAAR',categoryid='313',
        updated_at='2018-12-09 08:27:45',shortdescription='',
        director='',producer='',cast='',crew='',sub_genre='Drama',
        language='Bengali',pgrating='',video_status='inactive',custom_data=''
        where entryid='0_29s6e7jy'
09/12/2018 08:22:51 | SUCCESS | Save Thumbnail(0_29s6e7jy) | By-Biocine_ott503 | 
09/12/2018 08:23:09 | SUCCESS | Delete Video entry(0_llyb57sq) | By-Biocine_ott503 | 
09/12/2018 08:23:18 | SUCCESS | Updtate MetaData(0_29s6e7jy) | By-Biocine_ott503 | update entry set name='PAPI | TRAILER',thumbnail='http://ott.planetcast.in/p/110/sp/11000/thumbnail/entry_id/0_29s6e7jy/version/100032',longdescription='Here we are present a bengali short film trailer \"PAPI\"\r\n--------------------------\r\n\r\nFilm\r\nPaapi\r\n\r\nCast\r\nJit\r\nEmon\r\nMoon\r\nSupriyo\r\nSunny\r\nMichael\r\n\r\nStory & Script\r\nMayukh Chatterjee\r\nAishik\r\n&\r\nPradip\r\n\r\nD.O.P\r\nRipon Hossain\r\nChayan Karmakar\r\n\r\nEditor\r\nGourab Dutta\r\n\r\nColor & Mix\r\nGourab Dutta\r\n\r\nDubbing & Foley \r\nPromix\r\n\r\nAssistant Director\r\nPradip\r\n&\r\nAishik\r\n\r\nProduced By\r\nRetro Films\r\n\r\nPresent By\r\nPurple Theatre\r\n\r\nDirected By\r\nGourab Dutta',
        duration='56',type='1',tag='papi, short film, bengali, gourab dutta, jeeoguru',category='BAZAAR',categoryid='313',
        updated_at='2018-12-09 08:28:38',shortdescription='',
        director='',producer='',cast='',crew='',sub_genre='Drama',
        language='Bengali',pgrating='',video_status='active',custom_data=''
        where entryid='0_29s6e7jy'
09/12/2018 08:24:45 | SUCCESS | Updtate MetaData(0_4qai3uug) | By-Biocine_ott503 | update entry set name='Passion Promo',thumbnail='http://ott.planetcast.in/p/110/sp/11000/thumbnail/entry_id/0_4qai3uug/version/100032',longdescription='Watch Passion Promo video',
        duration='157',type='1',tag='passion, promo',category='ORIGINALS>SHORT FILMS',categoryid='297',
        updated_at='2018-12-09 08:30:05',shortdescription='',
        director='',producer='',cast='',crew='',sub_genre='',
        language='',pgrating='',video_status='inactive',custom_data=''
        where entryid='0_4qai3uug'
09/12/2018 08:24:52 | SUCCESS | Delete Video entry(0_4qai3uug) | By-Biocine_ott503 | 
09/12/2018 08:25:55 | SUCCESS | Updtate MetaData(0_xid2xyje) | By-Biocine_ott503 | update entry set name='PASSION | TRAILER',thumbnail='http://ott.planetcast.in/p/110/sp/11000/thumbnail/entry_id/0_xid2xyje/version/100012',longdescription='Here we present New Bengali Short Film \"Passion\"..Featuring with Nigel, Arita, Diyatri, Atanu and others..Produce By Cinetube Digital..Concept & Direction by Ani Ray..\r\n----------------------------------------------------------\r\nFilm: Passion (প্যাশন)\r\nFeaturing: Nigel Akkara, Arita Pal, Diyatri, Atanu Banerjee and others\r\nScript & Dialogue - Pavel Midya\r\nD.O.P- Goutam Das\r\nEdit & Sound Design : Milan\r\nChief Asst. Director: Bibhas Bera\r\nGraphics: Ramkrishna\r\nColorist: Smriti\r\nCreative Director: Sabyasachi Mandal\r\nProduce By: Cinetube Digital\r\nConcept & Direction : Ani Ray',
        duration='130',type='1',tag='passion, short film, benhali, jeeoguru, nigel, indian short film, bengali short film',category='ORIGINALS>SHORT FILMS',categoryid='297',
        updated_at='2018-12-09 08:31:15',shortdescription='',
        director='',producer='',cast='',crew='',sub_genre='Drama',
        language='Bengali',pgrating='',video_status='active',custom_data=''
        where entryid='0_xid2xyje'
09/12/2018 08:26:12 | SUCCESS | Save Content Partner(0_xid2xyje,) | By-Biocine_ott503 | 
09/12/2018 09:17:29 | SUCCESS | Save Thumbnail(0_65xyq37h) | By-Biocine_ott503 | 
09/12/2018 09:17:42 | SUCCESS | Updtate MetaData(0_uure7wap) | By-Biocine_ott503 | update entry set name='PASSION ',thumbnail='http://ott.planetcast.in/p/110/sp/11000/thumbnail/entry_id/0_uure7wap/version/100032',longdescription='Here we present New Bengali Short Film \"Passion\"..Featuring with Nigel, Arita, Diyatri, Atanu and others..Produce By Cinetube Digital..Concept & Direction by Ani Ray..\r\n----------------------------------------------------------\r\nFilm: Passion (প্যাশন)\r\nFeaturing: Nigel Akkara, Arita Pal, Diyatri, Atanu Banerjee and others\r\nScript & Dialogue - Pavel Midya\r\nD.O.P- Goutam Das\r\nEdit & Sound Design : Milan\r\nChief Asst. Director: Bibhas Bera\r\nGraphics: Ramkrishna\r\nColorist: Smriti\r\nCreative Director: Sabyasachi Mandal\r\nProduce By: Cinetube Digital\r\nConcept & Direction : Ani Ray',
        duration='2479',type='1',tag='passion, short film, bengali, new short film, nigel, jeeoguru, best short film, hir short film, hot short film',category='ORIGINALS>SHORT FILMS',categoryid='297',
        updated_at='2018-12-09 09:23:02',shortdescription='',
        director='',producer='',cast='',crew='',sub_genre='Drama',
        language='Bengali',pgrating='',video_status='inactive',custom_data=''
        where entryid='0_uure7wap'
09/12/2018 09:17:56 | SUCCESS | Delete Video entry(0_uure7wap) | By-Biocine_ott503 | 
09/12/2018 09:18:59 | SUCCESS | Updtate MetaData(0_65xyq37h) | By-Biocine_ott503 | update entry set name='PASSION ',thumbnail='http://ott.planetcast.in/p/110/sp/11000/thumbnail/entry_id/0_65xyq37h/version/100012',longdescription='Here we present New Bengali Short Film \"Passion\"..Featuring with Nigel, Arita, Diyatri, Atanu and others..Produce By Cinetube Digital..Concept & Direction by Ani Ray..\r\n----------------------------------------------------------\r\nFilm: Passion (প্যাশন)\r\nFeaturing: Nigel Akkara, Arita Pal, Diyatri, Atanu Banerjee and others\r\nScript & Dialogue - Pavel Midya\r\nD.O.P- Goutam Das\r\nEdit & Sound Design : Milan\r\nChief Asst. Director: Bibhas Bera\r\nGraphics: Ramkrishna\r\nColorist: Smriti\r\nCreative Director: Sabyasachi Mandal\r\nProduce By: Cinetube Digital\r\nConcept & Direction : Ani Ray',
        duration='2460',type='1',tag='passion, short film, bengali, indian short film, best short film, award winning, new short film, romantic, short stories',category='ORIGINALS>SHORT FILMS',categoryid='297',
        updated_at='2018-12-09 09:24:19',shortdescription='',
        director='',producer='',cast='',crew='',sub_genre='Drama',
        language='Bengali',pgrating='',video_status='inactive',custom_data=''
        where entryid='0_65xyq37h'
09/12/2018 09:19:09 | SUCCESS | Save Content Partner(0_65xyq37h,) | By-Biocine_ott503 | 
09/12/2018 09:39:58 | SUCCESS | login-(Biocine) | By-Biocine_ott503 | 
09/12/2018 10:05:15 | SUCCESS | login-(Biocine) | By-Biocine_ott503 | 
09/12/2018 11:46:48 | SUCCESS | login-(Biocine) | By-Biocine_ott503 | 
09/12/2018 16:31:21 | SUCCESS | login-(Biocine) | By-Biocine_ott503 | 
